[2023-05-12T13:59:35.576+0000] {processor.py:156} INFO - Started process (PID=44) to work on /home/airflow/.local/lib/python3.7/site-packages/airflow/example_dags/example_skip_dag.py
[2023-05-12T13:59:35.576+0000] {processor.py:799} INFO - Processing file /home/airflow/.local/lib/python3.7/site-packages/airflow/example_dags/example_skip_dag.py for tasks to queue
[2023-05-12T13:59:35.577+0000] {logging_mixin.py:149} INFO - [2023-05-12T13:59:35.577+0000] {dagbag.py:541} INFO - Filling up the DagBag from /home/airflow/.local/lib/python3.7/site-packages/airflow/example_dags/example_skip_dag.py
[2023-05-12T13:59:35.586+0000] {processor.py:809} INFO - DAG(s) dict_keys(['example_skip_dag']) retrieved from /home/airflow/.local/lib/python3.7/site-packages/airflow/example_dags/example_skip_dag.py
[2023-05-12T13:59:35.600+0000] {logging_mixin.py:149} INFO - [2023-05-12T13:59:35.599+0000] {dag.py:2726} INFO - Sync 1 DAGs
[2023-05-12T13:59:35.626+0000] {logging_mixin.py:149} INFO - [2023-05-12T13:59:35.626+0000] {dag.py:3490} INFO - Setting next_dagrun for example_skip_dag to 2023-05-11T13:59:35.626215+00:00, run_after=2023-05-12T13:59:35.626215+00:00
[2023-05-12T13:59:35.652+0000] {processor.py:178} INFO - Processing /home/airflow/.local/lib/python3.7/site-packages/airflow/example_dags/example_skip_dag.py took 0.079 seconds
[2023-05-12T14:00:41.628+0000] {processor.py:156} INFO - Started process (PID=44) to work on /home/airflow/.local/lib/python3.7/site-packages/airflow/example_dags/example_skip_dag.py
[2023-05-12T14:00:41.629+0000] {processor.py:799} INFO - Processing file /home/airflow/.local/lib/python3.7/site-packages/airflow/example_dags/example_skip_dag.py for tasks to queue
[2023-05-12T14:00:41.630+0000] {logging_mixin.py:149} INFO - [2023-05-12T14:00:41.630+0000] {dagbag.py:541} INFO - Filling up the DagBag from /home/airflow/.local/lib/python3.7/site-packages/airflow/example_dags/example_skip_dag.py
[2023-05-12T14:00:41.640+0000] {processor.py:809} INFO - DAG(s) dict_keys(['example_skip_dag']) retrieved from /home/airflow/.local/lib/python3.7/site-packages/airflow/example_dags/example_skip_dag.py
[2023-05-12T14:00:41.652+0000] {logging_mixin.py:149} INFO - [2023-05-12T14:00:41.652+0000] {dag.py:2726} INFO - Sync 1 DAGs
[2023-05-12T14:00:41.680+0000] {logging_mixin.py:149} INFO - [2023-05-12T14:00:41.680+0000] {dag.py:3490} INFO - Setting next_dagrun for example_skip_dag to 2023-05-11T14:00:41.679844+00:00, run_after=2023-05-12T14:00:41.679844+00:00
[2023-05-12T14:00:41.699+0000] {processor.py:178} INFO - Processing /home/airflow/.local/lib/python3.7/site-packages/airflow/example_dags/example_skip_dag.py took 0.074 seconds
[2023-05-12T14:01:11.779+0000] {processor.py:156} INFO - Started process (PID=103) to work on /home/airflow/.local/lib/python3.7/site-packages/airflow/example_dags/example_skip_dag.py
[2023-05-12T14:01:11.780+0000] {processor.py:799} INFO - Processing file /home/airflow/.local/lib/python3.7/site-packages/airflow/example_dags/example_skip_dag.py for tasks to queue
[2023-05-12T14:01:11.780+0000] {logging_mixin.py:149} INFO - [2023-05-12T14:01:11.780+0000] {dagbag.py:541} INFO - Filling up the DagBag from /home/airflow/.local/lib/python3.7/site-packages/airflow/example_dags/example_skip_dag.py
[2023-05-12T14:01:11.788+0000] {processor.py:809} INFO - DAG(s) dict_keys(['example_skip_dag']) retrieved from /home/airflow/.local/lib/python3.7/site-packages/airflow/example_dags/example_skip_dag.py
[2023-05-12T14:01:11.815+0000] {logging_mixin.py:149} INFO - [2023-05-12T14:01:11.815+0000] {dag.py:2726} INFO - Sync 1 DAGs
[2023-05-12T14:01:11.844+0000] {logging_mixin.py:149} INFO - [2023-05-12T14:01:11.844+0000] {dag.py:3490} INFO - Setting next_dagrun for example_skip_dag to 2023-05-11T14:01:11.843874+00:00, run_after=2023-05-12T14:01:11.843874+00:00
[2023-05-12T14:01:11.864+0000] {processor.py:178} INFO - Processing /home/airflow/.local/lib/python3.7/site-packages/airflow/example_dags/example_skip_dag.py took 0.088 seconds
[2023-05-12T14:01:42.535+0000] {processor.py:156} INFO - Started process (PID=163) to work on /home/airflow/.local/lib/python3.7/site-packages/airflow/example_dags/example_skip_dag.py
[2023-05-12T14:01:42.536+0000] {processor.py:799} INFO - Processing file /home/airflow/.local/lib/python3.7/site-packages/airflow/example_dags/example_skip_dag.py for tasks to queue
[2023-05-12T14:01:42.537+0000] {logging_mixin.py:149} INFO - [2023-05-12T14:01:42.537+0000] {dagbag.py:541} INFO - Filling up the DagBag from /home/airflow/.local/lib/python3.7/site-packages/airflow/example_dags/example_skip_dag.py
[2023-05-12T14:01:42.543+0000] {processor.py:809} INFO - DAG(s) dict_keys(['example_skip_dag']) retrieved from /home/airflow/.local/lib/python3.7/site-packages/airflow/example_dags/example_skip_dag.py
[2023-05-12T14:01:42.566+0000] {logging_mixin.py:149} INFO - [2023-05-12T14:01:42.565+0000] {dag.py:2726} INFO - Sync 1 DAGs
[2023-05-12T14:01:42.591+0000] {logging_mixin.py:149} INFO - [2023-05-12T14:01:42.591+0000] {dag.py:3490} INFO - Setting next_dagrun for example_skip_dag to 2023-05-11T14:01:42.591162+00:00, run_after=2023-05-12T14:01:42.591162+00:00
[2023-05-12T14:01:42.611+0000] {processor.py:178} INFO - Processing /home/airflow/.local/lib/python3.7/site-packages/airflow/example_dags/example_skip_dag.py took 0.079 seconds
[2023-05-12T14:02:12.815+0000] {processor.py:156} INFO - Started process (PID=223) to work on /home/airflow/.local/lib/python3.7/site-packages/airflow/example_dags/example_skip_dag.py
[2023-05-12T14:02:12.816+0000] {processor.py:799} INFO - Processing file /home/airflow/.local/lib/python3.7/site-packages/airflow/example_dags/example_skip_dag.py for tasks to queue
[2023-05-12T14:02:12.817+0000] {logging_mixin.py:149} INFO - [2023-05-12T14:02:12.817+0000] {dagbag.py:541} INFO - Filling up the DagBag from /home/airflow/.local/lib/python3.7/site-packages/airflow/example_dags/example_skip_dag.py
[2023-05-12T14:02:12.823+0000] {processor.py:809} INFO - DAG(s) dict_keys(['example_skip_dag']) retrieved from /home/airflow/.local/lib/python3.7/site-packages/airflow/example_dags/example_skip_dag.py
[2023-05-12T14:02:12.843+0000] {logging_mixin.py:149} INFO - [2023-05-12T14:02:12.843+0000] {dag.py:2726} INFO - Sync 1 DAGs
[2023-05-12T14:02:12.864+0000] {logging_mixin.py:149} INFO - [2023-05-12T14:02:12.864+0000] {dag.py:3490} INFO - Setting next_dagrun for example_skip_dag to 2023-05-11T14:02:12.863939+00:00, run_after=2023-05-12T14:02:12.863939+00:00
[2023-05-12T14:02:12.881+0000] {processor.py:178} INFO - Processing /home/airflow/.local/lib/python3.7/site-packages/airflow/example_dags/example_skip_dag.py took 0.068 seconds
[2023-05-12T14:02:43.021+0000] {processor.py:156} INFO - Started process (PID=283) to work on /home/airflow/.local/lib/python3.7/site-packages/airflow/example_dags/example_skip_dag.py
[2023-05-12T14:02:43.022+0000] {processor.py:799} INFO - Processing file /home/airflow/.local/lib/python3.7/site-packages/airflow/example_dags/example_skip_dag.py for tasks to queue
[2023-05-12T14:02:43.022+0000] {logging_mixin.py:149} INFO - [2023-05-12T14:02:43.022+0000] {dagbag.py:541} INFO - Filling up the DagBag from /home/airflow/.local/lib/python3.7/site-packages/airflow/example_dags/example_skip_dag.py
[2023-05-12T14:02:43.028+0000] {processor.py:809} INFO - DAG(s) dict_keys(['example_skip_dag']) retrieved from /home/airflow/.local/lib/python3.7/site-packages/airflow/example_dags/example_skip_dag.py
[2023-05-12T14:02:43.049+0000] {logging_mixin.py:149} INFO - [2023-05-12T14:02:43.049+0000] {dag.py:2726} INFO - Sync 1 DAGs
[2023-05-12T14:02:43.070+0000] {logging_mixin.py:149} INFO - [2023-05-12T14:02:43.070+0000] {dag.py:3490} INFO - Setting next_dagrun for example_skip_dag to 2023-05-11T14:02:43.070090+00:00, run_after=2023-05-12T14:02:43.070090+00:00
[2023-05-12T14:02:43.089+0000] {processor.py:178} INFO - Processing /home/airflow/.local/lib/python3.7/site-packages/airflow/example_dags/example_skip_dag.py took 0.070 seconds
[2023-05-12T14:03:13.376+0000] {processor.py:156} INFO - Started process (PID=343) to work on /home/airflow/.local/lib/python3.7/site-packages/airflow/example_dags/example_skip_dag.py
[2023-05-12T14:03:13.377+0000] {processor.py:799} INFO - Processing file /home/airflow/.local/lib/python3.7/site-packages/airflow/example_dags/example_skip_dag.py for tasks to queue
[2023-05-12T14:03:13.377+0000] {logging_mixin.py:149} INFO - [2023-05-12T14:03:13.377+0000] {dagbag.py:541} INFO - Filling up the DagBag from /home/airflow/.local/lib/python3.7/site-packages/airflow/example_dags/example_skip_dag.py
[2023-05-12T14:03:13.384+0000] {processor.py:809} INFO - DAG(s) dict_keys(['example_skip_dag']) retrieved from /home/airflow/.local/lib/python3.7/site-packages/airflow/example_dags/example_skip_dag.py
[2023-05-12T14:03:13.406+0000] {logging_mixin.py:149} INFO - [2023-05-12T14:03:13.405+0000] {dag.py:2726} INFO - Sync 1 DAGs
[2023-05-12T14:03:13.428+0000] {logging_mixin.py:149} INFO - [2023-05-12T14:03:13.428+0000] {dag.py:3490} INFO - Setting next_dagrun for example_skip_dag to 2023-05-11T14:03:13.428389+00:00, run_after=2023-05-12T14:03:13.428389+00:00
[2023-05-12T14:03:13.445+0000] {processor.py:178} INFO - Processing /home/airflow/.local/lib/python3.7/site-packages/airflow/example_dags/example_skip_dag.py took 0.073 seconds
[2023-05-12T14:03:43.716+0000] {processor.py:156} INFO - Started process (PID=403) to work on /home/airflow/.local/lib/python3.7/site-packages/airflow/example_dags/example_skip_dag.py
[2023-05-12T14:03:43.718+0000] {processor.py:799} INFO - Processing file /home/airflow/.local/lib/python3.7/site-packages/airflow/example_dags/example_skip_dag.py for tasks to queue
[2023-05-12T14:03:43.718+0000] {logging_mixin.py:149} INFO - [2023-05-12T14:03:43.718+0000] {dagbag.py:541} INFO - Filling up the DagBag from /home/airflow/.local/lib/python3.7/site-packages/airflow/example_dags/example_skip_dag.py
[2023-05-12T14:03:43.724+0000] {processor.py:809} INFO - DAG(s) dict_keys(['example_skip_dag']) retrieved from /home/airflow/.local/lib/python3.7/site-packages/airflow/example_dags/example_skip_dag.py
[2023-05-12T14:03:43.745+0000] {logging_mixin.py:149} INFO - [2023-05-12T14:03:43.745+0000] {dag.py:2726} INFO - Sync 1 DAGs
[2023-05-12T14:03:43.765+0000] {logging_mixin.py:149} INFO - [2023-05-12T14:03:43.765+0000] {dag.py:3490} INFO - Setting next_dagrun for example_skip_dag to 2023-05-11T14:03:43.765078+00:00, run_after=2023-05-12T14:03:43.765078+00:00
[2023-05-12T14:03:43.782+0000] {processor.py:178} INFO - Processing /home/airflow/.local/lib/python3.7/site-packages/airflow/example_dags/example_skip_dag.py took 0.069 seconds
[2023-05-12T14:04:13.991+0000] {processor.py:156} INFO - Started process (PID=463) to work on /home/airflow/.local/lib/python3.7/site-packages/airflow/example_dags/example_skip_dag.py
[2023-05-12T14:04:13.992+0000] {processor.py:799} INFO - Processing file /home/airflow/.local/lib/python3.7/site-packages/airflow/example_dags/example_skip_dag.py for tasks to queue
[2023-05-12T14:04:13.992+0000] {logging_mixin.py:149} INFO - [2023-05-12T14:04:13.992+0000] {dagbag.py:541} INFO - Filling up the DagBag from /home/airflow/.local/lib/python3.7/site-packages/airflow/example_dags/example_skip_dag.py
[2023-05-12T14:04:14.000+0000] {processor.py:809} INFO - DAG(s) dict_keys(['example_skip_dag']) retrieved from /home/airflow/.local/lib/python3.7/site-packages/airflow/example_dags/example_skip_dag.py
[2023-05-12T14:04:14.023+0000] {logging_mixin.py:149} INFO - [2023-05-12T14:04:14.022+0000] {dag.py:2726} INFO - Sync 1 DAGs
[2023-05-12T14:04:14.045+0000] {logging_mixin.py:149} INFO - [2023-05-12T14:04:14.045+0000] {dag.py:3490} INFO - Setting next_dagrun for example_skip_dag to 2023-05-11T14:04:14.045285+00:00, run_after=2023-05-12T14:04:14.045285+00:00
[2023-05-12T14:04:14.062+0000] {processor.py:178} INFO - Processing /home/airflow/.local/lib/python3.7/site-packages/airflow/example_dags/example_skip_dag.py took 0.074 seconds
