[2023-05-12T13:59:36.008+0000] {processor.py:156} INFO - Started process (PID=52) to work on /home/airflow/.local/lib/python3.7/site-packages/airflow/example_dags/example_short_circuit_decorator.py
[2023-05-12T13:59:36.008+0000] {processor.py:799} INFO - Processing file /home/airflow/.local/lib/python3.7/site-packages/airflow/example_dags/example_short_circuit_decorator.py for tasks to queue
[2023-05-12T13:59:36.009+0000] {logging_mixin.py:149} INFO - [2023-05-12T13:59:36.009+0000] {dagbag.py:541} INFO - Filling up the DagBag from /home/airflow/.local/lib/python3.7/site-packages/airflow/example_dags/example_short_circuit_decorator.py
[2023-05-12T13:59:36.018+0000] {processor.py:809} INFO - DAG(s) dict_keys(['example_short_circuit_decorator']) retrieved from /home/airflow/.local/lib/python3.7/site-packages/airflow/example_dags/example_short_circuit_decorator.py
[2023-05-12T13:59:36.028+0000] {logging_mixin.py:149} INFO - [2023-05-12T13:59:36.028+0000] {dag.py:2726} INFO - Sync 1 DAGs
[2023-05-12T13:59:36.050+0000] {logging_mixin.py:149} INFO - [2023-05-12T13:59:36.050+0000] {dag.py:3490} INFO - Setting next_dagrun for example_short_circuit_decorator to 2023-05-11T13:59:36.050399+00:00, run_after=2023-05-12T13:59:36.050399+00:00
[2023-05-12T13:59:36.067+0000] {processor.py:178} INFO - Processing /home/airflow/.local/lib/python3.7/site-packages/airflow/example_dags/example_short_circuit_decorator.py took 0.062 seconds
[2023-05-12T14:00:42.094+0000] {processor.py:156} INFO - Started process (PID=52) to work on /home/airflow/.local/lib/python3.7/site-packages/airflow/example_dags/example_short_circuit_decorator.py
[2023-05-12T14:00:42.095+0000] {processor.py:799} INFO - Processing file /home/airflow/.local/lib/python3.7/site-packages/airflow/example_dags/example_short_circuit_decorator.py for tasks to queue
[2023-05-12T14:00:42.095+0000] {logging_mixin.py:149} INFO - [2023-05-12T14:00:42.095+0000] {dagbag.py:541} INFO - Filling up the DagBag from /home/airflow/.local/lib/python3.7/site-packages/airflow/example_dags/example_short_circuit_decorator.py
[2023-05-12T14:00:42.107+0000] {processor.py:809} INFO - DAG(s) dict_keys(['example_short_circuit_decorator']) retrieved from /home/airflow/.local/lib/python3.7/site-packages/airflow/example_dags/example_short_circuit_decorator.py
[2023-05-12T14:00:42.118+0000] {logging_mixin.py:149} INFO - [2023-05-12T14:00:42.118+0000] {dag.py:2726} INFO - Sync 1 DAGs
[2023-05-12T14:00:42.143+0000] {logging_mixin.py:149} INFO - [2023-05-12T14:00:42.142+0000] {dag.py:3490} INFO - Setting next_dagrun for example_short_circuit_decorator to 2023-05-11T14:00:42.142757+00:00, run_after=2023-05-12T14:00:42.142757+00:00
[2023-05-12T14:00:42.164+0000] {processor.py:178} INFO - Processing /home/airflow/.local/lib/python3.7/site-packages/airflow/example_dags/example_short_circuit_decorator.py took 0.073 seconds
[2023-05-12T14:01:12.471+0000] {processor.py:156} INFO - Started process (PID=112) to work on /home/airflow/.local/lib/python3.7/site-packages/airflow/example_dags/example_short_circuit_decorator.py
[2023-05-12T14:01:12.472+0000] {processor.py:799} INFO - Processing file /home/airflow/.local/lib/python3.7/site-packages/airflow/example_dags/example_short_circuit_decorator.py for tasks to queue
[2023-05-12T14:01:12.473+0000] {logging_mixin.py:149} INFO - [2023-05-12T14:01:12.473+0000] {dagbag.py:541} INFO - Filling up the DagBag from /home/airflow/.local/lib/python3.7/site-packages/airflow/example_dags/example_short_circuit_decorator.py
[2023-05-12T14:01:12.483+0000] {processor.py:809} INFO - DAG(s) dict_keys(['example_short_circuit_decorator']) retrieved from /home/airflow/.local/lib/python3.7/site-packages/airflow/example_dags/example_short_circuit_decorator.py
[2023-05-12T14:01:12.507+0000] {logging_mixin.py:149} INFO - [2023-05-12T14:01:12.507+0000] {dag.py:2726} INFO - Sync 1 DAGs
[2023-05-12T14:01:12.531+0000] {logging_mixin.py:149} INFO - [2023-05-12T14:01:12.531+0000] {dag.py:3490} INFO - Setting next_dagrun for example_short_circuit_decorator to 2023-05-11T14:01:12.531361+00:00, run_after=2023-05-12T14:01:12.531361+00:00
[2023-05-12T14:01:12.548+0000] {processor.py:178} INFO - Processing /home/airflow/.local/lib/python3.7/site-packages/airflow/example_dags/example_short_circuit_decorator.py took 0.080 seconds
[2023-05-12T14:01:42.968+0000] {processor.py:156} INFO - Started process (PID=172) to work on /home/airflow/.local/lib/python3.7/site-packages/airflow/example_dags/example_short_circuit_decorator.py
[2023-05-12T14:01:42.969+0000] {processor.py:799} INFO - Processing file /home/airflow/.local/lib/python3.7/site-packages/airflow/example_dags/example_short_circuit_decorator.py for tasks to queue
[2023-05-12T14:01:42.969+0000] {logging_mixin.py:149} INFO - [2023-05-12T14:01:42.969+0000] {dagbag.py:541} INFO - Filling up the DagBag from /home/airflow/.local/lib/python3.7/site-packages/airflow/example_dags/example_short_circuit_decorator.py
[2023-05-12T14:01:42.977+0000] {processor.py:809} INFO - DAG(s) dict_keys(['example_short_circuit_decorator']) retrieved from /home/airflow/.local/lib/python3.7/site-packages/airflow/example_dags/example_short_circuit_decorator.py
[2023-05-12T14:01:43.002+0000] {logging_mixin.py:149} INFO - [2023-05-12T14:01:43.002+0000] {dag.py:2726} INFO - Sync 1 DAGs
[2023-05-12T14:01:43.025+0000] {logging_mixin.py:149} INFO - [2023-05-12T14:01:43.025+0000] {dag.py:3490} INFO - Setting next_dagrun for example_short_circuit_decorator to 2023-05-11T14:01:43.025371+00:00, run_after=2023-05-12T14:01:43.025371+00:00
[2023-05-12T14:01:43.045+0000] {processor.py:178} INFO - Processing /home/airflow/.local/lib/python3.7/site-packages/airflow/example_dags/example_short_circuit_decorator.py took 0.079 seconds
[2023-05-12T14:02:13.231+0000] {processor.py:156} INFO - Started process (PID=232) to work on /home/airflow/.local/lib/python3.7/site-packages/airflow/example_dags/example_short_circuit_decorator.py
[2023-05-12T14:02:13.232+0000] {processor.py:799} INFO - Processing file /home/airflow/.local/lib/python3.7/site-packages/airflow/example_dags/example_short_circuit_decorator.py for tasks to queue
[2023-05-12T14:02:13.233+0000] {logging_mixin.py:149} INFO - [2023-05-12T14:02:13.232+0000] {dagbag.py:541} INFO - Filling up the DagBag from /home/airflow/.local/lib/python3.7/site-packages/airflow/example_dags/example_short_circuit_decorator.py
[2023-05-12T14:02:13.240+0000] {processor.py:809} INFO - DAG(s) dict_keys(['example_short_circuit_decorator']) retrieved from /home/airflow/.local/lib/python3.7/site-packages/airflow/example_dags/example_short_circuit_decorator.py
[2023-05-12T14:02:13.263+0000] {logging_mixin.py:149} INFO - [2023-05-12T14:02:13.263+0000] {dag.py:2726} INFO - Sync 1 DAGs
[2023-05-12T14:02:13.285+0000] {logging_mixin.py:149} INFO - [2023-05-12T14:02:13.285+0000] {dag.py:3490} INFO - Setting next_dagrun for example_short_circuit_decorator to 2023-05-11T14:02:13.285159+00:00, run_after=2023-05-12T14:02:13.285159+00:00
[2023-05-12T14:02:13.303+0000] {processor.py:178} INFO - Processing /home/airflow/.local/lib/python3.7/site-packages/airflow/example_dags/example_short_circuit_decorator.py took 0.075 seconds
[2023-05-12T14:02:43.558+0000] {processor.py:156} INFO - Started process (PID=292) to work on /home/airflow/.local/lib/python3.7/site-packages/airflow/example_dags/example_short_circuit_decorator.py
[2023-05-12T14:02:43.558+0000] {processor.py:799} INFO - Processing file /home/airflow/.local/lib/python3.7/site-packages/airflow/example_dags/example_short_circuit_decorator.py for tasks to queue
[2023-05-12T14:02:43.559+0000] {logging_mixin.py:149} INFO - [2023-05-12T14:02:43.559+0000] {dagbag.py:541} INFO - Filling up the DagBag from /home/airflow/.local/lib/python3.7/site-packages/airflow/example_dags/example_short_circuit_decorator.py
[2023-05-12T14:02:43.566+0000] {processor.py:809} INFO - DAG(s) dict_keys(['example_short_circuit_decorator']) retrieved from /home/airflow/.local/lib/python3.7/site-packages/airflow/example_dags/example_short_circuit_decorator.py
[2023-05-12T14:02:43.589+0000] {logging_mixin.py:149} INFO - [2023-05-12T14:02:43.589+0000] {dag.py:2726} INFO - Sync 1 DAGs
[2023-05-12T14:02:43.614+0000] {logging_mixin.py:149} INFO - [2023-05-12T14:02:43.614+0000] {dag.py:3490} INFO - Setting next_dagrun for example_short_circuit_decorator to 2023-05-11T14:02:43.613935+00:00, run_after=2023-05-12T14:02:43.613935+00:00
[2023-05-12T14:02:43.637+0000] {processor.py:178} INFO - Processing /home/airflow/.local/lib/python3.7/site-packages/airflow/example_dags/example_short_circuit_decorator.py took 0.082 seconds
[2023-05-12T14:03:13.761+0000] {processor.py:156} INFO - Started process (PID=352) to work on /home/airflow/.local/lib/python3.7/site-packages/airflow/example_dags/example_short_circuit_decorator.py
[2023-05-12T14:03:13.762+0000] {processor.py:799} INFO - Processing file /home/airflow/.local/lib/python3.7/site-packages/airflow/example_dags/example_short_circuit_decorator.py for tasks to queue
[2023-05-12T14:03:13.762+0000] {logging_mixin.py:149} INFO - [2023-05-12T14:03:13.762+0000] {dagbag.py:541} INFO - Filling up the DagBag from /home/airflow/.local/lib/python3.7/site-packages/airflow/example_dags/example_short_circuit_decorator.py
[2023-05-12T14:03:13.770+0000] {processor.py:809} INFO - DAG(s) dict_keys(['example_short_circuit_decorator']) retrieved from /home/airflow/.local/lib/python3.7/site-packages/airflow/example_dags/example_short_circuit_decorator.py
[2023-05-12T14:03:13.796+0000] {logging_mixin.py:149} INFO - [2023-05-12T14:03:13.795+0000] {dag.py:2726} INFO - Sync 1 DAGs
[2023-05-12T14:03:13.819+0000] {logging_mixin.py:149} INFO - [2023-05-12T14:03:13.818+0000] {dag.py:3490} INFO - Setting next_dagrun for example_short_circuit_decorator to 2023-05-11T14:03:13.818657+00:00, run_after=2023-05-12T14:03:13.818657+00:00
[2023-05-12T14:03:13.836+0000] {processor.py:178} INFO - Processing /home/airflow/.local/lib/python3.7/site-packages/airflow/example_dags/example_short_circuit_decorator.py took 0.078 seconds
[2023-05-12T14:03:44.046+0000] {processor.py:156} INFO - Started process (PID=412) to work on /home/airflow/.local/lib/python3.7/site-packages/airflow/example_dags/example_short_circuit_decorator.py
[2023-05-12T14:03:44.046+0000] {processor.py:799} INFO - Processing file /home/airflow/.local/lib/python3.7/site-packages/airflow/example_dags/example_short_circuit_decorator.py for tasks to queue
[2023-05-12T14:03:44.047+0000] {logging_mixin.py:149} INFO - [2023-05-12T14:03:44.047+0000] {dagbag.py:541} INFO - Filling up the DagBag from /home/airflow/.local/lib/python3.7/site-packages/airflow/example_dags/example_short_circuit_decorator.py
[2023-05-12T14:03:44.054+0000] {processor.py:809} INFO - DAG(s) dict_keys(['example_short_circuit_decorator']) retrieved from /home/airflow/.local/lib/python3.7/site-packages/airflow/example_dags/example_short_circuit_decorator.py
[2023-05-12T14:03:44.076+0000] {logging_mixin.py:149} INFO - [2023-05-12T14:03:44.075+0000] {dag.py:2726} INFO - Sync 1 DAGs
[2023-05-12T14:03:44.095+0000] {logging_mixin.py:149} INFO - [2023-05-12T14:03:44.095+0000] {dag.py:3490} INFO - Setting next_dagrun for example_short_circuit_decorator to 2023-05-11T14:03:44.095273+00:00, run_after=2023-05-12T14:03:44.095273+00:00
[2023-05-12T14:03:44.113+0000] {processor.py:178} INFO - Processing /home/airflow/.local/lib/python3.7/site-packages/airflow/example_dags/example_short_circuit_decorator.py took 0.069 seconds
[2023-05-12T14:04:14.406+0000] {processor.py:156} INFO - Started process (PID=472) to work on /home/airflow/.local/lib/python3.7/site-packages/airflow/example_dags/example_short_circuit_decorator.py
[2023-05-12T14:04:14.408+0000] {processor.py:799} INFO - Processing file /home/airflow/.local/lib/python3.7/site-packages/airflow/example_dags/example_short_circuit_decorator.py for tasks to queue
[2023-05-12T14:04:14.408+0000] {logging_mixin.py:149} INFO - [2023-05-12T14:04:14.408+0000] {dagbag.py:541} INFO - Filling up the DagBag from /home/airflow/.local/lib/python3.7/site-packages/airflow/example_dags/example_short_circuit_decorator.py
[2023-05-12T14:04:14.417+0000] {processor.py:809} INFO - DAG(s) dict_keys(['example_short_circuit_decorator']) retrieved from /home/airflow/.local/lib/python3.7/site-packages/airflow/example_dags/example_short_circuit_decorator.py
[2023-05-12T14:04:14.439+0000] {logging_mixin.py:149} INFO - [2023-05-12T14:04:14.439+0000] {dag.py:2726} INFO - Sync 1 DAGs
[2023-05-12T14:04:14.461+0000] {logging_mixin.py:149} INFO - [2023-05-12T14:04:14.460+0000] {dag.py:3490} INFO - Setting next_dagrun for example_short_circuit_decorator to 2023-05-11T14:04:14.460752+00:00, run_after=2023-05-12T14:04:14.460752+00:00
[2023-05-12T14:04:14.477+0000] {processor.py:178} INFO - Processing /home/airflow/.local/lib/python3.7/site-packages/airflow/example_dags/example_short_circuit_decorator.py took 0.074 seconds
