[2023-05-12T13:59:35.465+0000] {processor.py:156} INFO - Started process (PID=43) to work on /home/airflow/.local/lib/python3.7/site-packages/airflow/example_dags/example_complex.py
[2023-05-12T13:59:35.466+0000] {processor.py:799} INFO - Processing file /home/airflow/.local/lib/python3.7/site-packages/airflow/example_dags/example_complex.py for tasks to queue
[2023-05-12T13:59:35.467+0000] {logging_mixin.py:149} INFO - [2023-05-12T13:59:35.466+0000] {dagbag.py:541} INFO - Filling up the DagBag from /home/airflow/.local/lib/python3.7/site-packages/airflow/example_dags/example_complex.py
[2023-05-12T13:59:35.481+0000] {logging_mixin.py:149} INFO - [2023-05-12T13:59:35.481+0000] {taskmixin.py:211} WARNING - Dependency <Task(BashOperator): create_entry_group>, delete_entry_group already registered for DAG: example_complex
[2023-05-12T13:59:35.481+0000] {logging_mixin.py:149} INFO - [2023-05-12T13:59:35.481+0000] {taskmixin.py:211} WARNING - Dependency <Task(BashOperator): delete_entry_group>, create_entry_group already registered for DAG: example_complex
[2023-05-12T13:59:35.482+0000] {logging_mixin.py:149} INFO - [2023-05-12T13:59:35.482+0000] {taskmixin.py:211} WARNING - Dependency <Task(BashOperator): create_entry_gcs>, delete_entry already registered for DAG: example_complex
[2023-05-12T13:59:35.482+0000] {logging_mixin.py:149} INFO - [2023-05-12T13:59:35.482+0000] {taskmixin.py:211} WARNING - Dependency <Task(BashOperator): delete_entry>, create_entry_gcs already registered for DAG: example_complex
[2023-05-12T13:59:35.482+0000] {logging_mixin.py:149} INFO - [2023-05-12T13:59:35.482+0000] {taskmixin.py:211} WARNING - Dependency <Task(BashOperator): create_tag>, delete_tag already registered for DAG: example_complex
[2023-05-12T13:59:35.483+0000] {logging_mixin.py:149} INFO - [2023-05-12T13:59:35.483+0000] {taskmixin.py:211} WARNING - Dependency <Task(BashOperator): delete_tag>, create_tag already registered for DAG: example_complex
[2023-05-12T13:59:35.488+0000] {processor.py:809} INFO - DAG(s) dict_keys(['example_complex']) retrieved from /home/airflow/.local/lib/python3.7/site-packages/airflow/example_dags/example_complex.py
[2023-05-12T13:59:35.502+0000] {logging_mixin.py:149} INFO - [2023-05-12T13:59:35.502+0000] {dag.py:2726} INFO - Sync 1 DAGs
[2023-05-12T13:59:35.537+0000] {logging_mixin.py:149} INFO - [2023-05-12T13:59:35.537+0000] {dag.py:3490} INFO - Setting next_dagrun for example_complex to None, run_after=None
[2023-05-12T13:59:35.562+0000] {processor.py:178} INFO - Processing /home/airflow/.local/lib/python3.7/site-packages/airflow/example_dags/example_complex.py took 0.100 seconds
[2023-05-12T14:00:41.519+0000] {processor.py:156} INFO - Started process (PID=43) to work on /home/airflow/.local/lib/python3.7/site-packages/airflow/example_dags/example_complex.py
[2023-05-12T14:00:41.520+0000] {processor.py:799} INFO - Processing file /home/airflow/.local/lib/python3.7/site-packages/airflow/example_dags/example_complex.py for tasks to queue
[2023-05-12T14:00:41.520+0000] {logging_mixin.py:149} INFO - [2023-05-12T14:00:41.520+0000] {dagbag.py:541} INFO - Filling up the DagBag from /home/airflow/.local/lib/python3.7/site-packages/airflow/example_dags/example_complex.py
[2023-05-12T14:00:41.531+0000] {logging_mixin.py:149} INFO - [2023-05-12T14:00:41.531+0000] {taskmixin.py:211} WARNING - Dependency <Task(BashOperator): create_entry_group>, delete_entry_group already registered for DAG: example_complex
[2023-05-12T14:00:41.532+0000] {logging_mixin.py:149} INFO - [2023-05-12T14:00:41.532+0000] {taskmixin.py:211} WARNING - Dependency <Task(BashOperator): delete_entry_group>, create_entry_group already registered for DAG: example_complex
[2023-05-12T14:00:41.532+0000] {logging_mixin.py:149} INFO - [2023-05-12T14:00:41.532+0000] {taskmixin.py:211} WARNING - Dependency <Task(BashOperator): create_entry_gcs>, delete_entry already registered for DAG: example_complex
[2023-05-12T14:00:41.532+0000] {logging_mixin.py:149} INFO - [2023-05-12T14:00:41.532+0000] {taskmixin.py:211} WARNING - Dependency <Task(BashOperator): delete_entry>, create_entry_gcs already registered for DAG: example_complex
[2023-05-12T14:00:41.533+0000] {logging_mixin.py:149} INFO - [2023-05-12T14:00:41.532+0000] {taskmixin.py:211} WARNING - Dependency <Task(BashOperator): create_tag>, delete_tag already registered for DAG: example_complex
[2023-05-12T14:00:41.533+0000] {logging_mixin.py:149} INFO - [2023-05-12T14:00:41.533+0000] {taskmixin.py:211} WARNING - Dependency <Task(BashOperator): delete_tag>, create_tag already registered for DAG: example_complex
[2023-05-12T14:00:41.538+0000] {processor.py:809} INFO - DAG(s) dict_keys(['example_complex']) retrieved from /home/airflow/.local/lib/python3.7/site-packages/airflow/example_dags/example_complex.py
[2023-05-12T14:00:41.551+0000] {logging_mixin.py:149} INFO - [2023-05-12T14:00:41.551+0000] {dag.py:2726} INFO - Sync 1 DAGs
[2023-05-12T14:00:41.585+0000] {logging_mixin.py:149} INFO - [2023-05-12T14:00:41.584+0000] {dag.py:3490} INFO - Setting next_dagrun for example_complex to None, run_after=None
[2023-05-12T14:00:41.610+0000] {processor.py:178} INFO - Processing /home/airflow/.local/lib/python3.7/site-packages/airflow/example_dags/example_complex.py took 0.094 seconds
[2023-05-12T14:01:11.671+0000] {processor.py:156} INFO - Started process (PID=102) to work on /home/airflow/.local/lib/python3.7/site-packages/airflow/example_dags/example_complex.py
[2023-05-12T14:01:11.678+0000] {processor.py:799} INFO - Processing file /home/airflow/.local/lib/python3.7/site-packages/airflow/example_dags/example_complex.py for tasks to queue
[2023-05-12T14:01:11.679+0000] {logging_mixin.py:149} INFO - [2023-05-12T14:01:11.679+0000] {dagbag.py:541} INFO - Filling up the DagBag from /home/airflow/.local/lib/python3.7/site-packages/airflow/example_dags/example_complex.py
[2023-05-12T14:01:11.689+0000] {logging_mixin.py:149} INFO - [2023-05-12T14:01:11.689+0000] {taskmixin.py:211} WARNING - Dependency <Task(BashOperator): create_entry_group>, delete_entry_group already registered for DAG: example_complex
[2023-05-12T14:01:11.689+0000] {logging_mixin.py:149} INFO - [2023-05-12T14:01:11.689+0000] {taskmixin.py:211} WARNING - Dependency <Task(BashOperator): delete_entry_group>, create_entry_group already registered for DAG: example_complex
[2023-05-12T14:01:11.690+0000] {logging_mixin.py:149} INFO - [2023-05-12T14:01:11.690+0000] {taskmixin.py:211} WARNING - Dependency <Task(BashOperator): create_entry_gcs>, delete_entry already registered for DAG: example_complex
[2023-05-12T14:01:11.690+0000] {logging_mixin.py:149} INFO - [2023-05-12T14:01:11.690+0000] {taskmixin.py:211} WARNING - Dependency <Task(BashOperator): delete_entry>, create_entry_gcs already registered for DAG: example_complex
[2023-05-12T14:01:11.690+0000] {logging_mixin.py:149} INFO - [2023-05-12T14:01:11.690+0000] {taskmixin.py:211} WARNING - Dependency <Task(BashOperator): create_tag>, delete_tag already registered for DAG: example_complex
[2023-05-12T14:01:11.691+0000] {logging_mixin.py:149} INFO - [2023-05-12T14:01:11.690+0000] {taskmixin.py:211} WARNING - Dependency <Task(BashOperator): delete_tag>, create_tag already registered for DAG: example_complex
[2023-05-12T14:01:11.692+0000] {processor.py:809} INFO - DAG(s) dict_keys(['example_complex']) retrieved from /home/airflow/.local/lib/python3.7/site-packages/airflow/example_dags/example_complex.py
[2023-05-12T14:01:11.728+0000] {logging_mixin.py:149} INFO - [2023-05-12T14:01:11.728+0000] {dag.py:2726} INFO - Sync 1 DAGs
[2023-05-12T14:01:11.763+0000] {logging_mixin.py:149} INFO - [2023-05-12T14:01:11.763+0000] {dag.py:3490} INFO - Setting next_dagrun for example_complex to None, run_after=None
[2023-05-12T14:01:11.787+0000] {processor.py:178} INFO - Processing /home/airflow/.local/lib/python3.7/site-packages/airflow/example_dags/example_complex.py took 0.120 seconds
[2023-05-12T14:01:42.449+0000] {processor.py:156} INFO - Started process (PID=162) to work on /home/airflow/.local/lib/python3.7/site-packages/airflow/example_dags/example_complex.py
[2023-05-12T14:01:42.450+0000] {processor.py:799} INFO - Processing file /home/airflow/.local/lib/python3.7/site-packages/airflow/example_dags/example_complex.py for tasks to queue
[2023-05-12T14:01:42.451+0000] {logging_mixin.py:149} INFO - [2023-05-12T14:01:42.451+0000] {dagbag.py:541} INFO - Filling up the DagBag from /home/airflow/.local/lib/python3.7/site-packages/airflow/example_dags/example_complex.py
[2023-05-12T14:01:42.459+0000] {logging_mixin.py:149} INFO - [2023-05-12T14:01:42.459+0000] {taskmixin.py:211} WARNING - Dependency <Task(BashOperator): create_entry_group>, delete_entry_group already registered for DAG: example_complex
[2023-05-12T14:01:42.459+0000] {logging_mixin.py:149} INFO - [2023-05-12T14:01:42.459+0000] {taskmixin.py:211} WARNING - Dependency <Task(BashOperator): delete_entry_group>, create_entry_group already registered for DAG: example_complex
[2023-05-12T14:01:42.459+0000] {logging_mixin.py:149} INFO - [2023-05-12T14:01:42.459+0000] {taskmixin.py:211} WARNING - Dependency <Task(BashOperator): create_entry_gcs>, delete_entry already registered for DAG: example_complex
[2023-05-12T14:01:42.459+0000] {logging_mixin.py:149} INFO - [2023-05-12T14:01:42.459+0000] {taskmixin.py:211} WARNING - Dependency <Task(BashOperator): delete_entry>, create_entry_gcs already registered for DAG: example_complex
[2023-05-12T14:01:42.460+0000] {logging_mixin.py:149} INFO - [2023-05-12T14:01:42.460+0000] {taskmixin.py:211} WARNING - Dependency <Task(BashOperator): create_tag>, delete_tag already registered for DAG: example_complex
[2023-05-12T14:01:42.460+0000] {logging_mixin.py:149} INFO - [2023-05-12T14:01:42.460+0000] {taskmixin.py:211} WARNING - Dependency <Task(BashOperator): delete_tag>, create_tag already registered for DAG: example_complex
[2023-05-12T14:01:42.461+0000] {processor.py:809} INFO - DAG(s) dict_keys(['example_complex']) retrieved from /home/airflow/.local/lib/python3.7/site-packages/airflow/example_dags/example_complex.py
[2023-05-12T14:01:42.490+0000] {logging_mixin.py:149} INFO - [2023-05-12T14:01:42.490+0000] {dag.py:2726} INFO - Sync 1 DAGs
[2023-05-12T14:01:42.512+0000] {logging_mixin.py:149} INFO - [2023-05-12T14:01:42.512+0000] {dag.py:3490} INFO - Setting next_dagrun for example_complex to None, run_after=None
[2023-05-12T14:01:42.531+0000] {processor.py:178} INFO - Processing /home/airflow/.local/lib/python3.7/site-packages/airflow/example_dags/example_complex.py took 0.084 seconds
[2023-05-12T14:02:12.719+0000] {processor.py:156} INFO - Started process (PID=222) to work on /home/airflow/.local/lib/python3.7/site-packages/airflow/example_dags/example_complex.py
[2023-05-12T14:02:12.720+0000] {processor.py:799} INFO - Processing file /home/airflow/.local/lib/python3.7/site-packages/airflow/example_dags/example_complex.py for tasks to queue
[2023-05-12T14:02:12.720+0000] {logging_mixin.py:149} INFO - [2023-05-12T14:02:12.720+0000] {dagbag.py:541} INFO - Filling up the DagBag from /home/airflow/.local/lib/python3.7/site-packages/airflow/example_dags/example_complex.py
[2023-05-12T14:02:12.729+0000] {logging_mixin.py:149} INFO - [2023-05-12T14:02:12.729+0000] {taskmixin.py:211} WARNING - Dependency <Task(BashOperator): create_entry_group>, delete_entry_group already registered for DAG: example_complex
[2023-05-12T14:02:12.729+0000] {logging_mixin.py:149} INFO - [2023-05-12T14:02:12.729+0000] {taskmixin.py:211} WARNING - Dependency <Task(BashOperator): delete_entry_group>, create_entry_group already registered for DAG: example_complex
[2023-05-12T14:02:12.729+0000] {logging_mixin.py:149} INFO - [2023-05-12T14:02:12.729+0000] {taskmixin.py:211} WARNING - Dependency <Task(BashOperator): create_entry_gcs>, delete_entry already registered for DAG: example_complex
[2023-05-12T14:02:12.729+0000] {logging_mixin.py:149} INFO - [2023-05-12T14:02:12.729+0000] {taskmixin.py:211} WARNING - Dependency <Task(BashOperator): delete_entry>, create_entry_gcs already registered for DAG: example_complex
[2023-05-12T14:02:12.730+0000] {logging_mixin.py:149} INFO - [2023-05-12T14:02:12.730+0000] {taskmixin.py:211} WARNING - Dependency <Task(BashOperator): create_tag>, delete_tag already registered for DAG: example_complex
[2023-05-12T14:02:12.730+0000] {logging_mixin.py:149} INFO - [2023-05-12T14:02:12.730+0000] {taskmixin.py:211} WARNING - Dependency <Task(BashOperator): delete_tag>, create_tag already registered for DAG: example_complex
[2023-05-12T14:02:12.731+0000] {processor.py:809} INFO - DAG(s) dict_keys(['example_complex']) retrieved from /home/airflow/.local/lib/python3.7/site-packages/airflow/example_dags/example_complex.py
[2023-05-12T14:02:12.760+0000] {logging_mixin.py:149} INFO - [2023-05-12T14:02:12.760+0000] {dag.py:2726} INFO - Sync 1 DAGs
[2023-05-12T14:02:12.782+0000] {logging_mixin.py:149} INFO - [2023-05-12T14:02:12.782+0000] {dag.py:3490} INFO - Setting next_dagrun for example_complex to None, run_after=None
[2023-05-12T14:02:12.800+0000] {processor.py:178} INFO - Processing /home/airflow/.local/lib/python3.7/site-packages/airflow/example_dags/example_complex.py took 0.084 seconds
[2023-05-12T14:02:42.926+0000] {processor.py:156} INFO - Started process (PID=282) to work on /home/airflow/.local/lib/python3.7/site-packages/airflow/example_dags/example_complex.py
[2023-05-12T14:02:42.927+0000] {processor.py:799} INFO - Processing file /home/airflow/.local/lib/python3.7/site-packages/airflow/example_dags/example_complex.py for tasks to queue
[2023-05-12T14:02:42.928+0000] {logging_mixin.py:149} INFO - [2023-05-12T14:02:42.927+0000] {dagbag.py:541} INFO - Filling up the DagBag from /home/airflow/.local/lib/python3.7/site-packages/airflow/example_dags/example_complex.py
[2023-05-12T14:02:42.936+0000] {logging_mixin.py:149} INFO - [2023-05-12T14:02:42.936+0000] {taskmixin.py:211} WARNING - Dependency <Task(BashOperator): create_entry_group>, delete_entry_group already registered for DAG: example_complex
[2023-05-12T14:02:42.936+0000] {logging_mixin.py:149} INFO - [2023-05-12T14:02:42.936+0000] {taskmixin.py:211} WARNING - Dependency <Task(BashOperator): delete_entry_group>, create_entry_group already registered for DAG: example_complex
[2023-05-12T14:02:42.936+0000] {logging_mixin.py:149} INFO - [2023-05-12T14:02:42.936+0000] {taskmixin.py:211} WARNING - Dependency <Task(BashOperator): create_entry_gcs>, delete_entry already registered for DAG: example_complex
[2023-05-12T14:02:42.936+0000] {logging_mixin.py:149} INFO - [2023-05-12T14:02:42.936+0000] {taskmixin.py:211} WARNING - Dependency <Task(BashOperator): delete_entry>, create_entry_gcs already registered for DAG: example_complex
[2023-05-12T14:02:42.937+0000] {logging_mixin.py:149} INFO - [2023-05-12T14:02:42.937+0000] {taskmixin.py:211} WARNING - Dependency <Task(BashOperator): create_tag>, delete_tag already registered for DAG: example_complex
[2023-05-12T14:02:42.937+0000] {logging_mixin.py:149} INFO - [2023-05-12T14:02:42.937+0000] {taskmixin.py:211} WARNING - Dependency <Task(BashOperator): delete_tag>, create_tag already registered for DAG: example_complex
[2023-05-12T14:02:42.938+0000] {processor.py:809} INFO - DAG(s) dict_keys(['example_complex']) retrieved from /home/airflow/.local/lib/python3.7/site-packages/airflow/example_dags/example_complex.py
[2023-05-12T14:02:42.972+0000] {logging_mixin.py:149} INFO - [2023-05-12T14:02:42.972+0000] {dag.py:2726} INFO - Sync 1 DAGs
[2023-05-12T14:02:42.995+0000] {logging_mixin.py:149} INFO - [2023-05-12T14:02:42.995+0000] {dag.py:3490} INFO - Setting next_dagrun for example_complex to None, run_after=None
[2023-05-12T14:02:43.014+0000] {processor.py:178} INFO - Processing /home/airflow/.local/lib/python3.7/site-packages/airflow/example_dags/example_complex.py took 0.091 seconds
[2023-05-12T14:03:13.294+0000] {processor.py:156} INFO - Started process (PID=342) to work on /home/airflow/.local/lib/python3.7/site-packages/airflow/example_dags/example_complex.py
[2023-05-12T14:03:13.295+0000] {processor.py:799} INFO - Processing file /home/airflow/.local/lib/python3.7/site-packages/airflow/example_dags/example_complex.py for tasks to queue
[2023-05-12T14:03:13.295+0000] {logging_mixin.py:149} INFO - [2023-05-12T14:03:13.295+0000] {dagbag.py:541} INFO - Filling up the DagBag from /home/airflow/.local/lib/python3.7/site-packages/airflow/example_dags/example_complex.py
[2023-05-12T14:03:13.305+0000] {logging_mixin.py:149} INFO - [2023-05-12T14:03:13.304+0000] {taskmixin.py:211} WARNING - Dependency <Task(BashOperator): create_entry_group>, delete_entry_group already registered for DAG: example_complex
[2023-05-12T14:03:13.305+0000] {logging_mixin.py:149} INFO - [2023-05-12T14:03:13.305+0000] {taskmixin.py:211} WARNING - Dependency <Task(BashOperator): delete_entry_group>, create_entry_group already registered for DAG: example_complex
[2023-05-12T14:03:13.305+0000] {logging_mixin.py:149} INFO - [2023-05-12T14:03:13.305+0000] {taskmixin.py:211} WARNING - Dependency <Task(BashOperator): create_entry_gcs>, delete_entry already registered for DAG: example_complex
[2023-05-12T14:03:13.305+0000] {logging_mixin.py:149} INFO - [2023-05-12T14:03:13.305+0000] {taskmixin.py:211} WARNING - Dependency <Task(BashOperator): delete_entry>, create_entry_gcs already registered for DAG: example_complex
[2023-05-12T14:03:13.305+0000] {logging_mixin.py:149} INFO - [2023-05-12T14:03:13.305+0000] {taskmixin.py:211} WARNING - Dependency <Task(BashOperator): create_tag>, delete_tag already registered for DAG: example_complex
[2023-05-12T14:03:13.305+0000] {logging_mixin.py:149} INFO - [2023-05-12T14:03:13.305+0000] {taskmixin.py:211} WARNING - Dependency <Task(BashOperator): delete_tag>, create_tag already registered for DAG: example_complex
[2023-05-12T14:03:13.306+0000] {processor.py:809} INFO - DAG(s) dict_keys(['example_complex']) retrieved from /home/airflow/.local/lib/python3.7/site-packages/airflow/example_dags/example_complex.py
[2023-05-12T14:03:13.337+0000] {logging_mixin.py:149} INFO - [2023-05-12T14:03:13.337+0000] {dag.py:2726} INFO - Sync 1 DAGs
[2023-05-12T14:03:13.356+0000] {logging_mixin.py:149} INFO - [2023-05-12T14:03:13.356+0000] {dag.py:3490} INFO - Setting next_dagrun for example_complex to None, run_after=None
[2023-05-12T14:03:13.375+0000] {processor.py:178} INFO - Processing /home/airflow/.local/lib/python3.7/site-packages/airflow/example_dags/example_complex.py took 0.084 seconds
[2023-05-12T14:03:43.635+0000] {processor.py:156} INFO - Started process (PID=402) to work on /home/airflow/.local/lib/python3.7/site-packages/airflow/example_dags/example_complex.py
[2023-05-12T14:03:43.636+0000] {processor.py:799} INFO - Processing file /home/airflow/.local/lib/python3.7/site-packages/airflow/example_dags/example_complex.py for tasks to queue
[2023-05-12T14:03:43.637+0000] {logging_mixin.py:149} INFO - [2023-05-12T14:03:43.637+0000] {dagbag.py:541} INFO - Filling up the DagBag from /home/airflow/.local/lib/python3.7/site-packages/airflow/example_dags/example_complex.py
[2023-05-12T14:03:43.645+0000] {logging_mixin.py:149} INFO - [2023-05-12T14:03:43.645+0000] {taskmixin.py:211} WARNING - Dependency <Task(BashOperator): create_entry_group>, delete_entry_group already registered for DAG: example_complex
[2023-05-12T14:03:43.645+0000] {logging_mixin.py:149} INFO - [2023-05-12T14:03:43.645+0000] {taskmixin.py:211} WARNING - Dependency <Task(BashOperator): delete_entry_group>, create_entry_group already registered for DAG: example_complex
[2023-05-12T14:03:43.645+0000] {logging_mixin.py:149} INFO - [2023-05-12T14:03:43.645+0000] {taskmixin.py:211} WARNING - Dependency <Task(BashOperator): create_entry_gcs>, delete_entry already registered for DAG: example_complex
[2023-05-12T14:03:43.645+0000] {logging_mixin.py:149} INFO - [2023-05-12T14:03:43.645+0000] {taskmixin.py:211} WARNING - Dependency <Task(BashOperator): delete_entry>, create_entry_gcs already registered for DAG: example_complex
[2023-05-12T14:03:43.646+0000] {logging_mixin.py:149} INFO - [2023-05-12T14:03:43.646+0000] {taskmixin.py:211} WARNING - Dependency <Task(BashOperator): create_tag>, delete_tag already registered for DAG: example_complex
[2023-05-12T14:03:43.646+0000] {logging_mixin.py:149} INFO - [2023-05-12T14:03:43.646+0000] {taskmixin.py:211} WARNING - Dependency <Task(BashOperator): delete_tag>, create_tag already registered for DAG: example_complex
[2023-05-12T14:03:43.647+0000] {processor.py:809} INFO - DAG(s) dict_keys(['example_complex']) retrieved from /home/airflow/.local/lib/python3.7/site-packages/airflow/example_dags/example_complex.py
[2023-05-12T14:03:43.677+0000] {logging_mixin.py:149} INFO - [2023-05-12T14:03:43.677+0000] {dag.py:2726} INFO - Sync 1 DAGs
[2023-05-12T14:03:43.698+0000] {logging_mixin.py:149} INFO - [2023-05-12T14:03:43.698+0000] {dag.py:3490} INFO - Setting next_dagrun for example_complex to None, run_after=None
[2023-05-12T14:03:43.717+0000] {processor.py:178} INFO - Processing /home/airflow/.local/lib/python3.7/site-packages/airflow/example_dags/example_complex.py took 0.084 seconds
[2023-05-12T14:04:13.898+0000] {processor.py:156} INFO - Started process (PID=462) to work on /home/airflow/.local/lib/python3.7/site-packages/airflow/example_dags/example_complex.py
[2023-05-12T14:04:13.899+0000] {processor.py:799} INFO - Processing file /home/airflow/.local/lib/python3.7/site-packages/airflow/example_dags/example_complex.py for tasks to queue
[2023-05-12T14:04:13.900+0000] {logging_mixin.py:149} INFO - [2023-05-12T14:04:13.900+0000] {dagbag.py:541} INFO - Filling up the DagBag from /home/airflow/.local/lib/python3.7/site-packages/airflow/example_dags/example_complex.py
[2023-05-12T14:04:13.908+0000] {logging_mixin.py:149} INFO - [2023-05-12T14:04:13.908+0000] {taskmixin.py:211} WARNING - Dependency <Task(BashOperator): create_entry_group>, delete_entry_group already registered for DAG: example_complex
[2023-05-12T14:04:13.908+0000] {logging_mixin.py:149} INFO - [2023-05-12T14:04:13.908+0000] {taskmixin.py:211} WARNING - Dependency <Task(BashOperator): delete_entry_group>, create_entry_group already registered for DAG: example_complex
[2023-05-12T14:04:13.909+0000] {logging_mixin.py:149} INFO - [2023-05-12T14:04:13.909+0000] {taskmixin.py:211} WARNING - Dependency <Task(BashOperator): create_entry_gcs>, delete_entry already registered for DAG: example_complex
[2023-05-12T14:04:13.909+0000] {logging_mixin.py:149} INFO - [2023-05-12T14:04:13.909+0000] {taskmixin.py:211} WARNING - Dependency <Task(BashOperator): delete_entry>, create_entry_gcs already registered for DAG: example_complex
[2023-05-12T14:04:13.909+0000] {logging_mixin.py:149} INFO - [2023-05-12T14:04:13.909+0000] {taskmixin.py:211} WARNING - Dependency <Task(BashOperator): create_tag>, delete_tag already registered for DAG: example_complex
[2023-05-12T14:04:13.909+0000] {logging_mixin.py:149} INFO - [2023-05-12T14:04:13.909+0000] {taskmixin.py:211} WARNING - Dependency <Task(BashOperator): delete_tag>, create_tag already registered for DAG: example_complex
[2023-05-12T14:04:13.911+0000] {processor.py:809} INFO - DAG(s) dict_keys(['example_complex']) retrieved from /home/airflow/.local/lib/python3.7/site-packages/airflow/example_dags/example_complex.py
[2023-05-12T14:04:13.946+0000] {logging_mixin.py:149} INFO - [2023-05-12T14:04:13.945+0000] {dag.py:2726} INFO - Sync 1 DAGs
[2023-05-12T14:04:13.967+0000] {logging_mixin.py:149} INFO - [2023-05-12T14:04:13.967+0000] {dag.py:3490} INFO - Setting next_dagrun for example_complex to None, run_after=None
[2023-05-12T14:04:13.985+0000] {processor.py:178} INFO - Processing /home/airflow/.local/lib/python3.7/site-packages/airflow/example_dags/example_complex.py took 0.090 seconds
