[2023-05-12T13:59:36.167+0000] {processor.py:156} INFO - Started process (PID=55) to work on /home/airflow/.local/lib/python3.7/site-packages/airflow/example_dags/example_latest_only.py
[2023-05-12T13:59:36.168+0000] {processor.py:799} INFO - Processing file /home/airflow/.local/lib/python3.7/site-packages/airflow/example_dags/example_latest_only.py for tasks to queue
[2023-05-12T13:59:36.169+0000] {logging_mixin.py:149} INFO - [2023-05-12T13:59:36.168+0000] {dagbag.py:541} INFO - Filling up the DagBag from /home/airflow/.local/lib/python3.7/site-packages/airflow/example_dags/example_latest_only.py
[2023-05-12T13:59:36.178+0000] {processor.py:809} INFO - DAG(s) dict_keys(['latest_only']) retrieved from /home/airflow/.local/lib/python3.7/site-packages/airflow/example_dags/example_latest_only.py
[2023-05-12T13:59:36.189+0000] {logging_mixin.py:149} INFO - [2023-05-12T13:59:36.189+0000] {dag.py:2726} INFO - Sync 1 DAGs
[2023-05-12T13:59:36.212+0000] {logging_mixin.py:149} INFO - [2023-05-12T13:59:36.212+0000] {dag.py:3490} INFO - Setting next_dagrun for latest_only to 2023-05-12T09:59:36.212249+00:00, run_after=2023-05-12T13:59:36.212249+00:00
[2023-05-12T13:59:36.229+0000] {processor.py:178} INFO - Processing /home/airflow/.local/lib/python3.7/site-packages/airflow/example_dags/example_latest_only.py took 0.064 seconds
[2023-05-12T14:00:42.279+0000] {processor.py:156} INFO - Started process (PID=55) to work on /home/airflow/.local/lib/python3.7/site-packages/airflow/example_dags/example_latest_only.py
[2023-05-12T14:00:42.280+0000] {processor.py:799} INFO - Processing file /home/airflow/.local/lib/python3.7/site-packages/airflow/example_dags/example_latest_only.py for tasks to queue
[2023-05-12T14:00:42.281+0000] {logging_mixin.py:149} INFO - [2023-05-12T14:00:42.280+0000] {dagbag.py:541} INFO - Filling up the DagBag from /home/airflow/.local/lib/python3.7/site-packages/airflow/example_dags/example_latest_only.py
[2023-05-12T14:00:42.289+0000] {processor.py:809} INFO - DAG(s) dict_keys(['latest_only']) retrieved from /home/airflow/.local/lib/python3.7/site-packages/airflow/example_dags/example_latest_only.py
[2023-05-12T14:00:42.301+0000] {logging_mixin.py:149} INFO - [2023-05-12T14:00:42.301+0000] {dag.py:2726} INFO - Sync 1 DAGs
[2023-05-12T14:00:42.326+0000] {logging_mixin.py:149} INFO - [2023-05-12T14:00:42.326+0000] {dag.py:3490} INFO - Setting next_dagrun for latest_only to 2023-05-12T10:00:42.326011+00:00, run_after=2023-05-12T14:00:42.326011+00:00
[2023-05-12T14:00:42.348+0000] {processor.py:178} INFO - Processing /home/airflow/.local/lib/python3.7/site-packages/airflow/example_dags/example_latest_only.py took 0.071 seconds
[2023-05-12T14:01:12.572+0000] {processor.py:156} INFO - Started process (PID=115) to work on /home/airflow/.local/lib/python3.7/site-packages/airflow/example_dags/example_latest_only.py
[2023-05-12T14:01:12.573+0000] {processor.py:799} INFO - Processing file /home/airflow/.local/lib/python3.7/site-packages/airflow/example_dags/example_latest_only.py for tasks to queue
[2023-05-12T14:01:12.574+0000] {logging_mixin.py:149} INFO - [2023-05-12T14:01:12.574+0000] {dagbag.py:541} INFO - Filling up the DagBag from /home/airflow/.local/lib/python3.7/site-packages/airflow/example_dags/example_latest_only.py
[2023-05-12T14:01:12.579+0000] {processor.py:809} INFO - DAG(s) dict_keys(['latest_only']) retrieved from /home/airflow/.local/lib/python3.7/site-packages/airflow/example_dags/example_latest_only.py
[2023-05-12T14:01:12.600+0000] {logging_mixin.py:149} INFO - [2023-05-12T14:01:12.600+0000] {dag.py:2726} INFO - Sync 1 DAGs
[2023-05-12T14:01:12.624+0000] {logging_mixin.py:149} INFO - [2023-05-12T14:01:12.623+0000] {dag.py:3490} INFO - Setting next_dagrun for latest_only to 2023-05-12T10:01:12.623425+00:00, run_after=2023-05-12T14:01:12.623425+00:00
[2023-05-12T14:01:12.645+0000] {processor.py:178} INFO - Processing /home/airflow/.local/lib/python3.7/site-packages/airflow/example_dags/example_latest_only.py took 0.076 seconds
[2023-05-12T14:01:43.087+0000] {processor.py:156} INFO - Started process (PID=175) to work on /home/airflow/.local/lib/python3.7/site-packages/airflow/example_dags/example_latest_only.py
[2023-05-12T14:01:43.089+0000] {processor.py:799} INFO - Processing file /home/airflow/.local/lib/python3.7/site-packages/airflow/example_dags/example_latest_only.py for tasks to queue
[2023-05-12T14:01:43.089+0000] {logging_mixin.py:149} INFO - [2023-05-12T14:01:43.089+0000] {dagbag.py:541} INFO - Filling up the DagBag from /home/airflow/.local/lib/python3.7/site-packages/airflow/example_dags/example_latest_only.py
[2023-05-12T14:01:43.094+0000] {processor.py:809} INFO - DAG(s) dict_keys(['latest_only']) retrieved from /home/airflow/.local/lib/python3.7/site-packages/airflow/example_dags/example_latest_only.py
[2023-05-12T14:01:43.116+0000] {logging_mixin.py:149} INFO - [2023-05-12T14:01:43.115+0000] {dag.py:2726} INFO - Sync 1 DAGs
[2023-05-12T14:01:43.138+0000] {logging_mixin.py:149} INFO - [2023-05-12T14:01:43.138+0000] {dag.py:3490} INFO - Setting next_dagrun for latest_only to 2023-05-12T10:01:43.138162+00:00, run_after=2023-05-12T14:01:43.138162+00:00
[2023-05-12T14:01:43.161+0000] {processor.py:178} INFO - Processing /home/airflow/.local/lib/python3.7/site-packages/airflow/example_dags/example_latest_only.py took 0.076 seconds
[2023-05-12T14:02:13.349+0000] {processor.py:156} INFO - Started process (PID=235) to work on /home/airflow/.local/lib/python3.7/site-packages/airflow/example_dags/example_latest_only.py
[2023-05-12T14:02:13.350+0000] {processor.py:799} INFO - Processing file /home/airflow/.local/lib/python3.7/site-packages/airflow/example_dags/example_latest_only.py for tasks to queue
[2023-05-12T14:02:13.350+0000] {logging_mixin.py:149} INFO - [2023-05-12T14:02:13.350+0000] {dagbag.py:541} INFO - Filling up the DagBag from /home/airflow/.local/lib/python3.7/site-packages/airflow/example_dags/example_latest_only.py
[2023-05-12T14:02:13.355+0000] {processor.py:809} INFO - DAG(s) dict_keys(['latest_only']) retrieved from /home/airflow/.local/lib/python3.7/site-packages/airflow/example_dags/example_latest_only.py
[2023-05-12T14:02:13.375+0000] {logging_mixin.py:149} INFO - [2023-05-12T14:02:13.375+0000] {dag.py:2726} INFO - Sync 1 DAGs
[2023-05-12T14:02:13.396+0000] {logging_mixin.py:149} INFO - [2023-05-12T14:02:13.396+0000] {dag.py:3490} INFO - Setting next_dagrun for latest_only to 2023-05-12T10:02:13.396271+00:00, run_after=2023-05-12T14:02:13.396271+00:00
[2023-05-12T14:02:13.416+0000] {processor.py:178} INFO - Processing /home/airflow/.local/lib/python3.7/site-packages/airflow/example_dags/example_latest_only.py took 0.070 seconds
[2023-05-12T14:02:43.697+0000] {processor.py:156} INFO - Started process (PID=295) to work on /home/airflow/.local/lib/python3.7/site-packages/airflow/example_dags/example_latest_only.py
[2023-05-12T14:02:43.698+0000] {processor.py:799} INFO - Processing file /home/airflow/.local/lib/python3.7/site-packages/airflow/example_dags/example_latest_only.py for tasks to queue
[2023-05-12T14:02:43.698+0000] {logging_mixin.py:149} INFO - [2023-05-12T14:02:43.698+0000] {dagbag.py:541} INFO - Filling up the DagBag from /home/airflow/.local/lib/python3.7/site-packages/airflow/example_dags/example_latest_only.py
[2023-05-12T14:02:43.704+0000] {processor.py:809} INFO - DAG(s) dict_keys(['latest_only']) retrieved from /home/airflow/.local/lib/python3.7/site-packages/airflow/example_dags/example_latest_only.py
[2023-05-12T14:02:43.725+0000] {logging_mixin.py:149} INFO - [2023-05-12T14:02:43.725+0000] {dag.py:2726} INFO - Sync 1 DAGs
[2023-05-12T14:02:43.750+0000] {logging_mixin.py:149} INFO - [2023-05-12T14:02:43.750+0000] {dag.py:3490} INFO - Setting next_dagrun for latest_only to 2023-05-12T10:02:43.750470+00:00, run_after=2023-05-12T14:02:43.750470+00:00
[2023-05-12T14:02:43.770+0000] {processor.py:178} INFO - Processing /home/airflow/.local/lib/python3.7/site-packages/airflow/example_dags/example_latest_only.py took 0.076 seconds
[2023-05-12T14:03:13.940+0000] {processor.py:156} INFO - Started process (PID=355) to work on /home/airflow/.local/lib/python3.7/site-packages/airflow/example_dags/example_latest_only.py
[2023-05-12T14:03:13.941+0000] {processor.py:799} INFO - Processing file /home/airflow/.local/lib/python3.7/site-packages/airflow/example_dags/example_latest_only.py for tasks to queue
[2023-05-12T14:03:13.941+0000] {logging_mixin.py:149} INFO - [2023-05-12T14:03:13.941+0000] {dagbag.py:541} INFO - Filling up the DagBag from /home/airflow/.local/lib/python3.7/site-packages/airflow/example_dags/example_latest_only.py
[2023-05-12T14:03:13.946+0000] {processor.py:809} INFO - DAG(s) dict_keys(['latest_only']) retrieved from /home/airflow/.local/lib/python3.7/site-packages/airflow/example_dags/example_latest_only.py
[2023-05-12T14:03:13.970+0000] {logging_mixin.py:149} INFO - [2023-05-12T14:03:13.970+0000] {dag.py:2726} INFO - Sync 1 DAGs
[2023-05-12T14:03:13.992+0000] {logging_mixin.py:149} INFO - [2023-05-12T14:03:13.991+0000] {dag.py:3490} INFO - Setting next_dagrun for latest_only to 2023-05-12T10:03:13.991812+00:00, run_after=2023-05-12T14:03:13.991812+00:00
[2023-05-12T14:03:14.011+0000] {processor.py:178} INFO - Processing /home/airflow/.local/lib/python3.7/site-packages/airflow/example_dags/example_latest_only.py took 0.074 seconds
[2023-05-12T14:03:44.255+0000] {processor.py:156} INFO - Started process (PID=415) to work on /home/airflow/.local/lib/python3.7/site-packages/airflow/example_dags/example_latest_only.py
[2023-05-12T14:03:44.256+0000] {processor.py:799} INFO - Processing file /home/airflow/.local/lib/python3.7/site-packages/airflow/example_dags/example_latest_only.py for tasks to queue
[2023-05-12T14:03:44.256+0000] {logging_mixin.py:149} INFO - [2023-05-12T14:03:44.256+0000] {dagbag.py:541} INFO - Filling up the DagBag from /home/airflow/.local/lib/python3.7/site-packages/airflow/example_dags/example_latest_only.py
[2023-05-12T14:03:44.260+0000] {processor.py:809} INFO - DAG(s) dict_keys(['latest_only']) retrieved from /home/airflow/.local/lib/python3.7/site-packages/airflow/example_dags/example_latest_only.py
[2023-05-12T14:03:44.281+0000] {logging_mixin.py:149} INFO - [2023-05-12T14:03:44.281+0000] {dag.py:2726} INFO - Sync 1 DAGs
[2023-05-12T14:03:44.301+0000] {logging_mixin.py:149} INFO - [2023-05-12T14:03:44.301+0000] {dag.py:3490} INFO - Setting next_dagrun for latest_only to 2023-05-12T10:03:44.301506+00:00, run_after=2023-05-12T14:03:44.301506+00:00
[2023-05-12T14:03:44.319+0000] {processor.py:178} INFO - Processing /home/airflow/.local/lib/python3.7/site-packages/airflow/example_dags/example_latest_only.py took 0.066 seconds
[2023-05-12T14:04:14.584+0000] {processor.py:156} INFO - Started process (PID=475) to work on /home/airflow/.local/lib/python3.7/site-packages/airflow/example_dags/example_latest_only.py
[2023-05-12T14:04:14.585+0000] {processor.py:799} INFO - Processing file /home/airflow/.local/lib/python3.7/site-packages/airflow/example_dags/example_latest_only.py for tasks to queue
[2023-05-12T14:04:14.586+0000] {logging_mixin.py:149} INFO - [2023-05-12T14:04:14.586+0000] {dagbag.py:541} INFO - Filling up the DagBag from /home/airflow/.local/lib/python3.7/site-packages/airflow/example_dags/example_latest_only.py
[2023-05-12T14:04:14.591+0000] {processor.py:809} INFO - DAG(s) dict_keys(['latest_only']) retrieved from /home/airflow/.local/lib/python3.7/site-packages/airflow/example_dags/example_latest_only.py
[2023-05-12T14:04:14.615+0000] {logging_mixin.py:149} INFO - [2023-05-12T14:04:14.615+0000] {dag.py:2726} INFO - Sync 1 DAGs
[2023-05-12T14:04:14.639+0000] {logging_mixin.py:149} INFO - [2023-05-12T14:04:14.639+0000] {dag.py:3490} INFO - Setting next_dagrun for latest_only to 2023-05-12T10:04:14.638768+00:00, run_after=2023-05-12T14:04:14.638768+00:00
[2023-05-12T14:04:14.659+0000] {processor.py:178} INFO - Processing /home/airflow/.local/lib/python3.7/site-packages/airflow/example_dags/example_latest_only.py took 0.077 seconds
