[2023-05-12T13:59:37.166+0000] {processor.py:156} INFO - Started process (PID=71) to work on /home/airflow/.local/lib/python3.7/site-packages/airflow/example_dags/example_external_task_marker_dag.py
[2023-05-12T13:59:37.167+0000] {processor.py:799} INFO - Processing file /home/airflow/.local/lib/python3.7/site-packages/airflow/example_dags/example_external_task_marker_dag.py for tasks to queue
[2023-05-12T13:59:37.168+0000] {logging_mixin.py:149} INFO - [2023-05-12T13:59:37.167+0000] {dagbag.py:541} INFO - Filling up the DagBag from /home/airflow/.local/lib/python3.7/site-packages/airflow/example_dags/example_external_task_marker_dag.py
[2023-05-12T13:59:37.175+0000] {processor.py:809} INFO - DAG(s) dict_keys(['example_external_task_marker_child', 'example_external_task_marker_parent']) retrieved from /home/airflow/.local/lib/python3.7/site-packages/airflow/example_dags/example_external_task_marker_dag.py
[2023-05-12T13:59:37.189+0000] {logging_mixin.py:149} INFO - [2023-05-12T13:59:37.189+0000] {dag.py:2726} INFO - Sync 2 DAGs
[2023-05-12T13:59:37.222+0000] {logging_mixin.py:149} INFO - [2023-05-12T13:59:37.221+0000] {dag.py:3490} INFO - Setting next_dagrun for example_external_task_marker_child to None, run_after=None
[2023-05-12T13:59:37.226+0000] {logging_mixin.py:149} INFO - [2023-05-12T13:59:37.226+0000] {dag.py:3490} INFO - Setting next_dagrun for example_external_task_marker_parent to None, run_after=None
[2023-05-12T13:59:37.247+0000] {processor.py:178} INFO - Processing /home/airflow/.local/lib/python3.7/site-packages/airflow/example_dags/example_external_task_marker_dag.py took 0.085 seconds
[2023-05-12T14:00:43.376+0000] {processor.py:156} INFO - Started process (PID=71) to work on /home/airflow/.local/lib/python3.7/site-packages/airflow/example_dags/example_external_task_marker_dag.py
[2023-05-12T14:00:43.377+0000] {processor.py:799} INFO - Processing file /home/airflow/.local/lib/python3.7/site-packages/airflow/example_dags/example_external_task_marker_dag.py for tasks to queue
[2023-05-12T14:00:43.378+0000] {logging_mixin.py:149} INFO - [2023-05-12T14:00:43.378+0000] {dagbag.py:541} INFO - Filling up the DagBag from /home/airflow/.local/lib/python3.7/site-packages/airflow/example_dags/example_external_task_marker_dag.py
[2023-05-12T14:00:43.384+0000] {processor.py:809} INFO - DAG(s) dict_keys(['example_external_task_marker_child', 'example_external_task_marker_parent']) retrieved from /home/airflow/.local/lib/python3.7/site-packages/airflow/example_dags/example_external_task_marker_dag.py
[2023-05-12T14:00:43.398+0000] {logging_mixin.py:149} INFO - [2023-05-12T14:00:43.398+0000] {dag.py:2726} INFO - Sync 2 DAGs
[2023-05-12T14:00:43.425+0000] {logging_mixin.py:149} INFO - [2023-05-12T14:00:43.424+0000] {dag.py:3490} INFO - Setting next_dagrun for example_external_task_marker_child to None, run_after=None
[2023-05-12T14:00:43.429+0000] {logging_mixin.py:149} INFO - [2023-05-12T14:00:43.428+0000] {dag.py:3490} INFO - Setting next_dagrun for example_external_task_marker_parent to None, run_after=None
[2023-05-12T14:00:43.445+0000] {processor.py:178} INFO - Processing /home/airflow/.local/lib/python3.7/site-packages/airflow/example_dags/example_external_task_marker_dag.py took 0.072 seconds
[2023-05-12T14:01:13.621+0000] {processor.py:156} INFO - Started process (PID=131) to work on /home/airflow/.local/lib/python3.7/site-packages/airflow/example_dags/example_external_task_marker_dag.py
[2023-05-12T14:01:13.622+0000] {processor.py:799} INFO - Processing file /home/airflow/.local/lib/python3.7/site-packages/airflow/example_dags/example_external_task_marker_dag.py for tasks to queue
[2023-05-12T14:01:13.623+0000] {logging_mixin.py:149} INFO - [2023-05-12T14:01:13.623+0000] {dagbag.py:541} INFO - Filling up the DagBag from /home/airflow/.local/lib/python3.7/site-packages/airflow/example_dags/example_external_task_marker_dag.py
[2023-05-12T14:01:13.629+0000] {processor.py:809} INFO - DAG(s) dict_keys(['example_external_task_marker_child', 'example_external_task_marker_parent']) retrieved from /home/airflow/.local/lib/python3.7/site-packages/airflow/example_dags/example_external_task_marker_dag.py
[2023-05-12T14:01:13.653+0000] {logging_mixin.py:149} INFO - [2023-05-12T14:01:13.653+0000] {dag.py:2726} INFO - Sync 2 DAGs
[2023-05-12T14:01:13.681+0000] {logging_mixin.py:149} INFO - [2023-05-12T14:01:13.680+0000] {dag.py:3490} INFO - Setting next_dagrun for example_external_task_marker_child to None, run_after=None
[2023-05-12T14:01:13.684+0000] {logging_mixin.py:149} INFO - [2023-05-12T14:01:13.684+0000] {dag.py:3490} INFO - Setting next_dagrun for example_external_task_marker_parent to None, run_after=None
[2023-05-12T14:01:13.702+0000] {processor.py:178} INFO - Processing /home/airflow/.local/lib/python3.7/site-packages/airflow/example_dags/example_external_task_marker_dag.py took 0.083 seconds
[2023-05-12T14:01:43.937+0000] {processor.py:156} INFO - Started process (PID=191) to work on /home/airflow/.local/lib/python3.7/site-packages/airflow/example_dags/example_external_task_marker_dag.py
[2023-05-12T14:01:43.938+0000] {processor.py:799} INFO - Processing file /home/airflow/.local/lib/python3.7/site-packages/airflow/example_dags/example_external_task_marker_dag.py for tasks to queue
[2023-05-12T14:01:43.939+0000] {logging_mixin.py:149} INFO - [2023-05-12T14:01:43.939+0000] {dagbag.py:541} INFO - Filling up the DagBag from /home/airflow/.local/lib/python3.7/site-packages/airflow/example_dags/example_external_task_marker_dag.py
[2023-05-12T14:01:43.944+0000] {processor.py:809} INFO - DAG(s) dict_keys(['example_external_task_marker_child', 'example_external_task_marker_parent']) retrieved from /home/airflow/.local/lib/python3.7/site-packages/airflow/example_dags/example_external_task_marker_dag.py
[2023-05-12T14:01:43.968+0000] {logging_mixin.py:149} INFO - [2023-05-12T14:01:43.968+0000] {dag.py:2726} INFO - Sync 2 DAGs
[2023-05-12T14:01:43.990+0000] {logging_mixin.py:149} INFO - [2023-05-12T14:01:43.990+0000] {dag.py:3490} INFO - Setting next_dagrun for example_external_task_marker_child to None, run_after=None
[2023-05-12T14:01:43.993+0000] {logging_mixin.py:149} INFO - [2023-05-12T14:01:43.993+0000] {dag.py:3490} INFO - Setting next_dagrun for example_external_task_marker_parent to None, run_after=None
[2023-05-12T14:01:44.009+0000] {processor.py:178} INFO - Processing /home/airflow/.local/lib/python3.7/site-packages/airflow/example_dags/example_external_task_marker_dag.py took 0.075 seconds
[2023-05-12T14:02:14.055+0000] {processor.py:156} INFO - Started process (PID=251) to work on /home/airflow/.local/lib/python3.7/site-packages/airflow/example_dags/example_external_task_marker_dag.py
[2023-05-12T14:02:14.056+0000] {processor.py:799} INFO - Processing file /home/airflow/.local/lib/python3.7/site-packages/airflow/example_dags/example_external_task_marker_dag.py for tasks to queue
[2023-05-12T14:02:14.056+0000] {logging_mixin.py:149} INFO - [2023-05-12T14:02:14.056+0000] {dagbag.py:541} INFO - Filling up the DagBag from /home/airflow/.local/lib/python3.7/site-packages/airflow/example_dags/example_external_task_marker_dag.py
[2023-05-12T14:02:14.061+0000] {processor.py:809} INFO - DAG(s) dict_keys(['example_external_task_marker_parent', 'example_external_task_marker_child']) retrieved from /home/airflow/.local/lib/python3.7/site-packages/airflow/example_dags/example_external_task_marker_dag.py
[2023-05-12T14:02:14.086+0000] {logging_mixin.py:149} INFO - [2023-05-12T14:02:14.085+0000] {dag.py:2726} INFO - Sync 2 DAGs
[2023-05-12T14:02:14.108+0000] {logging_mixin.py:149} INFO - [2023-05-12T14:02:14.108+0000] {dag.py:3490} INFO - Setting next_dagrun for example_external_task_marker_child to None, run_after=None
[2023-05-12T14:02:14.111+0000] {logging_mixin.py:149} INFO - [2023-05-12T14:02:14.111+0000] {dag.py:3490} INFO - Setting next_dagrun for example_external_task_marker_parent to None, run_after=None
[2023-05-12T14:02:14.127+0000] {processor.py:178} INFO - Processing /home/airflow/.local/lib/python3.7/site-packages/airflow/example_dags/example_external_task_marker_dag.py took 0.074 seconds
[2023-05-12T14:02:44.376+0000] {processor.py:156} INFO - Started process (PID=310) to work on /home/airflow/.local/lib/python3.7/site-packages/airflow/example_dags/example_external_task_marker_dag.py
[2023-05-12T14:02:44.376+0000] {processor.py:799} INFO - Processing file /home/airflow/.local/lib/python3.7/site-packages/airflow/example_dags/example_external_task_marker_dag.py for tasks to queue
[2023-05-12T14:02:44.377+0000] {logging_mixin.py:149} INFO - [2023-05-12T14:02:44.377+0000] {dagbag.py:541} INFO - Filling up the DagBag from /home/airflow/.local/lib/python3.7/site-packages/airflow/example_dags/example_external_task_marker_dag.py
[2023-05-12T14:02:44.381+0000] {processor.py:809} INFO - DAG(s) dict_keys(['example_external_task_marker_parent', 'example_external_task_marker_child']) retrieved from /home/airflow/.local/lib/python3.7/site-packages/airflow/example_dags/example_external_task_marker_dag.py
[2023-05-12T14:02:44.409+0000] {logging_mixin.py:149} INFO - [2023-05-12T14:02:44.409+0000] {dag.py:2726} INFO - Sync 2 DAGs
[2023-05-12T14:02:44.429+0000] {logging_mixin.py:149} INFO - [2023-05-12T14:02:44.429+0000] {dag.py:3490} INFO - Setting next_dagrun for example_external_task_marker_child to None, run_after=None
[2023-05-12T14:02:44.431+0000] {logging_mixin.py:149} INFO - [2023-05-12T14:02:44.431+0000] {dag.py:3490} INFO - Setting next_dagrun for example_external_task_marker_parent to None, run_after=None
[2023-05-12T14:02:44.449+0000] {processor.py:178} INFO - Processing /home/airflow/.local/lib/python3.7/site-packages/airflow/example_dags/example_external_task_marker_dag.py took 0.075 seconds
[2023-05-12T14:03:14.591+0000] {processor.py:156} INFO - Started process (PID=370) to work on /home/airflow/.local/lib/python3.7/site-packages/airflow/example_dags/example_external_task_marker_dag.py
[2023-05-12T14:03:14.592+0000] {processor.py:799} INFO - Processing file /home/airflow/.local/lib/python3.7/site-packages/airflow/example_dags/example_external_task_marker_dag.py for tasks to queue
[2023-05-12T14:03:14.593+0000] {logging_mixin.py:149} INFO - [2023-05-12T14:03:14.593+0000] {dagbag.py:541} INFO - Filling up the DagBag from /home/airflow/.local/lib/python3.7/site-packages/airflow/example_dags/example_external_task_marker_dag.py
[2023-05-12T14:03:14.597+0000] {processor.py:809} INFO - DAG(s) dict_keys(['example_external_task_marker_parent', 'example_external_task_marker_child']) retrieved from /home/airflow/.local/lib/python3.7/site-packages/airflow/example_dags/example_external_task_marker_dag.py
[2023-05-12T14:03:14.621+0000] {logging_mixin.py:149} INFO - [2023-05-12T14:03:14.621+0000] {dag.py:2726} INFO - Sync 2 DAGs
[2023-05-12T14:03:14.641+0000] {logging_mixin.py:149} INFO - [2023-05-12T14:03:14.641+0000] {dag.py:3490} INFO - Setting next_dagrun for example_external_task_marker_child to None, run_after=None
[2023-05-12T14:03:14.645+0000] {logging_mixin.py:149} INFO - [2023-05-12T14:03:14.645+0000] {dag.py:3490} INFO - Setting next_dagrun for example_external_task_marker_parent to None, run_after=None
[2023-05-12T14:03:14.662+0000] {processor.py:178} INFO - Processing /home/airflow/.local/lib/python3.7/site-packages/airflow/example_dags/example_external_task_marker_dag.py took 0.073 seconds
[2023-05-12T14:03:44.888+0000] {processor.py:156} INFO - Started process (PID=430) to work on /home/airflow/.local/lib/python3.7/site-packages/airflow/example_dags/example_external_task_marker_dag.py
[2023-05-12T14:03:44.889+0000] {processor.py:799} INFO - Processing file /home/airflow/.local/lib/python3.7/site-packages/airflow/example_dags/example_external_task_marker_dag.py for tasks to queue
[2023-05-12T14:03:44.889+0000] {logging_mixin.py:149} INFO - [2023-05-12T14:03:44.889+0000] {dagbag.py:541} INFO - Filling up the DagBag from /home/airflow/.local/lib/python3.7/site-packages/airflow/example_dags/example_external_task_marker_dag.py
[2023-05-12T14:03:44.894+0000] {processor.py:809} INFO - DAG(s) dict_keys(['example_external_task_marker_child', 'example_external_task_marker_parent']) retrieved from /home/airflow/.local/lib/python3.7/site-packages/airflow/example_dags/example_external_task_marker_dag.py
[2023-05-12T14:03:44.918+0000] {logging_mixin.py:149} INFO - [2023-05-12T14:03:44.918+0000] {dag.py:2726} INFO - Sync 2 DAGs
[2023-05-12T14:03:44.940+0000] {logging_mixin.py:149} INFO - [2023-05-12T14:03:44.940+0000] {dag.py:3490} INFO - Setting next_dagrun for example_external_task_marker_child to None, run_after=None
[2023-05-12T14:03:44.944+0000] {logging_mixin.py:149} INFO - [2023-05-12T14:03:44.944+0000] {dag.py:3490} INFO - Setting next_dagrun for example_external_task_marker_parent to None, run_after=None
[2023-05-12T14:03:44.963+0000] {processor.py:178} INFO - Processing /home/airflow/.local/lib/python3.7/site-packages/airflow/example_dags/example_external_task_marker_dag.py took 0.077 seconds
[2023-05-12T14:04:15.254+0000] {processor.py:156} INFO - Started process (PID=490) to work on /home/airflow/.local/lib/python3.7/site-packages/airflow/example_dags/example_external_task_marker_dag.py
[2023-05-12T14:04:15.255+0000] {processor.py:799} INFO - Processing file /home/airflow/.local/lib/python3.7/site-packages/airflow/example_dags/example_external_task_marker_dag.py for tasks to queue
[2023-05-12T14:04:15.255+0000] {logging_mixin.py:149} INFO - [2023-05-12T14:04:15.255+0000] {dagbag.py:541} INFO - Filling up the DagBag from /home/airflow/.local/lib/python3.7/site-packages/airflow/example_dags/example_external_task_marker_dag.py
[2023-05-12T14:04:15.259+0000] {processor.py:809} INFO - DAG(s) dict_keys(['example_external_task_marker_parent', 'example_external_task_marker_child']) retrieved from /home/airflow/.local/lib/python3.7/site-packages/airflow/example_dags/example_external_task_marker_dag.py
[2023-05-12T14:04:15.283+0000] {logging_mixin.py:149} INFO - [2023-05-12T14:04:15.283+0000] {dag.py:2726} INFO - Sync 2 DAGs
[2023-05-12T14:04:15.305+0000] {logging_mixin.py:149} INFO - [2023-05-12T14:04:15.305+0000] {dag.py:3490} INFO - Setting next_dagrun for example_external_task_marker_child to None, run_after=None
[2023-05-12T14:04:15.308+0000] {logging_mixin.py:149} INFO - [2023-05-12T14:04:15.308+0000] {dag.py:3490} INFO - Setting next_dagrun for example_external_task_marker_parent to None, run_after=None
[2023-05-12T14:04:15.324+0000] {processor.py:178} INFO - Processing /home/airflow/.local/lib/python3.7/site-packages/airflow/example_dags/example_external_task_marker_dag.py took 0.073 seconds
