[2023-05-12T13:59:35.335+0000] {processor.py:156} INFO - Started process (PID=42) to work on /home/airflow/.local/lib/python3.7/site-packages/airflow/example_dags/example_datasets.py
[2023-05-12T13:59:35.336+0000] {processor.py:799} INFO - Processing file /home/airflow/.local/lib/python3.7/site-packages/airflow/example_dags/example_datasets.py for tasks to queue
[2023-05-12T13:59:35.336+0000] {logging_mixin.py:149} INFO - [2023-05-12T13:59:35.336+0000] {dagbag.py:541} INFO - Filling up the DagBag from /home/airflow/.local/lib/python3.7/site-packages/airflow/example_dags/example_datasets.py
[2023-05-12T13:59:35.347+0000] {processor.py:809} INFO - DAG(s) dict_keys(['dataset_produces_1', 'dataset_consumes_unknown_never_scheduled', 'dataset_consumes_1_and_2', 'dataset_produces_2', 'dataset_consumes_1', 'dataset_consumes_1_never_scheduled']) retrieved from /home/airflow/.local/lib/python3.7/site-packages/airflow/example_dags/example_datasets.py
[2023-05-12T13:59:35.364+0000] {logging_mixin.py:149} INFO - [2023-05-12T13:59:35.364+0000] {dag.py:2726} INFO - Sync 6 DAGs
[2023-05-12T13:59:35.396+0000] {logging_mixin.py:149} INFO - [2023-05-12T13:59:35.396+0000] {dag.py:3490} INFO - Setting next_dagrun for dataset_consumes_1 to None, run_after=None
[2023-05-12T13:59:35.399+0000] {logging_mixin.py:149} INFO - [2023-05-12T13:59:35.399+0000] {dag.py:3490} INFO - Setting next_dagrun for dataset_consumes_1_and_2 to None, run_after=None
[2023-05-12T13:59:35.401+0000] {logging_mixin.py:149} INFO - [2023-05-12T13:59:35.400+0000] {dag.py:3490} INFO - Setting next_dagrun for dataset_consumes_1_never_scheduled to None, run_after=None
[2023-05-12T13:59:35.402+0000] {logging_mixin.py:149} INFO - [2023-05-12T13:59:35.401+0000] {dag.py:3490} INFO - Setting next_dagrun for dataset_consumes_unknown_never_scheduled to None, run_after=None
[2023-05-12T13:59:35.406+0000] {logging_mixin.py:149} INFO - [2023-05-12T13:59:35.406+0000] {dag.py:3490} INFO - Setting next_dagrun for dataset_produces_1 to 2023-05-11T00:00:00+00:00, run_after=2023-05-12T00:00:00+00:00
[2023-05-12T13:59:35.408+0000] {logging_mixin.py:149} INFO - [2023-05-12T13:59:35.408+0000] {dag.py:3490} INFO - Setting next_dagrun for dataset_produces_2 to None, run_after=None
[2023-05-12T13:59:35.448+0000] {processor.py:178} INFO - Processing /home/airflow/.local/lib/python3.7/site-packages/airflow/example_dags/example_datasets.py took 0.116 seconds
[2023-05-12T14:00:41.379+0000] {processor.py:156} INFO - Started process (PID=42) to work on /home/airflow/.local/lib/python3.7/site-packages/airflow/example_dags/example_datasets.py
[2023-05-12T14:00:41.380+0000] {processor.py:799} INFO - Processing file /home/airflow/.local/lib/python3.7/site-packages/airflow/example_dags/example_datasets.py for tasks to queue
[2023-05-12T14:00:41.380+0000] {logging_mixin.py:149} INFO - [2023-05-12T14:00:41.380+0000] {dagbag.py:541} INFO - Filling up the DagBag from /home/airflow/.local/lib/python3.7/site-packages/airflow/example_dags/example_datasets.py
[2023-05-12T14:00:41.393+0000] {processor.py:809} INFO - DAG(s) dict_keys(['dataset_produces_2', 'dataset_consumes_1', 'dataset_consumes_1_and_2', 'dataset_consumes_1_never_scheduled', 'dataset_produces_1', 'dataset_consumes_unknown_never_scheduled']) retrieved from /home/airflow/.local/lib/python3.7/site-packages/airflow/example_dags/example_datasets.py
[2023-05-12T14:00:41.412+0000] {logging_mixin.py:149} INFO - [2023-05-12T14:00:41.412+0000] {dag.py:2726} INFO - Sync 6 DAGs
[2023-05-12T14:00:41.447+0000] {logging_mixin.py:149} INFO - [2023-05-12T14:00:41.447+0000] {dag.py:3490} INFO - Setting next_dagrun for dataset_consumes_1 to None, run_after=None
[2023-05-12T14:00:41.452+0000] {logging_mixin.py:149} INFO - [2023-05-12T14:00:41.451+0000] {dag.py:3490} INFO - Setting next_dagrun for dataset_consumes_1_and_2 to None, run_after=None
[2023-05-12T14:00:41.453+0000] {logging_mixin.py:149} INFO - [2023-05-12T14:00:41.453+0000] {dag.py:3490} INFO - Setting next_dagrun for dataset_consumes_1_never_scheduled to None, run_after=None
[2023-05-12T14:00:41.455+0000] {logging_mixin.py:149} INFO - [2023-05-12T14:00:41.455+0000] {dag.py:3490} INFO - Setting next_dagrun for dataset_consumes_unknown_never_scheduled to None, run_after=None
[2023-05-12T14:00:41.460+0000] {logging_mixin.py:149} INFO - [2023-05-12T14:00:41.460+0000] {dag.py:3490} INFO - Setting next_dagrun for dataset_produces_1 to 2023-05-11T00:00:00+00:00, run_after=2023-05-12T00:00:00+00:00
[2023-05-12T14:00:41.462+0000] {logging_mixin.py:149} INFO - [2023-05-12T14:00:41.461+0000] {dag.py:3490} INFO - Setting next_dagrun for dataset_produces_2 to None, run_after=None
[2023-05-12T14:00:41.498+0000] {processor.py:178} INFO - Processing /home/airflow/.local/lib/python3.7/site-packages/airflow/example_dags/example_datasets.py took 0.122 seconds
[2023-05-12T14:01:11.543+0000] {processor.py:156} INFO - Started process (PID=101) to work on /home/airflow/.local/lib/python3.7/site-packages/airflow/example_dags/example_datasets.py
[2023-05-12T14:01:11.546+0000] {processor.py:799} INFO - Processing file /home/airflow/.local/lib/python3.7/site-packages/airflow/example_dags/example_datasets.py for tasks to queue
[2023-05-12T14:01:11.548+0000] {logging_mixin.py:149} INFO - [2023-05-12T14:01:11.547+0000] {dagbag.py:541} INFO - Filling up the DagBag from /home/airflow/.local/lib/python3.7/site-packages/airflow/example_dags/example_datasets.py
[2023-05-12T14:01:11.559+0000] {processor.py:809} INFO - DAG(s) dict_keys(['dataset_produces_1', 'dataset_consumes_1_never_scheduled', 'dataset_consumes_1_and_2', 'dataset_produces_2', 'dataset_consumes_unknown_never_scheduled', 'dataset_consumes_1']) retrieved from /home/airflow/.local/lib/python3.7/site-packages/airflow/example_dags/example_datasets.py
[2023-05-12T14:01:11.684+0000] {logging_mixin.py:149} INFO - [2023-05-12T14:01:11.684+0000] {dag.py:2726} INFO - Sync 6 DAGs
[2023-05-12T14:01:11.709+0000] {logging_mixin.py:149} INFO - [2023-05-12T14:01:11.709+0000] {dag.py:3490} INFO - Setting next_dagrun for dataset_consumes_1 to None, run_after=None
[2023-05-12T14:01:11.713+0000] {logging_mixin.py:149} INFO - [2023-05-12T14:01:11.712+0000] {dag.py:3490} INFO - Setting next_dagrun for dataset_consumes_1_and_2 to None, run_after=None
[2023-05-12T14:01:11.714+0000] {logging_mixin.py:149} INFO - [2023-05-12T14:01:11.713+0000] {dag.py:3490} INFO - Setting next_dagrun for dataset_consumes_1_never_scheduled to None, run_after=None
[2023-05-12T14:01:11.716+0000] {logging_mixin.py:149} INFO - [2023-05-12T14:01:11.715+0000] {dag.py:3490} INFO - Setting next_dagrun for dataset_consumes_unknown_never_scheduled to None, run_after=None
[2023-05-12T14:01:11.718+0000] {logging_mixin.py:149} INFO - [2023-05-12T14:01:11.718+0000] {dag.py:3490} INFO - Setting next_dagrun for dataset_produces_1 to 2023-05-11T00:00:00+00:00, run_after=2023-05-12T00:00:00+00:00
[2023-05-12T14:01:11.719+0000] {logging_mixin.py:149} INFO - [2023-05-12T14:01:11.719+0000] {dag.py:3490} INFO - Setting next_dagrun for dataset_produces_2 to None, run_after=None
[2023-05-12T14:01:11.759+0000] {processor.py:178} INFO - Processing /home/airflow/.local/lib/python3.7/site-packages/airflow/example_dags/example_datasets.py took 0.219 seconds
[2023-05-12T14:01:42.415+0000] {processor.py:156} INFO - Started process (PID=161) to work on /home/airflow/.local/lib/python3.7/site-packages/airflow/example_dags/example_datasets.py
[2023-05-12T14:01:42.416+0000] {processor.py:799} INFO - Processing file /home/airflow/.local/lib/python3.7/site-packages/airflow/example_dags/example_datasets.py for tasks to queue
[2023-05-12T14:01:42.416+0000] {logging_mixin.py:149} INFO - [2023-05-12T14:01:42.416+0000] {dagbag.py:541} INFO - Filling up the DagBag from /home/airflow/.local/lib/python3.7/site-packages/airflow/example_dags/example_datasets.py
[2023-05-12T14:01:42.423+0000] {processor.py:809} INFO - DAG(s) dict_keys(['dataset_consumes_1_and_2', 'dataset_produces_1', 'dataset_consumes_1', 'dataset_consumes_1_never_scheduled', 'dataset_consumes_unknown_never_scheduled', 'dataset_produces_2']) retrieved from /home/airflow/.local/lib/python3.7/site-packages/airflow/example_dags/example_datasets.py
[2023-05-12T14:01:42.458+0000] {logging_mixin.py:149} INFO - [2023-05-12T14:01:42.458+0000] {dag.py:2726} INFO - Sync 6 DAGs
[2023-05-12T14:01:42.479+0000] {logging_mixin.py:149} INFO - [2023-05-12T14:01:42.479+0000] {dag.py:3490} INFO - Setting next_dagrun for dataset_consumes_1 to None, run_after=None
[2023-05-12T14:01:42.481+0000] {logging_mixin.py:149} INFO - [2023-05-12T14:01:42.481+0000] {dag.py:3490} INFO - Setting next_dagrun for dataset_consumes_1_and_2 to None, run_after=None
[2023-05-12T14:01:42.482+0000] {logging_mixin.py:149} INFO - [2023-05-12T14:01:42.482+0000] {dag.py:3490} INFO - Setting next_dagrun for dataset_consumes_1_never_scheduled to None, run_after=None
[2023-05-12T14:01:42.483+0000] {logging_mixin.py:149} INFO - [2023-05-12T14:01:42.483+0000] {dag.py:3490} INFO - Setting next_dagrun for dataset_consumes_unknown_never_scheduled to None, run_after=None
[2023-05-12T14:01:42.485+0000] {logging_mixin.py:149} INFO - [2023-05-12T14:01:42.485+0000] {dag.py:3490} INFO - Setting next_dagrun for dataset_produces_1 to 2023-05-11T00:00:00+00:00, run_after=2023-05-12T00:00:00+00:00
[2023-05-12T14:01:42.486+0000] {logging_mixin.py:149} INFO - [2023-05-12T14:01:42.486+0000] {dag.py:3490} INFO - Setting next_dagrun for dataset_produces_2 to None, run_after=None
[2023-05-12T14:01:42.518+0000] {processor.py:178} INFO - Processing /home/airflow/.local/lib/python3.7/site-packages/airflow/example_dags/example_datasets.py took 0.105 seconds
[2023-05-12T14:02:12.708+0000] {processor.py:156} INFO - Started process (PID=221) to work on /home/airflow/.local/lib/python3.7/site-packages/airflow/example_dags/example_datasets.py
[2023-05-12T14:02:12.709+0000] {processor.py:799} INFO - Processing file /home/airflow/.local/lib/python3.7/site-packages/airflow/example_dags/example_datasets.py for tasks to queue
[2023-05-12T14:02:12.710+0000] {logging_mixin.py:149} INFO - [2023-05-12T14:02:12.709+0000] {dagbag.py:541} INFO - Filling up the DagBag from /home/airflow/.local/lib/python3.7/site-packages/airflow/example_dags/example_datasets.py
[2023-05-12T14:02:12.717+0000] {processor.py:809} INFO - DAG(s) dict_keys(['dataset_consumes_1', 'dataset_consumes_1_never_scheduled', 'dataset_consumes_unknown_never_scheduled', 'dataset_produces_2', 'dataset_produces_1', 'dataset_consumes_1_and_2']) retrieved from /home/airflow/.local/lib/python3.7/site-packages/airflow/example_dags/example_datasets.py
[2023-05-12T14:02:12.751+0000] {logging_mixin.py:149} INFO - [2023-05-12T14:02:12.751+0000] {dag.py:2726} INFO - Sync 6 DAGs
[2023-05-12T14:02:12.772+0000] {logging_mixin.py:149} INFO - [2023-05-12T14:02:12.772+0000] {dag.py:3490} INFO - Setting next_dagrun for dataset_consumes_1 to None, run_after=None
[2023-05-12T14:02:12.775+0000] {logging_mixin.py:149} INFO - [2023-05-12T14:02:12.775+0000] {dag.py:3490} INFO - Setting next_dagrun for dataset_consumes_1_and_2 to None, run_after=None
[2023-05-12T14:02:12.776+0000] {logging_mixin.py:149} INFO - [2023-05-12T14:02:12.776+0000] {dag.py:3490} INFO - Setting next_dagrun for dataset_consumes_1_never_scheduled to None, run_after=None
[2023-05-12T14:02:12.777+0000] {logging_mixin.py:149} INFO - [2023-05-12T14:02:12.777+0000] {dag.py:3490} INFO - Setting next_dagrun for dataset_consumes_unknown_never_scheduled to None, run_after=None
[2023-05-12T14:02:12.781+0000] {logging_mixin.py:149} INFO - [2023-05-12T14:02:12.780+0000] {dag.py:3490} INFO - Setting next_dagrun for dataset_produces_1 to 2023-05-11T00:00:00+00:00, run_after=2023-05-12T00:00:00+00:00
[2023-05-12T14:02:12.783+0000] {logging_mixin.py:149} INFO - [2023-05-12T14:02:12.782+0000] {dag.py:3490} INFO - Setting next_dagrun for dataset_produces_2 to None, run_after=None
[2023-05-12T14:02:12.814+0000] {processor.py:178} INFO - Processing /home/airflow/.local/lib/python3.7/site-packages/airflow/example_dags/example_datasets.py took 0.108 seconds
[2023-05-12T14:02:42.889+0000] {processor.py:156} INFO - Started process (PID=281) to work on /home/airflow/.local/lib/python3.7/site-packages/airflow/example_dags/example_datasets.py
[2023-05-12T14:02:42.890+0000] {processor.py:799} INFO - Processing file /home/airflow/.local/lib/python3.7/site-packages/airflow/example_dags/example_datasets.py for tasks to queue
[2023-05-12T14:02:42.890+0000] {logging_mixin.py:149} INFO - [2023-05-12T14:02:42.890+0000] {dagbag.py:541} INFO - Filling up the DagBag from /home/airflow/.local/lib/python3.7/site-packages/airflow/example_dags/example_datasets.py
[2023-05-12T14:02:42.898+0000] {processor.py:809} INFO - DAG(s) dict_keys(['dataset_produces_2', 'dataset_consumes_1_never_scheduled', 'dataset_consumes_1', 'dataset_produces_1', 'dataset_consumes_1_and_2', 'dataset_consumes_unknown_never_scheduled']) retrieved from /home/airflow/.local/lib/python3.7/site-packages/airflow/example_dags/example_datasets.py
[2023-05-12T14:02:42.936+0000] {logging_mixin.py:149} INFO - [2023-05-12T14:02:42.936+0000] {dag.py:2726} INFO - Sync 6 DAGs
[2023-05-12T14:02:42.961+0000] {logging_mixin.py:149} INFO - [2023-05-12T14:02:42.961+0000] {dag.py:3490} INFO - Setting next_dagrun for dataset_consumes_1 to None, run_after=None
[2023-05-12T14:02:42.964+0000] {logging_mixin.py:149} INFO - [2023-05-12T14:02:42.964+0000] {dag.py:3490} INFO - Setting next_dagrun for dataset_consumes_1_and_2 to None, run_after=None
[2023-05-12T14:02:42.966+0000] {logging_mixin.py:149} INFO - [2023-05-12T14:02:42.966+0000] {dag.py:3490} INFO - Setting next_dagrun for dataset_consumes_1_never_scheduled to None, run_after=None
[2023-05-12T14:02:42.967+0000] {logging_mixin.py:149} INFO - [2023-05-12T14:02:42.967+0000] {dag.py:3490} INFO - Setting next_dagrun for dataset_consumes_unknown_never_scheduled to None, run_after=None
[2023-05-12T14:02:42.970+0000] {logging_mixin.py:149} INFO - [2023-05-12T14:02:42.969+0000] {dag.py:3490} INFO - Setting next_dagrun for dataset_produces_1 to 2023-05-11T00:00:00+00:00, run_after=2023-05-12T00:00:00+00:00
[2023-05-12T14:02:42.971+0000] {logging_mixin.py:149} INFO - [2023-05-12T14:02:42.971+0000] {dag.py:3490} INFO - Setting next_dagrun for dataset_produces_2 to None, run_after=None
[2023-05-12T14:02:43.005+0000] {processor.py:178} INFO - Processing /home/airflow/.local/lib/python3.7/site-packages/airflow/example_dags/example_datasets.py took 0.119 seconds
[2023-05-12T14:03:13.252+0000] {processor.py:156} INFO - Started process (PID=341) to work on /home/airflow/.local/lib/python3.7/site-packages/airflow/example_dags/example_datasets.py
[2023-05-12T14:03:13.253+0000] {processor.py:799} INFO - Processing file /home/airflow/.local/lib/python3.7/site-packages/airflow/example_dags/example_datasets.py for tasks to queue
[2023-05-12T14:03:13.254+0000] {logging_mixin.py:149} INFO - [2023-05-12T14:03:13.253+0000] {dagbag.py:541} INFO - Filling up the DagBag from /home/airflow/.local/lib/python3.7/site-packages/airflow/example_dags/example_datasets.py
[2023-05-12T14:03:13.261+0000] {processor.py:809} INFO - DAG(s) dict_keys(['dataset_produces_1', 'dataset_produces_2', 'dataset_consumes_unknown_never_scheduled', 'dataset_consumes_1_never_scheduled', 'dataset_consumes_1', 'dataset_consumes_1_and_2']) retrieved from /home/airflow/.local/lib/python3.7/site-packages/airflow/example_dags/example_datasets.py
[2023-05-12T14:03:13.300+0000] {logging_mixin.py:149} INFO - [2023-05-12T14:03:13.300+0000] {dag.py:2726} INFO - Sync 6 DAGs
[2023-05-12T14:03:13.322+0000] {logging_mixin.py:149} INFO - [2023-05-12T14:03:13.322+0000] {dag.py:3490} INFO - Setting next_dagrun for dataset_consumes_1 to None, run_after=None
[2023-05-12T14:03:13.324+0000] {logging_mixin.py:149} INFO - [2023-05-12T14:03:13.324+0000] {dag.py:3490} INFO - Setting next_dagrun for dataset_consumes_1_and_2 to None, run_after=None
[2023-05-12T14:03:13.325+0000] {logging_mixin.py:149} INFO - [2023-05-12T14:03:13.325+0000] {dag.py:3490} INFO - Setting next_dagrun for dataset_consumes_1_never_scheduled to None, run_after=None
[2023-05-12T14:03:13.326+0000] {logging_mixin.py:149} INFO - [2023-05-12T14:03:13.326+0000] {dag.py:3490} INFO - Setting next_dagrun for dataset_consumes_unknown_never_scheduled to None, run_after=None
[2023-05-12T14:03:13.328+0000] {logging_mixin.py:149} INFO - [2023-05-12T14:03:13.328+0000] {dag.py:3490} INFO - Setting next_dagrun for dataset_produces_1 to 2023-05-11T00:00:00+00:00, run_after=2023-05-12T00:00:00+00:00
[2023-05-12T14:03:13.329+0000] {logging_mixin.py:149} INFO - [2023-05-12T14:03:13.329+0000] {dag.py:3490} INFO - Setting next_dagrun for dataset_produces_2 to None, run_after=None
[2023-05-12T14:03:13.359+0000] {processor.py:178} INFO - Processing /home/airflow/.local/lib/python3.7/site-packages/airflow/example_dags/example_datasets.py took 0.111 seconds
[2023-05-12T14:03:43.595+0000] {processor.py:156} INFO - Started process (PID=401) to work on /home/airflow/.local/lib/python3.7/site-packages/airflow/example_dags/example_datasets.py
[2023-05-12T14:03:43.596+0000] {processor.py:799} INFO - Processing file /home/airflow/.local/lib/python3.7/site-packages/airflow/example_dags/example_datasets.py for tasks to queue
[2023-05-12T14:03:43.597+0000] {logging_mixin.py:149} INFO - [2023-05-12T14:03:43.597+0000] {dagbag.py:541} INFO - Filling up the DagBag from /home/airflow/.local/lib/python3.7/site-packages/airflow/example_dags/example_datasets.py
[2023-05-12T14:03:43.604+0000] {processor.py:809} INFO - DAG(s) dict_keys(['dataset_consumes_1_never_scheduled', 'dataset_produces_2', 'dataset_consumes_unknown_never_scheduled', 'dataset_consumes_1', 'dataset_produces_1', 'dataset_consumes_1_and_2']) retrieved from /home/airflow/.local/lib/python3.7/site-packages/airflow/example_dags/example_datasets.py
[2023-05-12T14:03:43.640+0000] {logging_mixin.py:149} INFO - [2023-05-12T14:03:43.640+0000] {dag.py:2726} INFO - Sync 6 DAGs
[2023-05-12T14:03:43.661+0000] {logging_mixin.py:149} INFO - [2023-05-12T14:03:43.661+0000] {dag.py:3490} INFO - Setting next_dagrun for dataset_consumes_1 to None, run_after=None
[2023-05-12T14:03:43.664+0000] {logging_mixin.py:149} INFO - [2023-05-12T14:03:43.664+0000] {dag.py:3490} INFO - Setting next_dagrun for dataset_consumes_1_and_2 to None, run_after=None
[2023-05-12T14:03:43.665+0000] {logging_mixin.py:149} INFO - [2023-05-12T14:03:43.665+0000] {dag.py:3490} INFO - Setting next_dagrun for dataset_consumes_1_never_scheduled to None, run_after=None
[2023-05-12T14:03:43.666+0000] {logging_mixin.py:149} INFO - [2023-05-12T14:03:43.666+0000] {dag.py:3490} INFO - Setting next_dagrun for dataset_consumes_unknown_never_scheduled to None, run_after=None
[2023-05-12T14:03:43.668+0000] {logging_mixin.py:149} INFO - [2023-05-12T14:03:43.668+0000] {dag.py:3490} INFO - Setting next_dagrun for dataset_produces_1 to 2023-05-11T00:00:00+00:00, run_after=2023-05-12T00:00:00+00:00
[2023-05-12T14:03:43.669+0000] {logging_mixin.py:149} INFO - [2023-05-12T14:03:43.669+0000] {dag.py:3490} INFO - Setting next_dagrun for dataset_produces_2 to None, run_after=None
[2023-05-12T14:03:43.701+0000] {processor.py:178} INFO - Processing /home/airflow/.local/lib/python3.7/site-packages/airflow/example_dags/example_datasets.py took 0.108 seconds
[2023-05-12T14:04:13.860+0000] {processor.py:156} INFO - Started process (PID=461) to work on /home/airflow/.local/lib/python3.7/site-packages/airflow/example_dags/example_datasets.py
[2023-05-12T14:04:13.861+0000] {processor.py:799} INFO - Processing file /home/airflow/.local/lib/python3.7/site-packages/airflow/example_dags/example_datasets.py for tasks to queue
[2023-05-12T14:04:13.862+0000] {logging_mixin.py:149} INFO - [2023-05-12T14:04:13.862+0000] {dagbag.py:541} INFO - Filling up the DagBag from /home/airflow/.local/lib/python3.7/site-packages/airflow/example_dags/example_datasets.py
[2023-05-12T14:04:13.869+0000] {processor.py:809} INFO - DAG(s) dict_keys(['dataset_consumes_unknown_never_scheduled', 'dataset_consumes_1_never_scheduled', 'dataset_consumes_1', 'dataset_consumes_1_and_2', 'dataset_produces_1', 'dataset_produces_2']) retrieved from /home/airflow/.local/lib/python3.7/site-packages/airflow/example_dags/example_datasets.py
[2023-05-12T14:04:13.909+0000] {logging_mixin.py:149} INFO - [2023-05-12T14:04:13.909+0000] {dag.py:2726} INFO - Sync 6 DAGs
[2023-05-12T14:04:13.936+0000] {logging_mixin.py:149} INFO - [2023-05-12T14:04:13.936+0000] {dag.py:3490} INFO - Setting next_dagrun for dataset_consumes_1 to None, run_after=None
[2023-05-12T14:04:13.940+0000] {logging_mixin.py:149} INFO - [2023-05-12T14:04:13.939+0000] {dag.py:3490} INFO - Setting next_dagrun for dataset_consumes_1_and_2 to None, run_after=None
[2023-05-12T14:04:13.941+0000] {logging_mixin.py:149} INFO - [2023-05-12T14:04:13.941+0000] {dag.py:3490} INFO - Setting next_dagrun for dataset_consumes_1_never_scheduled to None, run_after=None
[2023-05-12T14:04:13.942+0000] {logging_mixin.py:149} INFO - [2023-05-12T14:04:13.942+0000] {dag.py:3490} INFO - Setting next_dagrun for dataset_consumes_unknown_never_scheduled to None, run_after=None
[2023-05-12T14:04:13.944+0000] {logging_mixin.py:149} INFO - [2023-05-12T14:04:13.944+0000] {dag.py:3490} INFO - Setting next_dagrun for dataset_produces_1 to 2023-05-11T00:00:00+00:00, run_after=2023-05-12T00:00:00+00:00
[2023-05-12T14:04:13.945+0000] {logging_mixin.py:149} INFO - [2023-05-12T14:04:13.945+0000] {dag.py:3490} INFO - Setting next_dagrun for dataset_produces_2 to None, run_after=None
[2023-05-12T14:04:13.975+0000] {processor.py:178} INFO - Processing /home/airflow/.local/lib/python3.7/site-packages/airflow/example_dags/example_datasets.py took 0.117 seconds
