[2023-05-12T13:59:36.603+0000] {processor.py:156} INFO - Started process (PID=63) to work on /home/airflow/.local/lib/python3.7/site-packages/airflow/example_dags/example_task_group_decorator.py
[2023-05-12T13:59:36.605+0000] {processor.py:799} INFO - Processing file /home/airflow/.local/lib/python3.7/site-packages/airflow/example_dags/example_task_group_decorator.py for tasks to queue
[2023-05-12T13:59:36.605+0000] {logging_mixin.py:149} INFO - [2023-05-12T13:59:36.605+0000] {dagbag.py:541} INFO - Filling up the DagBag from /home/airflow/.local/lib/python3.7/site-packages/airflow/example_dags/example_task_group_decorator.py
[2023-05-12T13:59:36.627+0000] {processor.py:809} INFO - DAG(s) dict_keys(['example_task_group_decorator']) retrieved from /home/airflow/.local/lib/python3.7/site-packages/airflow/example_dags/example_task_group_decorator.py
[2023-05-12T13:59:36.640+0000] {logging_mixin.py:149} INFO - [2023-05-12T13:59:36.639+0000] {dag.py:2726} INFO - Sync 1 DAGs
[2023-05-12T13:59:36.663+0000] {logging_mixin.py:149} INFO - [2023-05-12T13:59:36.663+0000] {dag.py:3490} INFO - Setting next_dagrun for example_task_group_decorator to 2023-05-11T13:59:36.663301+00:00, run_after=2023-05-12T13:59:36.663301+00:00
[2023-05-12T13:59:36.679+0000] {processor.py:178} INFO - Processing /home/airflow/.local/lib/python3.7/site-packages/airflow/example_dags/example_task_group_decorator.py took 0.079 seconds
[2023-05-12T14:00:42.852+0000] {processor.py:156} INFO - Started process (PID=63) to work on /home/airflow/.local/lib/python3.7/site-packages/airflow/example_dags/example_task_group_decorator.py
[2023-05-12T14:00:42.852+0000] {processor.py:799} INFO - Processing file /home/airflow/.local/lib/python3.7/site-packages/airflow/example_dags/example_task_group_decorator.py for tasks to queue
[2023-05-12T14:00:42.853+0000] {logging_mixin.py:149} INFO - [2023-05-12T14:00:42.853+0000] {dagbag.py:541} INFO - Filling up the DagBag from /home/airflow/.local/lib/python3.7/site-packages/airflow/example_dags/example_task_group_decorator.py
[2023-05-12T14:00:42.867+0000] {processor.py:809} INFO - DAG(s) dict_keys(['example_task_group_decorator']) retrieved from /home/airflow/.local/lib/python3.7/site-packages/airflow/example_dags/example_task_group_decorator.py
[2023-05-12T14:00:42.879+0000] {logging_mixin.py:149} INFO - [2023-05-12T14:00:42.879+0000] {dag.py:2726} INFO - Sync 1 DAGs
[2023-05-12T14:00:42.905+0000] {logging_mixin.py:149} INFO - [2023-05-12T14:00:42.904+0000] {dag.py:3490} INFO - Setting next_dagrun for example_task_group_decorator to 2023-05-11T14:00:42.904657+00:00, run_after=2023-05-12T14:00:42.904657+00:00
[2023-05-12T14:00:42.923+0000] {processor.py:178} INFO - Processing /home/airflow/.local/lib/python3.7/site-packages/airflow/example_dags/example_task_group_decorator.py took 0.075 seconds
[2023-05-12T14:01:12.954+0000] {processor.py:156} INFO - Started process (PID=122) to work on /home/airflow/.local/lib/python3.7/site-packages/airflow/example_dags/example_task_group_decorator.py
[2023-05-12T14:01:12.955+0000] {processor.py:799} INFO - Processing file /home/airflow/.local/lib/python3.7/site-packages/airflow/example_dags/example_task_group_decorator.py for tasks to queue
[2023-05-12T14:01:12.956+0000] {logging_mixin.py:149} INFO - [2023-05-12T14:01:12.956+0000] {dagbag.py:541} INFO - Filling up the DagBag from /home/airflow/.local/lib/python3.7/site-packages/airflow/example_dags/example_task_group_decorator.py
[2023-05-12T14:01:12.968+0000] {processor.py:809} INFO - DAG(s) dict_keys(['example_task_group_decorator']) retrieved from /home/airflow/.local/lib/python3.7/site-packages/airflow/example_dags/example_task_group_decorator.py
[2023-05-12T14:01:12.995+0000] {logging_mixin.py:149} INFO - [2023-05-12T14:01:12.995+0000] {dag.py:2726} INFO - Sync 1 DAGs
[2023-05-12T14:01:13.017+0000] {logging_mixin.py:149} INFO - [2023-05-12T14:01:13.017+0000] {dag.py:3490} INFO - Setting next_dagrun for example_task_group_decorator to 2023-05-11T14:01:13.017141+00:00, run_after=2023-05-12T14:01:13.017141+00:00
[2023-05-12T14:01:13.033+0000] {processor.py:178} INFO - Processing /home/airflow/.local/lib/python3.7/site-packages/airflow/example_dags/example_task_group_decorator.py took 0.081 seconds
[2023-05-12T14:01:43.452+0000] {processor.py:156} INFO - Started process (PID=183) to work on /home/airflow/.local/lib/python3.7/site-packages/airflow/example_dags/example_task_group_decorator.py
[2023-05-12T14:01:43.454+0000] {processor.py:799} INFO - Processing file /home/airflow/.local/lib/python3.7/site-packages/airflow/example_dags/example_task_group_decorator.py for tasks to queue
[2023-05-12T14:01:43.454+0000] {logging_mixin.py:149} INFO - [2023-05-12T14:01:43.454+0000] {dagbag.py:541} INFO - Filling up the DagBag from /home/airflow/.local/lib/python3.7/site-packages/airflow/example_dags/example_task_group_decorator.py
[2023-05-12T14:01:43.464+0000] {processor.py:809} INFO - DAG(s) dict_keys(['example_task_group_decorator']) retrieved from /home/airflow/.local/lib/python3.7/site-packages/airflow/example_dags/example_task_group_decorator.py
[2023-05-12T14:01:43.494+0000] {logging_mixin.py:149} INFO - [2023-05-12T14:01:43.494+0000] {dag.py:2726} INFO - Sync 1 DAGs
[2023-05-12T14:01:43.521+0000] {logging_mixin.py:149} INFO - [2023-05-12T14:01:43.521+0000] {dag.py:3490} INFO - Setting next_dagrun for example_task_group_decorator to 2023-05-11T14:01:43.521328+00:00, run_after=2023-05-12T14:01:43.521328+00:00
[2023-05-12T14:01:43.542+0000] {processor.py:178} INFO - Processing /home/airflow/.local/lib/python3.7/site-packages/airflow/example_dags/example_task_group_decorator.py took 0.092 seconds
[2023-05-12T14:02:13.697+0000] {processor.py:156} INFO - Started process (PID=243) to work on /home/airflow/.local/lib/python3.7/site-packages/airflow/example_dags/example_task_group_decorator.py
[2023-05-12T14:02:13.698+0000] {processor.py:799} INFO - Processing file /home/airflow/.local/lib/python3.7/site-packages/airflow/example_dags/example_task_group_decorator.py for tasks to queue
[2023-05-12T14:02:13.699+0000] {logging_mixin.py:149} INFO - [2023-05-12T14:02:13.699+0000] {dagbag.py:541} INFO - Filling up the DagBag from /home/airflow/.local/lib/python3.7/site-packages/airflow/example_dags/example_task_group_decorator.py
[2023-05-12T14:02:13.709+0000] {processor.py:809} INFO - DAG(s) dict_keys(['example_task_group_decorator']) retrieved from /home/airflow/.local/lib/python3.7/site-packages/airflow/example_dags/example_task_group_decorator.py
[2023-05-12T14:02:13.734+0000] {logging_mixin.py:149} INFO - [2023-05-12T14:02:13.734+0000] {dag.py:2726} INFO - Sync 1 DAGs
[2023-05-12T14:02:13.755+0000] {logging_mixin.py:149} INFO - [2023-05-12T14:02:13.755+0000] {dag.py:3490} INFO - Setting next_dagrun for example_task_group_decorator to 2023-05-11T14:02:13.754929+00:00, run_after=2023-05-12T14:02:13.754929+00:00
[2023-05-12T14:02:13.772+0000] {processor.py:178} INFO - Processing /home/airflow/.local/lib/python3.7/site-packages/airflow/example_dags/example_task_group_decorator.py took 0.078 seconds
[2023-05-12T14:02:44.082+0000] {processor.py:156} INFO - Started process (PID=303) to work on /home/airflow/.local/lib/python3.7/site-packages/airflow/example_dags/example_task_group_decorator.py
[2023-05-12T14:02:44.083+0000] {processor.py:799} INFO - Processing file /home/airflow/.local/lib/python3.7/site-packages/airflow/example_dags/example_task_group_decorator.py for tasks to queue
[2023-05-12T14:02:44.083+0000] {logging_mixin.py:149} INFO - [2023-05-12T14:02:44.083+0000] {dagbag.py:541} INFO - Filling up the DagBag from /home/airflow/.local/lib/python3.7/site-packages/airflow/example_dags/example_task_group_decorator.py
[2023-05-12T14:02:44.095+0000] {processor.py:809} INFO - DAG(s) dict_keys(['example_task_group_decorator']) retrieved from /home/airflow/.local/lib/python3.7/site-packages/airflow/example_dags/example_task_group_decorator.py
[2023-05-12T14:02:44.123+0000] {logging_mixin.py:149} INFO - [2023-05-12T14:02:44.123+0000] {dag.py:2726} INFO - Sync 1 DAGs
[2023-05-12T14:02:44.146+0000] {logging_mixin.py:149} INFO - [2023-05-12T14:02:44.146+0000] {dag.py:3490} INFO - Setting next_dagrun for example_task_group_decorator to 2023-05-11T14:02:44.146113+00:00, run_after=2023-05-12T14:02:44.146113+00:00
[2023-05-12T14:02:44.164+0000] {processor.py:178} INFO - Processing /home/airflow/.local/lib/python3.7/site-packages/airflow/example_dags/example_task_group_decorator.py took 0.084 seconds
[2023-05-12T14:03:14.313+0000] {processor.py:156} INFO - Started process (PID=363) to work on /home/airflow/.local/lib/python3.7/site-packages/airflow/example_dags/example_task_group_decorator.py
[2023-05-12T14:03:14.314+0000] {processor.py:799} INFO - Processing file /home/airflow/.local/lib/python3.7/site-packages/airflow/example_dags/example_task_group_decorator.py for tasks to queue
[2023-05-12T14:03:14.315+0000] {logging_mixin.py:149} INFO - [2023-05-12T14:03:14.315+0000] {dagbag.py:541} INFO - Filling up the DagBag from /home/airflow/.local/lib/python3.7/site-packages/airflow/example_dags/example_task_group_decorator.py
[2023-05-12T14:03:14.328+0000] {processor.py:809} INFO - DAG(s) dict_keys(['example_task_group_decorator']) retrieved from /home/airflow/.local/lib/python3.7/site-packages/airflow/example_dags/example_task_group_decorator.py
[2023-05-12T14:03:14.353+0000] {logging_mixin.py:149} INFO - [2023-05-12T14:03:14.353+0000] {dag.py:2726} INFO - Sync 1 DAGs
[2023-05-12T14:03:14.374+0000] {logging_mixin.py:149} INFO - [2023-05-12T14:03:14.374+0000] {dag.py:3490} INFO - Setting next_dagrun for example_task_group_decorator to 2023-05-11T14:03:14.374492+00:00, run_after=2023-05-12T14:03:14.374492+00:00
[2023-05-12T14:03:14.391+0000] {processor.py:178} INFO - Processing /home/airflow/.local/lib/python3.7/site-packages/airflow/example_dags/example_task_group_decorator.py took 0.080 seconds
[2023-05-12T14:03:44.601+0000] {processor.py:156} INFO - Started process (PID=423) to work on /home/airflow/.local/lib/python3.7/site-packages/airflow/example_dags/example_task_group_decorator.py
[2023-05-12T14:03:44.602+0000] {processor.py:799} INFO - Processing file /home/airflow/.local/lib/python3.7/site-packages/airflow/example_dags/example_task_group_decorator.py for tasks to queue
[2023-05-12T14:03:44.602+0000] {logging_mixin.py:149} INFO - [2023-05-12T14:03:44.602+0000] {dagbag.py:541} INFO - Filling up the DagBag from /home/airflow/.local/lib/python3.7/site-packages/airflow/example_dags/example_task_group_decorator.py
[2023-05-12T14:03:44.613+0000] {processor.py:809} INFO - DAG(s) dict_keys(['example_task_group_decorator']) retrieved from /home/airflow/.local/lib/python3.7/site-packages/airflow/example_dags/example_task_group_decorator.py
[2023-05-12T14:03:44.637+0000] {logging_mixin.py:149} INFO - [2023-05-12T14:03:44.637+0000] {dag.py:2726} INFO - Sync 1 DAGs
[2023-05-12T14:03:44.657+0000] {logging_mixin.py:149} INFO - [2023-05-12T14:03:44.657+0000] {dag.py:3490} INFO - Setting next_dagrun for example_task_group_decorator to 2023-05-11T14:03:44.657094+00:00, run_after=2023-05-12T14:03:44.657094+00:00
[2023-05-12T14:03:44.675+0000] {processor.py:178} INFO - Processing /home/airflow/.local/lib/python3.7/site-packages/airflow/example_dags/example_task_group_decorator.py took 0.076 seconds
[2023-05-12T14:04:14.964+0000] {processor.py:156} INFO - Started process (PID=483) to work on /home/airflow/.local/lib/python3.7/site-packages/airflow/example_dags/example_task_group_decorator.py
[2023-05-12T14:04:14.965+0000] {processor.py:799} INFO - Processing file /home/airflow/.local/lib/python3.7/site-packages/airflow/example_dags/example_task_group_decorator.py for tasks to queue
[2023-05-12T14:04:14.966+0000] {logging_mixin.py:149} INFO - [2023-05-12T14:04:14.965+0000] {dagbag.py:541} INFO - Filling up the DagBag from /home/airflow/.local/lib/python3.7/site-packages/airflow/example_dags/example_task_group_decorator.py
[2023-05-12T14:04:14.979+0000] {processor.py:809} INFO - DAG(s) dict_keys(['example_task_group_decorator']) retrieved from /home/airflow/.local/lib/python3.7/site-packages/airflow/example_dags/example_task_group_decorator.py
[2023-05-12T14:04:15.007+0000] {logging_mixin.py:149} INFO - [2023-05-12T14:04:15.007+0000] {dag.py:2726} INFO - Sync 1 DAGs
[2023-05-12T14:04:15.029+0000] {logging_mixin.py:149} INFO - [2023-05-12T14:04:15.029+0000] {dag.py:3490} INFO - Setting next_dagrun for example_task_group_decorator to 2023-05-11T14:04:15.029037+00:00, run_after=2023-05-12T14:04:15.029037+00:00
[2023-05-12T14:04:15.048+0000] {processor.py:178} INFO - Processing /home/airflow/.local/lib/python3.7/site-packages/airflow/example_dags/example_task_group_decorator.py took 0.087 seconds
