[2023-05-12T13:59:36.246+0000] {processor.py:156} INFO - Started process (PID=57) to work on /home/airflow/.local/lib/python3.7/site-packages/airflow/example_dags/example_sla_dag.py
[2023-05-12T13:59:36.246+0000] {processor.py:799} INFO - Processing file /home/airflow/.local/lib/python3.7/site-packages/airflow/example_dags/example_sla_dag.py for tasks to queue
[2023-05-12T13:59:36.247+0000] {logging_mixin.py:149} INFO - [2023-05-12T13:59:36.247+0000] {dagbag.py:541} INFO - Filling up the DagBag from /home/airflow/.local/lib/python3.7/site-packages/airflow/example_dags/example_sla_dag.py
[2023-05-12T13:59:36.255+0000] {processor.py:809} INFO - DAG(s) dict_keys(['example_sla_dag']) retrieved from /home/airflow/.local/lib/python3.7/site-packages/airflow/example_dags/example_sla_dag.py
[2023-05-12T13:59:36.266+0000] {logging_mixin.py:149} INFO - [2023-05-12T13:59:36.266+0000] {dag.py:2726} INFO - Sync 1 DAGs
[2023-05-12T13:59:36.296+0000] {logging_mixin.py:149} INFO - [2023-05-12T13:59:36.296+0000] {dag.py:3490} INFO - Setting next_dagrun for example_sla_dag to 2023-05-12T13:56:00+00:00, run_after=2023-05-12T13:58:00+00:00
[2023-05-12T13:59:36.317+0000] {processor.py:178} INFO - Processing /home/airflow/.local/lib/python3.7/site-packages/airflow/example_dags/example_sla_dag.py took 0.073 seconds
[2023-05-12T14:00:42.373+0000] {processor.py:156} INFO - Started process (PID=57) to work on /home/airflow/.local/lib/python3.7/site-packages/airflow/example_dags/example_sla_dag.py
[2023-05-12T14:00:42.374+0000] {processor.py:799} INFO - Processing file /home/airflow/.local/lib/python3.7/site-packages/airflow/example_dags/example_sla_dag.py for tasks to queue
[2023-05-12T14:00:42.375+0000] {logging_mixin.py:149} INFO - [2023-05-12T14:00:42.375+0000] {dagbag.py:541} INFO - Filling up the DagBag from /home/airflow/.local/lib/python3.7/site-packages/airflow/example_dags/example_sla_dag.py
[2023-05-12T14:00:42.385+0000] {processor.py:809} INFO - DAG(s) dict_keys(['example_sla_dag']) retrieved from /home/airflow/.local/lib/python3.7/site-packages/airflow/example_dags/example_sla_dag.py
[2023-05-12T14:00:42.398+0000] {logging_mixin.py:149} INFO - [2023-05-12T14:00:42.398+0000] {dag.py:2726} INFO - Sync 1 DAGs
[2023-05-12T14:00:42.431+0000] {logging_mixin.py:149} INFO - [2023-05-12T14:00:42.431+0000] {dag.py:3490} INFO - Setting next_dagrun for example_sla_dag to 2023-05-12T13:58:00+00:00, run_after=2023-05-12T14:00:00+00:00
[2023-05-12T14:00:42.452+0000] {processor.py:178} INFO - Processing /home/airflow/.local/lib/python3.7/site-packages/airflow/example_dags/example_sla_dag.py took 0.082 seconds
[2023-05-12T14:01:12.666+0000] {processor.py:156} INFO - Started process (PID=117) to work on /home/airflow/.local/lib/python3.7/site-packages/airflow/example_dags/example_sla_dag.py
[2023-05-12T14:01:12.667+0000] {processor.py:799} INFO - Processing file /home/airflow/.local/lib/python3.7/site-packages/airflow/example_dags/example_sla_dag.py for tasks to queue
[2023-05-12T14:01:12.667+0000] {logging_mixin.py:149} INFO - [2023-05-12T14:01:12.667+0000] {dagbag.py:541} INFO - Filling up the DagBag from /home/airflow/.local/lib/python3.7/site-packages/airflow/example_dags/example_sla_dag.py
[2023-05-12T14:01:12.677+0000] {processor.py:809} INFO - DAG(s) dict_keys(['example_sla_dag']) retrieved from /home/airflow/.local/lib/python3.7/site-packages/airflow/example_dags/example_sla_dag.py
[2023-05-12T14:01:12.702+0000] {logging_mixin.py:149} INFO - [2023-05-12T14:01:12.702+0000] {dag.py:2726} INFO - Sync 1 DAGs
[2023-05-12T14:01:12.732+0000] {logging_mixin.py:149} INFO - [2023-05-12T14:01:12.732+0000] {dag.py:3490} INFO - Setting next_dagrun for example_sla_dag to 2023-05-12T13:58:00+00:00, run_after=2023-05-12T14:00:00+00:00
[2023-05-12T14:01:12.752+0000] {processor.py:178} INFO - Processing /home/airflow/.local/lib/python3.7/site-packages/airflow/example_dags/example_sla_dag.py took 0.089 seconds
[2023-05-12T14:01:43.177+0000] {processor.py:156} INFO - Started process (PID=177) to work on /home/airflow/.local/lib/python3.7/site-packages/airflow/example_dags/example_sla_dag.py
[2023-05-12T14:01:43.178+0000] {processor.py:799} INFO - Processing file /home/airflow/.local/lib/python3.7/site-packages/airflow/example_dags/example_sla_dag.py for tasks to queue
[2023-05-12T14:01:43.178+0000] {logging_mixin.py:149} INFO - [2023-05-12T14:01:43.178+0000] {dagbag.py:541} INFO - Filling up the DagBag from /home/airflow/.local/lib/python3.7/site-packages/airflow/example_dags/example_sla_dag.py
[2023-05-12T14:01:43.185+0000] {processor.py:809} INFO - DAG(s) dict_keys(['example_sla_dag']) retrieved from /home/airflow/.local/lib/python3.7/site-packages/airflow/example_dags/example_sla_dag.py
[2023-05-12T14:01:43.210+0000] {logging_mixin.py:149} INFO - [2023-05-12T14:01:43.209+0000] {dag.py:2726} INFO - Sync 1 DAGs
[2023-05-12T14:01:43.233+0000] {logging_mixin.py:149} INFO - [2023-05-12T14:01:43.233+0000] {dag.py:3490} INFO - Setting next_dagrun for example_sla_dag to 2023-05-12T13:58:00+00:00, run_after=2023-05-12T14:00:00+00:00
[2023-05-12T14:01:43.251+0000] {processor.py:178} INFO - Processing /home/airflow/.local/lib/python3.7/site-packages/airflow/example_dags/example_sla_dag.py took 0.077 seconds
[2023-05-12T14:02:13.431+0000] {processor.py:156} INFO - Started process (PID=237) to work on /home/airflow/.local/lib/python3.7/site-packages/airflow/example_dags/example_sla_dag.py
[2023-05-12T14:02:13.432+0000] {processor.py:799} INFO - Processing file /home/airflow/.local/lib/python3.7/site-packages/airflow/example_dags/example_sla_dag.py for tasks to queue
[2023-05-12T14:02:13.432+0000] {logging_mixin.py:149} INFO - [2023-05-12T14:02:13.432+0000] {dagbag.py:541} INFO - Filling up the DagBag from /home/airflow/.local/lib/python3.7/site-packages/airflow/example_dags/example_sla_dag.py
[2023-05-12T14:02:13.438+0000] {processor.py:809} INFO - DAG(s) dict_keys(['example_sla_dag']) retrieved from /home/airflow/.local/lib/python3.7/site-packages/airflow/example_dags/example_sla_dag.py
[2023-05-12T14:02:13.459+0000] {logging_mixin.py:149} INFO - [2023-05-12T14:02:13.458+0000] {dag.py:2726} INFO - Sync 1 DAGs
[2023-05-12T14:02:13.482+0000] {logging_mixin.py:149} INFO - [2023-05-12T14:02:13.482+0000] {dag.py:3490} INFO - Setting next_dagrun for example_sla_dag to 2023-05-12T14:00:00+00:00, run_after=2023-05-12T14:02:00+00:00
[2023-05-12T14:02:13.499+0000] {processor.py:178} INFO - Processing /home/airflow/.local/lib/python3.7/site-packages/airflow/example_dags/example_sla_dag.py took 0.071 seconds
[2023-05-12T14:02:43.786+0000] {processor.py:156} INFO - Started process (PID=297) to work on /home/airflow/.local/lib/python3.7/site-packages/airflow/example_dags/example_sla_dag.py
[2023-05-12T14:02:43.786+0000] {processor.py:799} INFO - Processing file /home/airflow/.local/lib/python3.7/site-packages/airflow/example_dags/example_sla_dag.py for tasks to queue
[2023-05-12T14:02:43.787+0000] {logging_mixin.py:149} INFO - [2023-05-12T14:02:43.787+0000] {dagbag.py:541} INFO - Filling up the DagBag from /home/airflow/.local/lib/python3.7/site-packages/airflow/example_dags/example_sla_dag.py
[2023-05-12T14:02:43.794+0000] {processor.py:809} INFO - DAG(s) dict_keys(['example_sla_dag']) retrieved from /home/airflow/.local/lib/python3.7/site-packages/airflow/example_dags/example_sla_dag.py
[2023-05-12T14:02:43.817+0000] {logging_mixin.py:149} INFO - [2023-05-12T14:02:43.816+0000] {dag.py:2726} INFO - Sync 1 DAGs
[2023-05-12T14:02:43.843+0000] {logging_mixin.py:149} INFO - [2023-05-12T14:02:43.843+0000] {dag.py:3490} INFO - Setting next_dagrun for example_sla_dag to 2023-05-12T14:00:00+00:00, run_after=2023-05-12T14:02:00+00:00
[2023-05-12T14:02:43.862+0000] {processor.py:178} INFO - Processing /home/airflow/.local/lib/python3.7/site-packages/airflow/example_dags/example_sla_dag.py took 0.079 seconds
[2023-05-12T14:03:14.025+0000] {processor.py:156} INFO - Started process (PID=357) to work on /home/airflow/.local/lib/python3.7/site-packages/airflow/example_dags/example_sla_dag.py
[2023-05-12T14:03:14.026+0000] {processor.py:799} INFO - Processing file /home/airflow/.local/lib/python3.7/site-packages/airflow/example_dags/example_sla_dag.py for tasks to queue
[2023-05-12T14:03:14.027+0000] {logging_mixin.py:149} INFO - [2023-05-12T14:03:14.027+0000] {dagbag.py:541} INFO - Filling up the DagBag from /home/airflow/.local/lib/python3.7/site-packages/airflow/example_dags/example_sla_dag.py
[2023-05-12T14:03:14.033+0000] {processor.py:809} INFO - DAG(s) dict_keys(['example_sla_dag']) retrieved from /home/airflow/.local/lib/python3.7/site-packages/airflow/example_dags/example_sla_dag.py
[2023-05-12T14:03:14.054+0000] {logging_mixin.py:149} INFO - [2023-05-12T14:03:14.053+0000] {dag.py:2726} INFO - Sync 1 DAGs
[2023-05-12T14:03:14.076+0000] {logging_mixin.py:149} INFO - [2023-05-12T14:03:14.076+0000] {dag.py:3490} INFO - Setting next_dagrun for example_sla_dag to 2023-05-12T14:00:00+00:00, run_after=2023-05-12T14:02:00+00:00
[2023-05-12T14:03:14.094+0000] {processor.py:178} INFO - Processing /home/airflow/.local/lib/python3.7/site-packages/airflow/example_dags/example_sla_dag.py took 0.071 seconds
[2023-05-12T14:03:44.333+0000] {processor.py:156} INFO - Started process (PID=417) to work on /home/airflow/.local/lib/python3.7/site-packages/airflow/example_dags/example_sla_dag.py
[2023-05-12T14:03:44.334+0000] {processor.py:799} INFO - Processing file /home/airflow/.local/lib/python3.7/site-packages/airflow/example_dags/example_sla_dag.py for tasks to queue
[2023-05-12T14:03:44.334+0000] {logging_mixin.py:149} INFO - [2023-05-12T14:03:44.334+0000] {dagbag.py:541} INFO - Filling up the DagBag from /home/airflow/.local/lib/python3.7/site-packages/airflow/example_dags/example_sla_dag.py
[2023-05-12T14:03:44.340+0000] {processor.py:809} INFO - DAG(s) dict_keys(['example_sla_dag']) retrieved from /home/airflow/.local/lib/python3.7/site-packages/airflow/example_dags/example_sla_dag.py
[2023-05-12T14:03:44.360+0000] {logging_mixin.py:149} INFO - [2023-05-12T14:03:44.360+0000] {dag.py:2726} INFO - Sync 1 DAGs
[2023-05-12T14:03:44.384+0000] {logging_mixin.py:149} INFO - [2023-05-12T14:03:44.384+0000] {dag.py:3490} INFO - Setting next_dagrun for example_sla_dag to 2023-05-12T14:00:00+00:00, run_after=2023-05-12T14:02:00+00:00
[2023-05-12T14:03:44.402+0000] {processor.py:178} INFO - Processing /home/airflow/.local/lib/python3.7/site-packages/airflow/example_dags/example_sla_dag.py took 0.071 seconds
[2023-05-12T14:04:14.674+0000] {processor.py:156} INFO - Started process (PID=477) to work on /home/airflow/.local/lib/python3.7/site-packages/airflow/example_dags/example_sla_dag.py
[2023-05-12T14:04:14.675+0000] {processor.py:799} INFO - Processing file /home/airflow/.local/lib/python3.7/site-packages/airflow/example_dags/example_sla_dag.py for tasks to queue
[2023-05-12T14:04:14.676+0000] {logging_mixin.py:149} INFO - [2023-05-12T14:04:14.676+0000] {dagbag.py:541} INFO - Filling up the DagBag from /home/airflow/.local/lib/python3.7/site-packages/airflow/example_dags/example_sla_dag.py
[2023-05-12T14:04:14.683+0000] {processor.py:809} INFO - DAG(s) dict_keys(['example_sla_dag']) retrieved from /home/airflow/.local/lib/python3.7/site-packages/airflow/example_dags/example_sla_dag.py
[2023-05-12T14:04:14.705+0000] {logging_mixin.py:149} INFO - [2023-05-12T14:04:14.705+0000] {dag.py:2726} INFO - Sync 1 DAGs
[2023-05-12T14:04:14.730+0000] {logging_mixin.py:149} INFO - [2023-05-12T14:04:14.730+0000] {dag.py:3490} INFO - Setting next_dagrun for example_sla_dag to 2023-05-12T14:02:00+00:00, run_after=2023-05-12T14:04:00+00:00
[2023-05-12T14:04:14.748+0000] {processor.py:178} INFO - Processing /home/airflow/.local/lib/python3.7/site-packages/airflow/example_dags/example_sla_dag.py took 0.076 seconds
