[2023-05-12T13:59:37.045+0000] {processor.py:156} INFO - Started process (PID=68) to work on /home/airflow/.local/lib/python3.7/site-packages/airflow/example_dags/example_latest_only_with_trigger.py
[2023-05-12T13:59:37.046+0000] {processor.py:799} INFO - Processing file /home/airflow/.local/lib/python3.7/site-packages/airflow/example_dags/example_latest_only_with_trigger.py for tasks to queue
[2023-05-12T13:59:37.047+0000] {logging_mixin.py:149} INFO - [2023-05-12T13:59:37.047+0000] {dagbag.py:541} INFO - Filling up the DagBag from /home/airflow/.local/lib/python3.7/site-packages/airflow/example_dags/example_latest_only_with_trigger.py
[2023-05-12T13:59:37.057+0000] {processor.py:809} INFO - DAG(s) dict_keys(['latest_only_with_trigger']) retrieved from /home/airflow/.local/lib/python3.7/site-packages/airflow/example_dags/example_latest_only_with_trigger.py
[2023-05-12T13:59:37.070+0000] {logging_mixin.py:149} INFO - [2023-05-12T13:59:37.069+0000] {dag.py:2726} INFO - Sync 1 DAGs
[2023-05-12T13:59:37.096+0000] {logging_mixin.py:149} INFO - [2023-05-12T13:59:37.095+0000] {dag.py:3490} INFO - Setting next_dagrun for latest_only_with_trigger to 2023-05-12T09:59:37.095774+00:00, run_after=2023-05-12T13:59:37.095774+00:00
[2023-05-12T13:59:37.116+0000] {processor.py:178} INFO - Processing /home/airflow/.local/lib/python3.7/site-packages/airflow/example_dags/example_latest_only_with_trigger.py took 0.074 seconds
[2023-05-12T14:00:43.256+0000] {processor.py:156} INFO - Started process (PID=68) to work on /home/airflow/.local/lib/python3.7/site-packages/airflow/example_dags/example_latest_only_with_trigger.py
[2023-05-12T14:00:43.257+0000] {processor.py:799} INFO - Processing file /home/airflow/.local/lib/python3.7/site-packages/airflow/example_dags/example_latest_only_with_trigger.py for tasks to queue
[2023-05-12T14:00:43.258+0000] {logging_mixin.py:149} INFO - [2023-05-12T14:00:43.258+0000] {dagbag.py:541} INFO - Filling up the DagBag from /home/airflow/.local/lib/python3.7/site-packages/airflow/example_dags/example_latest_only_with_trigger.py
[2023-05-12T14:00:43.268+0000] {processor.py:809} INFO - DAG(s) dict_keys(['latest_only_with_trigger']) retrieved from /home/airflow/.local/lib/python3.7/site-packages/airflow/example_dags/example_latest_only_with_trigger.py
[2023-05-12T14:00:43.280+0000] {logging_mixin.py:149} INFO - [2023-05-12T14:00:43.280+0000] {dag.py:2726} INFO - Sync 1 DAGs
[2023-05-12T14:00:43.314+0000] {logging_mixin.py:149} INFO - [2023-05-12T14:00:43.313+0000] {dag.py:3490} INFO - Setting next_dagrun for latest_only_with_trigger to 2023-05-12T10:00:43.313542+00:00, run_after=2023-05-12T14:00:43.313542+00:00
[2023-05-12T14:00:43.335+0000] {processor.py:178} INFO - Processing /home/airflow/.local/lib/python3.7/site-packages/airflow/example_dags/example_latest_only_with_trigger.py took 0.082 seconds
[2023-05-12T14:01:13.352+0000] {processor.py:156} INFO - Started process (PID=128) to work on /home/airflow/.local/lib/python3.7/site-packages/airflow/example_dags/example_latest_only_with_trigger.py
[2023-05-12T14:01:13.353+0000] {processor.py:799} INFO - Processing file /home/airflow/.local/lib/python3.7/site-packages/airflow/example_dags/example_latest_only_with_trigger.py for tasks to queue
[2023-05-12T14:01:13.354+0000] {logging_mixin.py:149} INFO - [2023-05-12T14:01:13.354+0000] {dagbag.py:541} INFO - Filling up the DagBag from /home/airflow/.local/lib/python3.7/site-packages/airflow/example_dags/example_latest_only_with_trigger.py
[2023-05-12T14:01:13.360+0000] {processor.py:809} INFO - DAG(s) dict_keys(['latest_only_with_trigger']) retrieved from /home/airflow/.local/lib/python3.7/site-packages/airflow/example_dags/example_latest_only_with_trigger.py
[2023-05-12T14:01:13.381+0000] {logging_mixin.py:149} INFO - [2023-05-12T14:01:13.381+0000] {dag.py:2726} INFO - Sync 1 DAGs
[2023-05-12T14:01:13.404+0000] {logging_mixin.py:149} INFO - [2023-05-12T14:01:13.404+0000] {dag.py:3490} INFO - Setting next_dagrun for latest_only_with_trigger to 2023-05-12T10:01:13.404128+00:00, run_after=2023-05-12T14:01:13.404128+00:00
[2023-05-12T14:01:13.424+0000] {processor.py:178} INFO - Processing /home/airflow/.local/lib/python3.7/site-packages/airflow/example_dags/example_latest_only_with_trigger.py took 0.074 seconds
[2023-05-12T14:01:43.642+0000] {processor.py:156} INFO - Started process (PID=187) to work on /home/airflow/.local/lib/python3.7/site-packages/airflow/example_dags/example_latest_only_with_trigger.py
[2023-05-12T14:01:43.643+0000] {processor.py:799} INFO - Processing file /home/airflow/.local/lib/python3.7/site-packages/airflow/example_dags/example_latest_only_with_trigger.py for tasks to queue
[2023-05-12T14:01:43.644+0000] {logging_mixin.py:149} INFO - [2023-05-12T14:01:43.643+0000] {dagbag.py:541} INFO - Filling up the DagBag from /home/airflow/.local/lib/python3.7/site-packages/airflow/example_dags/example_latest_only_with_trigger.py
[2023-05-12T14:01:43.649+0000] {processor.py:809} INFO - DAG(s) dict_keys(['latest_only_with_trigger']) retrieved from /home/airflow/.local/lib/python3.7/site-packages/airflow/example_dags/example_latest_only_with_trigger.py
[2023-05-12T14:01:43.673+0000] {logging_mixin.py:149} INFO - [2023-05-12T14:01:43.672+0000] {dag.py:2726} INFO - Sync 1 DAGs
[2023-05-12T14:01:43.698+0000] {logging_mixin.py:149} INFO - [2023-05-12T14:01:43.698+0000] {dag.py:3490} INFO - Setting next_dagrun for latest_only_with_trigger to 2023-05-12T10:01:43.698250+00:00, run_after=2023-05-12T14:01:43.698250+00:00
[2023-05-12T14:01:43.717+0000] {processor.py:178} INFO - Processing /home/airflow/.local/lib/python3.7/site-packages/airflow/example_dags/example_latest_only_with_trigger.py took 0.078 seconds
[2023-05-12T14:02:13.863+0000] {processor.py:156} INFO - Started process (PID=247) to work on /home/airflow/.local/lib/python3.7/site-packages/airflow/example_dags/example_latest_only_with_trigger.py
[2023-05-12T14:02:13.864+0000] {processor.py:799} INFO - Processing file /home/airflow/.local/lib/python3.7/site-packages/airflow/example_dags/example_latest_only_with_trigger.py for tasks to queue
[2023-05-12T14:02:13.865+0000] {logging_mixin.py:149} INFO - [2023-05-12T14:02:13.865+0000] {dagbag.py:541} INFO - Filling up the DagBag from /home/airflow/.local/lib/python3.7/site-packages/airflow/example_dags/example_latest_only_with_trigger.py
[2023-05-12T14:02:13.869+0000] {processor.py:809} INFO - DAG(s) dict_keys(['latest_only_with_trigger']) retrieved from /home/airflow/.local/lib/python3.7/site-packages/airflow/example_dags/example_latest_only_with_trigger.py
[2023-05-12T14:02:13.891+0000] {logging_mixin.py:149} INFO - [2023-05-12T14:02:13.890+0000] {dag.py:2726} INFO - Sync 1 DAGs
[2023-05-12T14:02:13.912+0000] {logging_mixin.py:149} INFO - [2023-05-12T14:02:13.912+0000] {dag.py:3490} INFO - Setting next_dagrun for latest_only_with_trigger to 2023-05-12T10:02:13.911774+00:00, run_after=2023-05-12T14:02:13.911774+00:00
[2023-05-12T14:02:13.929+0000] {processor.py:178} INFO - Processing /home/airflow/.local/lib/python3.7/site-packages/airflow/example_dags/example_latest_only_with_trigger.py took 0.068 seconds
[2023-05-12T14:02:44.259+0000] {processor.py:156} INFO - Started process (PID=307) to work on /home/airflow/.local/lib/python3.7/site-packages/airflow/example_dags/example_latest_only_with_trigger.py
[2023-05-12T14:02:44.259+0000] {processor.py:799} INFO - Processing file /home/airflow/.local/lib/python3.7/site-packages/airflow/example_dags/example_latest_only_with_trigger.py for tasks to queue
[2023-05-12T14:02:44.260+0000] {logging_mixin.py:149} INFO - [2023-05-12T14:02:44.259+0000] {dagbag.py:541} INFO - Filling up the DagBag from /home/airflow/.local/lib/python3.7/site-packages/airflow/example_dags/example_latest_only_with_trigger.py
[2023-05-12T14:02:44.264+0000] {processor.py:809} INFO - DAG(s) dict_keys(['latest_only_with_trigger']) retrieved from /home/airflow/.local/lib/python3.7/site-packages/airflow/example_dags/example_latest_only_with_trigger.py
[2023-05-12T14:02:44.285+0000] {logging_mixin.py:149} INFO - [2023-05-12T14:02:44.285+0000] {dag.py:2726} INFO - Sync 1 DAGs
[2023-05-12T14:02:44.308+0000] {logging_mixin.py:149} INFO - [2023-05-12T14:02:44.308+0000] {dag.py:3490} INFO - Setting next_dagrun for latest_only_with_trigger to 2023-05-12T10:02:44.308179+00:00, run_after=2023-05-12T14:02:44.308179+00:00
[2023-05-12T14:02:44.331+0000] {processor.py:178} INFO - Processing /home/airflow/.local/lib/python3.7/site-packages/airflow/example_dags/example_latest_only_with_trigger.py took 0.075 seconds
[2023-05-12T14:03:14.486+0000] {processor.py:156} INFO - Started process (PID=367) to work on /home/airflow/.local/lib/python3.7/site-packages/airflow/example_dags/example_latest_only_with_trigger.py
[2023-05-12T14:03:14.487+0000] {processor.py:799} INFO - Processing file /home/airflow/.local/lib/python3.7/site-packages/airflow/example_dags/example_latest_only_with_trigger.py for tasks to queue
[2023-05-12T14:03:14.487+0000] {logging_mixin.py:149} INFO - [2023-05-12T14:03:14.487+0000] {dagbag.py:541} INFO - Filling up the DagBag from /home/airflow/.local/lib/python3.7/site-packages/airflow/example_dags/example_latest_only_with_trigger.py
[2023-05-12T14:03:14.492+0000] {processor.py:809} INFO - DAG(s) dict_keys(['latest_only_with_trigger']) retrieved from /home/airflow/.local/lib/python3.7/site-packages/airflow/example_dags/example_latest_only_with_trigger.py
[2023-05-12T14:03:14.513+0000] {logging_mixin.py:149} INFO - [2023-05-12T14:03:14.513+0000] {dag.py:2726} INFO - Sync 1 DAGs
[2023-05-12T14:03:14.534+0000] {logging_mixin.py:149} INFO - [2023-05-12T14:03:14.534+0000] {dag.py:3490} INFO - Setting next_dagrun for latest_only_with_trigger to 2023-05-12T10:03:14.533974+00:00, run_after=2023-05-12T14:03:14.533974+00:00
[2023-05-12T14:03:14.552+0000] {processor.py:178} INFO - Processing /home/airflow/.local/lib/python3.7/site-packages/airflow/example_dags/example_latest_only_with_trigger.py took 0.070 seconds
[2023-05-12T14:03:44.771+0000] {processor.py:156} INFO - Started process (PID=427) to work on /home/airflow/.local/lib/python3.7/site-packages/airflow/example_dags/example_latest_only_with_trigger.py
[2023-05-12T14:03:44.772+0000] {processor.py:799} INFO - Processing file /home/airflow/.local/lib/python3.7/site-packages/airflow/example_dags/example_latest_only_with_trigger.py for tasks to queue
[2023-05-12T14:03:44.772+0000] {logging_mixin.py:149} INFO - [2023-05-12T14:03:44.772+0000] {dagbag.py:541} INFO - Filling up the DagBag from /home/airflow/.local/lib/python3.7/site-packages/airflow/example_dags/example_latest_only_with_trigger.py
[2023-05-12T14:03:44.776+0000] {processor.py:809} INFO - DAG(s) dict_keys(['latest_only_with_trigger']) retrieved from /home/airflow/.local/lib/python3.7/site-packages/airflow/example_dags/example_latest_only_with_trigger.py
[2023-05-12T14:03:44.798+0000] {logging_mixin.py:149} INFO - [2023-05-12T14:03:44.798+0000] {dag.py:2726} INFO - Sync 1 DAGs
[2023-05-12T14:03:44.818+0000] {logging_mixin.py:149} INFO - [2023-05-12T14:03:44.818+0000] {dag.py:3490} INFO - Setting next_dagrun for latest_only_with_trigger to 2023-05-12T10:03:44.818401+00:00, run_after=2023-05-12T14:03:44.818401+00:00
[2023-05-12T14:03:44.835+0000] {processor.py:178} INFO - Processing /home/airflow/.local/lib/python3.7/site-packages/airflow/example_dags/example_latest_only_with_trigger.py took 0.067 seconds
[2023-05-12T14:04:15.146+0000] {processor.py:156} INFO - Started process (PID=487) to work on /home/airflow/.local/lib/python3.7/site-packages/airflow/example_dags/example_latest_only_with_trigger.py
[2023-05-12T14:04:15.147+0000] {processor.py:799} INFO - Processing file /home/airflow/.local/lib/python3.7/site-packages/airflow/example_dags/example_latest_only_with_trigger.py for tasks to queue
[2023-05-12T14:04:15.147+0000] {logging_mixin.py:149} INFO - [2023-05-12T14:04:15.147+0000] {dagbag.py:541} INFO - Filling up the DagBag from /home/airflow/.local/lib/python3.7/site-packages/airflow/example_dags/example_latest_only_with_trigger.py
[2023-05-12T14:04:15.152+0000] {processor.py:809} INFO - DAG(s) dict_keys(['latest_only_with_trigger']) retrieved from /home/airflow/.local/lib/python3.7/site-packages/airflow/example_dags/example_latest_only_with_trigger.py
[2023-05-12T14:04:15.176+0000] {logging_mixin.py:149} INFO - [2023-05-12T14:04:15.175+0000] {dag.py:2726} INFO - Sync 1 DAGs
[2023-05-12T14:04:15.201+0000] {logging_mixin.py:149} INFO - [2023-05-12T14:04:15.200+0000] {dag.py:3490} INFO - Setting next_dagrun for latest_only_with_trigger to 2023-05-12T10:04:15.200642+00:00, run_after=2023-05-12T14:04:15.200642+00:00
[2023-05-12T14:04:15.220+0000] {processor.py:178} INFO - Processing /home/airflow/.local/lib/python3.7/site-packages/airflow/example_dags/example_latest_only_with_trigger.py took 0.077 seconds
