[2023-05-12T13:59:37.137+0000] {processor.py:156} INFO - Started process (PID=70) to work on /home/airflow/.local/lib/python3.7/site-packages/airflow/example_dags/example_subdag_operator.py
[2023-05-12T13:59:37.138+0000] {processor.py:799} INFO - Processing file /home/airflow/.local/lib/python3.7/site-packages/airflow/example_dags/example_subdag_operator.py for tasks to queue
[2023-05-12T13:59:37.139+0000] {logging_mixin.py:149} INFO - [2023-05-12T13:59:37.138+0000] {dagbag.py:541} INFO - Filling up the DagBag from /home/airflow/.local/lib/python3.7/site-packages/airflow/example_dags/example_subdag_operator.py
[2023-05-12T13:59:37.161+0000] {processor.py:809} INFO - DAG(s) dict_keys(['example_subdag_operator.section-1', 'example_subdag_operator.section-2', 'example_subdag_operator']) retrieved from /home/airflow/.local/lib/python3.7/site-packages/airflow/example_dags/example_subdag_operator.py
[2023-05-12T13:59:37.164+0000] {logging_mixin.py:149} INFO - [2023-05-12T13:59:37.164+0000] {dag.py:2726} INFO - Sync 3 DAGs
[2023-05-12T13:59:37.193+0000] {logging_mixin.py:149} INFO - [2023-05-12T13:59:37.193+0000] {dag.py:3490} INFO - Setting next_dagrun for example_subdag_operator to 2022-01-01T00:00:00+00:00, run_after=2022-01-01T00:00:00+00:00
[2023-05-12T13:59:37.196+0000] {logging_mixin.py:149} INFO - [2023-05-12T13:59:37.196+0000] {dag.py:3490} INFO - Setting next_dagrun for example_subdag_operator.section-1 to None, run_after=None
[2023-05-12T13:59:37.197+0000] {logging_mixin.py:149} INFO - [2023-05-12T13:59:37.197+0000] {dag.py:3490} INFO - Setting next_dagrun for example_subdag_operator.section-2 to None, run_after=None
[2023-05-12T13:59:37.204+0000] {logging_mixin.py:149} INFO - [2023-05-12T13:59:37.204+0000] {dag.py:2726} INFO - Sync 2 DAGs
[2023-05-12T13:59:37.210+0000] {logging_mixin.py:149} INFO - [2023-05-12T13:59:37.210+0000] {dag.py:3490} INFO - Setting next_dagrun for example_subdag_operator.section-1 to None, run_after=None
[2023-05-12T13:59:37.211+0000] {logging_mixin.py:149} INFO - [2023-05-12T13:59:37.210+0000] {dag.py:3490} INFO - Setting next_dagrun for example_subdag_operator.section-2 to None, run_after=None
[2023-05-12T13:59:37.224+0000] {processor.py:178} INFO - Processing /home/airflow/.local/lib/python3.7/site-packages/airflow/example_dags/example_subdag_operator.py took 0.090 seconds
[2023-05-12T14:00:43.356+0000] {processor.py:156} INFO - Started process (PID=70) to work on /home/airflow/.local/lib/python3.7/site-packages/airflow/example_dags/example_subdag_operator.py
[2023-05-12T14:00:43.357+0000] {processor.py:799} INFO - Processing file /home/airflow/.local/lib/python3.7/site-packages/airflow/example_dags/example_subdag_operator.py for tasks to queue
[2023-05-12T14:00:43.358+0000] {logging_mixin.py:149} INFO - [2023-05-12T14:00:43.358+0000] {dagbag.py:541} INFO - Filling up the DagBag from /home/airflow/.local/lib/python3.7/site-packages/airflow/example_dags/example_subdag_operator.py
[2023-05-12T14:00:43.382+0000] {processor.py:809} INFO - DAG(s) dict_keys(['example_subdag_operator.section-1', 'example_subdag_operator.section-2', 'example_subdag_operator']) retrieved from /home/airflow/.local/lib/python3.7/site-packages/airflow/example_dags/example_subdag_operator.py
[2023-05-12T14:00:43.385+0000] {logging_mixin.py:149} INFO - [2023-05-12T14:00:43.385+0000] {dag.py:2726} INFO - Sync 3 DAGs
[2023-05-12T14:00:43.414+0000] {logging_mixin.py:149} INFO - [2023-05-12T14:00:43.414+0000] {dag.py:3490} INFO - Setting next_dagrun for example_subdag_operator to 2022-01-01T00:00:00+00:00, run_after=2022-01-01T00:00:00+00:00
[2023-05-12T14:00:43.417+0000] {logging_mixin.py:149} INFO - [2023-05-12T14:00:43.417+0000] {dag.py:3490} INFO - Setting next_dagrun for example_subdag_operator.section-1 to None, run_after=None
[2023-05-12T14:00:43.418+0000] {logging_mixin.py:149} INFO - [2023-05-12T14:00:43.418+0000] {dag.py:3490} INFO - Setting next_dagrun for example_subdag_operator.section-2 to None, run_after=None
[2023-05-12T14:00:43.425+0000] {logging_mixin.py:149} INFO - [2023-05-12T14:00:43.425+0000] {dag.py:2726} INFO - Sync 2 DAGs
[2023-05-12T14:00:43.431+0000] {logging_mixin.py:149} INFO - [2023-05-12T14:00:43.431+0000] {dag.py:3490} INFO - Setting next_dagrun for example_subdag_operator.section-1 to None, run_after=None
[2023-05-12T14:00:43.432+0000] {logging_mixin.py:149} INFO - [2023-05-12T14:00:43.432+0000] {dag.py:3490} INFO - Setting next_dagrun for example_subdag_operator.section-2 to None, run_after=None
[2023-05-12T14:00:43.446+0000] {processor.py:178} INFO - Processing /home/airflow/.local/lib/python3.7/site-packages/airflow/example_dags/example_subdag_operator.py took 0.093 seconds
[2023-05-12T14:01:13.536+0000] {processor.py:156} INFO - Started process (PID=130) to work on /home/airflow/.local/lib/python3.7/site-packages/airflow/example_dags/example_subdag_operator.py
[2023-05-12T14:01:13.537+0000] {processor.py:799} INFO - Processing file /home/airflow/.local/lib/python3.7/site-packages/airflow/example_dags/example_subdag_operator.py for tasks to queue
[2023-05-12T14:01:13.537+0000] {logging_mixin.py:149} INFO - [2023-05-12T14:01:13.537+0000] {dagbag.py:541} INFO - Filling up the DagBag from /home/airflow/.local/lib/python3.7/site-packages/airflow/example_dags/example_subdag_operator.py
[2023-05-12T14:01:13.560+0000] {processor.py:809} INFO - DAG(s) dict_keys(['example_subdag_operator.section-1', 'example_subdag_operator.section-2', 'example_subdag_operator']) retrieved from /home/airflow/.local/lib/python3.7/site-packages/airflow/example_dags/example_subdag_operator.py
[2023-05-12T14:01:13.579+0000] {logging_mixin.py:149} INFO - [2023-05-12T14:01:13.579+0000] {dag.py:2726} INFO - Sync 3 DAGs
[2023-05-12T14:01:13.604+0000] {logging_mixin.py:149} INFO - [2023-05-12T14:01:13.604+0000] {dag.py:3490} INFO - Setting next_dagrun for example_subdag_operator to 2022-01-01T00:00:00+00:00, run_after=2022-01-01T00:00:00+00:00
[2023-05-12T14:01:13.609+0000] {logging_mixin.py:149} INFO - [2023-05-12T14:01:13.609+0000] {dag.py:3490} INFO - Setting next_dagrun for example_subdag_operator.section-1 to None, run_after=None
[2023-05-12T14:01:13.611+0000] {logging_mixin.py:149} INFO - [2023-05-12T14:01:13.611+0000] {dag.py:3490} INFO - Setting next_dagrun for example_subdag_operator.section-2 to None, run_after=None
[2023-05-12T14:01:13.617+0000] {logging_mixin.py:149} INFO - [2023-05-12T14:01:13.617+0000] {dag.py:2726} INFO - Sync 2 DAGs
[2023-05-12T14:01:13.623+0000] {logging_mixin.py:149} INFO - [2023-05-12T14:01:13.622+0000] {dag.py:3490} INFO - Setting next_dagrun for example_subdag_operator.section-1 to None, run_after=None
[2023-05-12T14:01:13.623+0000] {logging_mixin.py:149} INFO - [2023-05-12T14:01:13.623+0000] {dag.py:3490} INFO - Setting next_dagrun for example_subdag_operator.section-2 to None, run_after=None
[2023-05-12T14:01:13.635+0000] {processor.py:178} INFO - Processing /home/airflow/.local/lib/python3.7/site-packages/airflow/example_dags/example_subdag_operator.py took 0.102 seconds
[2023-05-12T14:01:43.824+0000] {processor.py:156} INFO - Started process (PID=190) to work on /home/airflow/.local/lib/python3.7/site-packages/airflow/example_dags/example_subdag_operator.py
[2023-05-12T14:01:43.825+0000] {processor.py:799} INFO - Processing file /home/airflow/.local/lib/python3.7/site-packages/airflow/example_dags/example_subdag_operator.py for tasks to queue
[2023-05-12T14:01:43.826+0000] {logging_mixin.py:149} INFO - [2023-05-12T14:01:43.826+0000] {dagbag.py:541} INFO - Filling up the DagBag from /home/airflow/.local/lib/python3.7/site-packages/airflow/example_dags/example_subdag_operator.py
[2023-05-12T14:01:43.849+0000] {processor.py:809} INFO - DAG(s) dict_keys(['example_subdag_operator.section-1', 'example_subdag_operator.section-2', 'example_subdag_operator']) retrieved from /home/airflow/.local/lib/python3.7/site-packages/airflow/example_dags/example_subdag_operator.py
[2023-05-12T14:01:43.867+0000] {logging_mixin.py:149} INFO - [2023-05-12T14:01:43.867+0000] {dag.py:2726} INFO - Sync 3 DAGs
[2023-05-12T14:01:43.890+0000] {logging_mixin.py:149} INFO - [2023-05-12T14:01:43.890+0000] {dag.py:3490} INFO - Setting next_dagrun for example_subdag_operator to 2022-01-01T00:00:00+00:00, run_after=2022-01-01T00:00:00+00:00
[2023-05-12T14:01:43.894+0000] {logging_mixin.py:149} INFO - [2023-05-12T14:01:43.894+0000] {dag.py:3490} INFO - Setting next_dagrun for example_subdag_operator.section-1 to None, run_after=None
[2023-05-12T14:01:43.895+0000] {logging_mixin.py:149} INFO - [2023-05-12T14:01:43.895+0000] {dag.py:3490} INFO - Setting next_dagrun for example_subdag_operator.section-2 to None, run_after=None
[2023-05-12T14:01:43.902+0000] {logging_mixin.py:149} INFO - [2023-05-12T14:01:43.902+0000] {dag.py:2726} INFO - Sync 2 DAGs
[2023-05-12T14:01:43.909+0000] {logging_mixin.py:149} INFO - [2023-05-12T14:01:43.909+0000] {dag.py:3490} INFO - Setting next_dagrun for example_subdag_operator.section-1 to None, run_after=None
[2023-05-12T14:01:43.909+0000] {logging_mixin.py:149} INFO - [2023-05-12T14:01:43.909+0000] {dag.py:3490} INFO - Setting next_dagrun for example_subdag_operator.section-2 to None, run_after=None
[2023-05-12T14:01:43.921+0000] {processor.py:178} INFO - Processing /home/airflow/.local/lib/python3.7/site-packages/airflow/example_dags/example_subdag_operator.py took 0.100 seconds
[2023-05-12T14:02:13.944+0000] {processor.py:156} INFO - Started process (PID=249) to work on /home/airflow/.local/lib/python3.7/site-packages/airflow/example_dags/example_subdag_operator.py
[2023-05-12T14:02:13.945+0000] {processor.py:799} INFO - Processing file /home/airflow/.local/lib/python3.7/site-packages/airflow/example_dags/example_subdag_operator.py for tasks to queue
[2023-05-12T14:02:13.945+0000] {logging_mixin.py:149} INFO - [2023-05-12T14:02:13.945+0000] {dagbag.py:541} INFO - Filling up the DagBag from /home/airflow/.local/lib/python3.7/site-packages/airflow/example_dags/example_subdag_operator.py
[2023-05-12T14:02:13.967+0000] {processor.py:809} INFO - DAG(s) dict_keys(['example_subdag_operator.section-1', 'example_subdag_operator.section-2', 'example_subdag_operator']) retrieved from /home/airflow/.local/lib/python3.7/site-packages/airflow/example_dags/example_subdag_operator.py
[2023-05-12T14:02:13.984+0000] {logging_mixin.py:149} INFO - [2023-05-12T14:02:13.983+0000] {dag.py:2726} INFO - Sync 3 DAGs
[2023-05-12T14:02:14.006+0000] {logging_mixin.py:149} INFO - [2023-05-12T14:02:14.006+0000] {dag.py:3490} INFO - Setting next_dagrun for example_subdag_operator to 2022-01-01T00:00:00+00:00, run_after=2022-01-01T00:00:00+00:00
[2023-05-12T14:02:14.009+0000] {logging_mixin.py:149} INFO - [2023-05-12T14:02:14.009+0000] {dag.py:3490} INFO - Setting next_dagrun for example_subdag_operator.section-1 to None, run_after=None
[2023-05-12T14:02:14.011+0000] {logging_mixin.py:149} INFO - [2023-05-12T14:02:14.010+0000] {dag.py:3490} INFO - Setting next_dagrun for example_subdag_operator.section-2 to None, run_after=None
[2023-05-12T14:02:14.018+0000] {logging_mixin.py:149} INFO - [2023-05-12T14:02:14.018+0000] {dag.py:2726} INFO - Sync 2 DAGs
[2023-05-12T14:02:14.024+0000] {logging_mixin.py:149} INFO - [2023-05-12T14:02:14.024+0000] {dag.py:3490} INFO - Setting next_dagrun for example_subdag_operator.section-1 to None, run_after=None
[2023-05-12T14:02:14.024+0000] {logging_mixin.py:149} INFO - [2023-05-12T14:02:14.024+0000] {dag.py:3490} INFO - Setting next_dagrun for example_subdag_operator.section-2 to None, run_after=None
[2023-05-12T14:02:14.037+0000] {processor.py:178} INFO - Processing /home/airflow/.local/lib/python3.7/site-packages/airflow/example_dags/example_subdag_operator.py took 0.095 seconds
[2023-05-12T14:02:44.346+0000] {processor.py:156} INFO - Started process (PID=309) to work on /home/airflow/.local/lib/python3.7/site-packages/airflow/example_dags/example_subdag_operator.py
[2023-05-12T14:02:44.347+0000] {processor.py:799} INFO - Processing file /home/airflow/.local/lib/python3.7/site-packages/airflow/example_dags/example_subdag_operator.py for tasks to queue
[2023-05-12T14:02:44.347+0000] {logging_mixin.py:149} INFO - [2023-05-12T14:02:44.347+0000] {dagbag.py:541} INFO - Filling up the DagBag from /home/airflow/.local/lib/python3.7/site-packages/airflow/example_dags/example_subdag_operator.py
[2023-05-12T14:02:44.370+0000] {processor.py:809} INFO - DAG(s) dict_keys(['example_subdag_operator.section-1', 'example_subdag_operator.section-2', 'example_subdag_operator']) retrieved from /home/airflow/.local/lib/python3.7/site-packages/airflow/example_dags/example_subdag_operator.py
[2023-05-12T14:02:44.386+0000] {logging_mixin.py:149} INFO - [2023-05-12T14:02:44.386+0000] {dag.py:2726} INFO - Sync 3 DAGs
[2023-05-12T14:02:44.411+0000] {logging_mixin.py:149} INFO - [2023-05-12T14:02:44.411+0000] {dag.py:3490} INFO - Setting next_dagrun for example_subdag_operator to 2022-01-01T00:00:00+00:00, run_after=2022-01-01T00:00:00+00:00
[2023-05-12T14:02:44.413+0000] {logging_mixin.py:149} INFO - [2023-05-12T14:02:44.413+0000] {dag.py:3490} INFO - Setting next_dagrun for example_subdag_operator.section-1 to None, run_after=None
[2023-05-12T14:02:44.414+0000] {logging_mixin.py:149} INFO - [2023-05-12T14:02:44.414+0000] {dag.py:3490} INFO - Setting next_dagrun for example_subdag_operator.section-2 to None, run_after=None
[2023-05-12T14:02:44.420+0000] {logging_mixin.py:149} INFO - [2023-05-12T14:02:44.420+0000] {dag.py:2726} INFO - Sync 2 DAGs
[2023-05-12T14:02:44.425+0000] {logging_mixin.py:149} INFO - [2023-05-12T14:02:44.425+0000] {dag.py:3490} INFO - Setting next_dagrun for example_subdag_operator.section-1 to None, run_after=None
[2023-05-12T14:02:44.425+0000] {logging_mixin.py:149} INFO - [2023-05-12T14:02:44.425+0000] {dag.py:3490} INFO - Setting next_dagrun for example_subdag_operator.section-2 to None, run_after=None
[2023-05-12T14:02:44.436+0000] {processor.py:178} INFO - Processing /home/airflow/.local/lib/python3.7/site-packages/airflow/example_dags/example_subdag_operator.py took 0.092 seconds
[2023-05-12T14:03:14.567+0000] {processor.py:156} INFO - Started process (PID=369) to work on /home/airflow/.local/lib/python3.7/site-packages/airflow/example_dags/example_subdag_operator.py
[2023-05-12T14:03:14.568+0000] {processor.py:799} INFO - Processing file /home/airflow/.local/lib/python3.7/site-packages/airflow/example_dags/example_subdag_operator.py for tasks to queue
[2023-05-12T14:03:14.569+0000] {logging_mixin.py:149} INFO - [2023-05-12T14:03:14.569+0000] {dagbag.py:541} INFO - Filling up the DagBag from /home/airflow/.local/lib/python3.7/site-packages/airflow/example_dags/example_subdag_operator.py
[2023-05-12T14:03:14.592+0000] {processor.py:809} INFO - DAG(s) dict_keys(['example_subdag_operator.section-1', 'example_subdag_operator.section-2', 'example_subdag_operator']) retrieved from /home/airflow/.local/lib/python3.7/site-packages/airflow/example_dags/example_subdag_operator.py
[2023-05-12T14:03:14.608+0000] {logging_mixin.py:149} INFO - [2023-05-12T14:03:14.608+0000] {dag.py:2726} INFO - Sync 3 DAGs
[2023-05-12T14:03:14.628+0000] {logging_mixin.py:149} INFO - [2023-05-12T14:03:14.628+0000] {dag.py:3490} INFO - Setting next_dagrun for example_subdag_operator to 2022-01-01T00:00:00+00:00, run_after=2022-01-01T00:00:00+00:00
[2023-05-12T14:03:14.632+0000] {logging_mixin.py:149} INFO - [2023-05-12T14:03:14.631+0000] {dag.py:3490} INFO - Setting next_dagrun for example_subdag_operator.section-1 to None, run_after=None
[2023-05-12T14:03:14.633+0000] {logging_mixin.py:149} INFO - [2023-05-12T14:03:14.633+0000] {dag.py:3490} INFO - Setting next_dagrun for example_subdag_operator.section-2 to None, run_after=None
[2023-05-12T14:03:14.639+0000] {logging_mixin.py:149} INFO - [2023-05-12T14:03:14.639+0000] {dag.py:2726} INFO - Sync 2 DAGs
[2023-05-12T14:03:14.644+0000] {logging_mixin.py:149} INFO - [2023-05-12T14:03:14.644+0000] {dag.py:3490} INFO - Setting next_dagrun for example_subdag_operator.section-1 to None, run_after=None
[2023-05-12T14:03:14.644+0000] {logging_mixin.py:149} INFO - [2023-05-12T14:03:14.644+0000] {dag.py:3490} INFO - Setting next_dagrun for example_subdag_operator.section-2 to None, run_after=None
[2023-05-12T14:03:14.656+0000] {processor.py:178} INFO - Processing /home/airflow/.local/lib/python3.7/site-packages/airflow/example_dags/example_subdag_operator.py took 0.091 seconds
[2023-05-12T14:03:44.851+0000] {processor.py:156} INFO - Started process (PID=429) to work on /home/airflow/.local/lib/python3.7/site-packages/airflow/example_dags/example_subdag_operator.py
[2023-05-12T14:03:44.851+0000] {processor.py:799} INFO - Processing file /home/airflow/.local/lib/python3.7/site-packages/airflow/example_dags/example_subdag_operator.py for tasks to queue
[2023-05-12T14:03:44.852+0000] {logging_mixin.py:149} INFO - [2023-05-12T14:03:44.852+0000] {dagbag.py:541} INFO - Filling up the DagBag from /home/airflow/.local/lib/python3.7/site-packages/airflow/example_dags/example_subdag_operator.py
[2023-05-12T14:03:44.877+0000] {processor.py:809} INFO - DAG(s) dict_keys(['example_subdag_operator.section-1', 'example_subdag_operator.section-2', 'example_subdag_operator']) retrieved from /home/airflow/.local/lib/python3.7/site-packages/airflow/example_dags/example_subdag_operator.py
[2023-05-12T14:03:44.894+0000] {logging_mixin.py:149} INFO - [2023-05-12T14:03:44.893+0000] {dag.py:2726} INFO - Sync 3 DAGs
[2023-05-12T14:03:44.914+0000] {logging_mixin.py:149} INFO - [2023-05-12T14:03:44.913+0000] {dag.py:3490} INFO - Setting next_dagrun for example_subdag_operator to 2022-01-01T00:00:00+00:00, run_after=2022-01-01T00:00:00+00:00
[2023-05-12T14:03:44.916+0000] {logging_mixin.py:149} INFO - [2023-05-12T14:03:44.916+0000] {dag.py:3490} INFO - Setting next_dagrun for example_subdag_operator.section-1 to None, run_after=None
[2023-05-12T14:03:44.917+0000] {logging_mixin.py:149} INFO - [2023-05-12T14:03:44.917+0000] {dag.py:3490} INFO - Setting next_dagrun for example_subdag_operator.section-2 to None, run_after=None
[2023-05-12T14:03:44.924+0000] {logging_mixin.py:149} INFO - [2023-05-12T14:03:44.924+0000] {dag.py:2726} INFO - Sync 2 DAGs
[2023-05-12T14:03:44.929+0000] {logging_mixin.py:149} INFO - [2023-05-12T14:03:44.929+0000] {dag.py:3490} INFO - Setting next_dagrun for example_subdag_operator.section-1 to None, run_after=None
[2023-05-12T14:03:44.929+0000] {logging_mixin.py:149} INFO - [2023-05-12T14:03:44.929+0000] {dag.py:3490} INFO - Setting next_dagrun for example_subdag_operator.section-2 to None, run_after=None
[2023-05-12T14:03:44.941+0000] {processor.py:178} INFO - Processing /home/airflow/.local/lib/python3.7/site-packages/airflow/example_dags/example_subdag_operator.py took 0.093 seconds
[2023-05-12T14:04:15.237+0000] {processor.py:156} INFO - Started process (PID=489) to work on /home/airflow/.local/lib/python3.7/site-packages/airflow/example_dags/example_subdag_operator.py
[2023-05-12T14:04:15.238+0000] {processor.py:799} INFO - Processing file /home/airflow/.local/lib/python3.7/site-packages/airflow/example_dags/example_subdag_operator.py for tasks to queue
[2023-05-12T14:04:15.239+0000] {logging_mixin.py:149} INFO - [2023-05-12T14:04:15.239+0000] {dagbag.py:541} INFO - Filling up the DagBag from /home/airflow/.local/lib/python3.7/site-packages/airflow/example_dags/example_subdag_operator.py
[2023-05-12T14:04:15.259+0000] {processor.py:809} INFO - DAG(s) dict_keys(['example_subdag_operator.section-1', 'example_subdag_operator.section-2', 'example_subdag_operator']) retrieved from /home/airflow/.local/lib/python3.7/site-packages/airflow/example_dags/example_subdag_operator.py
[2023-05-12T14:04:15.277+0000] {logging_mixin.py:149} INFO - [2023-05-12T14:04:15.277+0000] {dag.py:2726} INFO - Sync 3 DAGs
[2023-05-12T14:04:15.300+0000] {logging_mixin.py:149} INFO - [2023-05-12T14:04:15.300+0000] {dag.py:3490} INFO - Setting next_dagrun for example_subdag_operator to 2022-01-01T00:00:00+00:00, run_after=2022-01-01T00:00:00+00:00
[2023-05-12T14:04:15.304+0000] {logging_mixin.py:149} INFO - [2023-05-12T14:04:15.303+0000] {dag.py:3490} INFO - Setting next_dagrun for example_subdag_operator.section-1 to None, run_after=None
[2023-05-12T14:04:15.305+0000] {logging_mixin.py:149} INFO - [2023-05-12T14:04:15.304+0000] {dag.py:3490} INFO - Setting next_dagrun for example_subdag_operator.section-2 to None, run_after=None
[2023-05-12T14:04:15.311+0000] {logging_mixin.py:149} INFO - [2023-05-12T14:04:15.311+0000] {dag.py:2726} INFO - Sync 2 DAGs
[2023-05-12T14:04:15.316+0000] {logging_mixin.py:149} INFO - [2023-05-12T14:04:15.316+0000] {dag.py:3490} INFO - Setting next_dagrun for example_subdag_operator.section-1 to None, run_after=None
[2023-05-12T14:04:15.316+0000] {logging_mixin.py:149} INFO - [2023-05-12T14:04:15.316+0000] {dag.py:3490} INFO - Setting next_dagrun for example_subdag_operator.section-2 to None, run_after=None
[2023-05-12T14:04:15.327+0000] {processor.py:178} INFO - Processing /home/airflow/.local/lib/python3.7/site-packages/airflow/example_dags/example_subdag_operator.py took 0.092 seconds
