[2023-05-12T13:59:35.078+0000] {processor.py:156} INFO - Started process (PID=40) to work on /home/airflow/.local/lib/python3.7/site-packages/airflow/example_dags/example_dag_decorator.py
[2023-05-12T13:59:35.078+0000] {processor.py:799} INFO - Processing file /home/airflow/.local/lib/python3.7/site-packages/airflow/example_dags/example_dag_decorator.py for tasks to queue
[2023-05-12T13:59:35.079+0000] {logging_mixin.py:149} INFO - [2023-05-12T13:59:35.079+0000] {dagbag.py:541} INFO - Filling up the DagBag from /home/airflow/.local/lib/python3.7/site-packages/airflow/example_dags/example_dag_decorator.py
[2023-05-12T13:59:35.087+0000] {logging_mixin.py:149} INFO - [2023-05-12T13:59:35.087+0000] {taskmixin.py:211} WARNING - Dependency <Task(_PythonDecoratedOperator): prepare_email>, send_email already registered for DAG: example_dag_decorator
[2023-05-12T13:59:35.088+0000] {logging_mixin.py:149} INFO - [2023-05-12T13:59:35.088+0000] {taskmixin.py:211} WARNING - Dependency <Task(EmailOperator): send_email>, prepare_email already registered for DAG: example_dag_decorator
[2023-05-12T13:59:35.099+0000] {processor.py:809} INFO - DAG(s) dict_keys(['example_dag_decorator']) retrieved from /home/airflow/.local/lib/python3.7/site-packages/airflow/example_dags/example_dag_decorator.py
[2023-05-12T13:59:35.114+0000] {logging_mixin.py:149} INFO - [2023-05-12T13:59:35.114+0000] {dag.py:2726} INFO - Sync 1 DAGs
[2023-05-12T13:59:35.148+0000] {logging_mixin.py:149} INFO - [2023-05-12T13:59:35.148+0000] {dag.py:3490} INFO - Setting next_dagrun for example_dag_decorator to None, run_after=None
[2023-05-12T13:59:35.183+0000] {processor.py:178} INFO - Processing /home/airflow/.local/lib/python3.7/site-packages/airflow/example_dags/example_dag_decorator.py took 0.109 seconds
[2023-05-12T14:00:41.185+0000] {processor.py:156} INFO - Started process (PID=40) to work on /home/airflow/.local/lib/python3.7/site-packages/airflow/example_dags/example_dag_decorator.py
[2023-05-12T14:00:41.186+0000] {processor.py:799} INFO - Processing file /home/airflow/.local/lib/python3.7/site-packages/airflow/example_dags/example_dag_decorator.py for tasks to queue
[2023-05-12T14:00:41.186+0000] {logging_mixin.py:149} INFO - [2023-05-12T14:00:41.186+0000] {dagbag.py:541} INFO - Filling up the DagBag from /home/airflow/.local/lib/python3.7/site-packages/airflow/example_dags/example_dag_decorator.py
[2023-05-12T14:00:41.192+0000] {logging_mixin.py:149} INFO - [2023-05-12T14:00:41.192+0000] {taskmixin.py:211} WARNING - Dependency <Task(_PythonDecoratedOperator): prepare_email>, send_email already registered for DAG: example_dag_decorator
[2023-05-12T14:00:41.193+0000] {logging_mixin.py:149} INFO - [2023-05-12T14:00:41.192+0000] {taskmixin.py:211} WARNING - Dependency <Task(EmailOperator): send_email>, prepare_email already registered for DAG: example_dag_decorator
[2023-05-12T14:00:41.202+0000] {processor.py:809} INFO - DAG(s) dict_keys(['example_dag_decorator']) retrieved from /home/airflow/.local/lib/python3.7/site-packages/airflow/example_dags/example_dag_decorator.py
[2023-05-12T14:00:41.214+0000] {logging_mixin.py:149} INFO - [2023-05-12T14:00:41.214+0000] {dag.py:2726} INFO - Sync 1 DAGs
[2023-05-12T14:00:41.236+0000] {logging_mixin.py:149} INFO - [2023-05-12T14:00:41.236+0000] {dag.py:3490} INFO - Setting next_dagrun for example_dag_decorator to None, run_after=None
[2023-05-12T14:00:41.257+0000] {processor.py:178} INFO - Processing /home/airflow/.local/lib/python3.7/site-packages/airflow/example_dags/example_dag_decorator.py took 0.075 seconds
[2023-05-12T14:01:11.329+0000] {processor.py:156} INFO - Started process (PID=99) to work on /home/airflow/.local/lib/python3.7/site-packages/airflow/example_dags/example_dag_decorator.py
[2023-05-12T14:01:11.330+0000] {processor.py:799} INFO - Processing file /home/airflow/.local/lib/python3.7/site-packages/airflow/example_dags/example_dag_decorator.py for tasks to queue
[2023-05-12T14:01:11.331+0000] {logging_mixin.py:149} INFO - [2023-05-12T14:01:11.331+0000] {dagbag.py:541} INFO - Filling up the DagBag from /home/airflow/.local/lib/python3.7/site-packages/airflow/example_dags/example_dag_decorator.py
[2023-05-12T14:01:11.340+0000] {logging_mixin.py:149} INFO - [2023-05-12T14:01:11.340+0000] {taskmixin.py:211} WARNING - Dependency <Task(_PythonDecoratedOperator): prepare_email>, send_email already registered for DAG: example_dag_decorator
[2023-05-12T14:01:11.340+0000] {logging_mixin.py:149} INFO - [2023-05-12T14:01:11.340+0000] {taskmixin.py:211} WARNING - Dependency <Task(EmailOperator): send_email>, prepare_email already registered for DAG: example_dag_decorator
[2023-05-12T14:01:11.349+0000] {processor.py:809} INFO - DAG(s) dict_keys(['example_dag_decorator']) retrieved from /home/airflow/.local/lib/python3.7/site-packages/airflow/example_dags/example_dag_decorator.py
[2023-05-12T14:01:11.455+0000] {logging_mixin.py:149} INFO - [2023-05-12T14:01:11.455+0000] {dag.py:2726} INFO - Sync 1 DAGs
[2023-05-12T14:01:11.490+0000] {logging_mixin.py:149} INFO - [2023-05-12T14:01:11.489+0000] {dag.py:3490} INFO - Setting next_dagrun for example_dag_decorator to None, run_after=None
[2023-05-12T14:01:11.518+0000] {processor.py:178} INFO - Processing /home/airflow/.local/lib/python3.7/site-packages/airflow/example_dags/example_dag_decorator.py took 0.193 seconds
[2023-05-12T14:01:42.331+0000] {processor.py:156} INFO - Started process (PID=159) to work on /home/airflow/.local/lib/python3.7/site-packages/airflow/example_dags/example_dag_decorator.py
[2023-05-12T14:01:42.332+0000] {processor.py:799} INFO - Processing file /home/airflow/.local/lib/python3.7/site-packages/airflow/example_dags/example_dag_decorator.py for tasks to queue
[2023-05-12T14:01:42.333+0000] {logging_mixin.py:149} INFO - [2023-05-12T14:01:42.333+0000] {dagbag.py:541} INFO - Filling up the DagBag from /home/airflow/.local/lib/python3.7/site-packages/airflow/example_dags/example_dag_decorator.py
[2023-05-12T14:01:42.337+0000] {logging_mixin.py:149} INFO - [2023-05-12T14:01:42.337+0000] {taskmixin.py:211} WARNING - Dependency <Task(_PythonDecoratedOperator): prepare_email>, send_email already registered for DAG: example_dag_decorator
[2023-05-12T14:01:42.337+0000] {logging_mixin.py:149} INFO - [2023-05-12T14:01:42.337+0000] {taskmixin.py:211} WARNING - Dependency <Task(EmailOperator): send_email>, prepare_email already registered for DAG: example_dag_decorator
[2023-05-12T14:01:42.343+0000] {processor.py:809} INFO - DAG(s) dict_keys(['example_dag_decorator']) retrieved from /home/airflow/.local/lib/python3.7/site-packages/airflow/example_dags/example_dag_decorator.py
[2023-05-12T14:01:42.396+0000] {logging_mixin.py:149} INFO - [2023-05-12T14:01:42.396+0000] {dag.py:2726} INFO - Sync 1 DAGs
[2023-05-12T14:01:42.415+0000] {logging_mixin.py:149} INFO - [2023-05-12T14:01:42.415+0000] {dag.py:3490} INFO - Setting next_dagrun for example_dag_decorator to None, run_after=None
[2023-05-12T14:01:42.434+0000] {processor.py:178} INFO - Processing /home/airflow/.local/lib/python3.7/site-packages/airflow/example_dags/example_dag_decorator.py took 0.105 seconds
[2023-05-12T14:02:12.612+0000] {processor.py:156} INFO - Started process (PID=219) to work on /home/airflow/.local/lib/python3.7/site-packages/airflow/example_dags/example_dag_decorator.py
[2023-05-12T14:02:12.624+0000] {processor.py:799} INFO - Processing file /home/airflow/.local/lib/python3.7/site-packages/airflow/example_dags/example_dag_decorator.py for tasks to queue
[2023-05-12T14:02:12.625+0000] {logging_mixin.py:149} INFO - [2023-05-12T14:02:12.625+0000] {dagbag.py:541} INFO - Filling up the DagBag from /home/airflow/.local/lib/python3.7/site-packages/airflow/example_dags/example_dag_decorator.py
[2023-05-12T14:02:12.630+0000] {logging_mixin.py:149} INFO - [2023-05-12T14:02:12.630+0000] {taskmixin.py:211} WARNING - Dependency <Task(_PythonDecoratedOperator): prepare_email>, send_email already registered for DAG: example_dag_decorator
[2023-05-12T14:02:12.630+0000] {logging_mixin.py:149} INFO - [2023-05-12T14:02:12.630+0000] {taskmixin.py:211} WARNING - Dependency <Task(EmailOperator): send_email>, prepare_email already registered for DAG: example_dag_decorator
[2023-05-12T14:02:12.638+0000] {processor.py:809} INFO - DAG(s) dict_keys(['example_dag_decorator']) retrieved from /home/airflow/.local/lib/python3.7/site-packages/airflow/example_dags/example_dag_decorator.py
[2023-05-12T14:02:12.663+0000] {logging_mixin.py:149} INFO - [2023-05-12T14:02:12.663+0000] {dag.py:2726} INFO - Sync 1 DAGs
[2023-05-12T14:02:12.683+0000] {logging_mixin.py:149} INFO - [2023-05-12T14:02:12.683+0000] {dag.py:3490} INFO - Setting next_dagrun for example_dag_decorator to None, run_after=None
[2023-05-12T14:02:12.701+0000] {processor.py:178} INFO - Processing /home/airflow/.local/lib/python3.7/site-packages/airflow/example_dags/example_dag_decorator.py took 0.091 seconds
[2023-05-12T14:02:42.799+0000] {processor.py:156} INFO - Started process (PID=279) to work on /home/airflow/.local/lib/python3.7/site-packages/airflow/example_dags/example_dag_decorator.py
[2023-05-12T14:02:42.800+0000] {processor.py:799} INFO - Processing file /home/airflow/.local/lib/python3.7/site-packages/airflow/example_dags/example_dag_decorator.py for tasks to queue
[2023-05-12T14:02:42.800+0000] {logging_mixin.py:149} INFO - [2023-05-12T14:02:42.800+0000] {dagbag.py:541} INFO - Filling up the DagBag from /home/airflow/.local/lib/python3.7/site-packages/airflow/example_dags/example_dag_decorator.py
[2023-05-12T14:02:42.806+0000] {logging_mixin.py:149} INFO - [2023-05-12T14:02:42.805+0000] {taskmixin.py:211} WARNING - Dependency <Task(_PythonDecoratedOperator): prepare_email>, send_email already registered for DAG: example_dag_decorator
[2023-05-12T14:02:42.806+0000] {logging_mixin.py:149} INFO - [2023-05-12T14:02:42.806+0000] {taskmixin.py:211} WARNING - Dependency <Task(EmailOperator): send_email>, prepare_email already registered for DAG: example_dag_decorator
[2023-05-12T14:02:42.812+0000] {processor.py:809} INFO - DAG(s) dict_keys(['example_dag_decorator']) retrieved from /home/airflow/.local/lib/python3.7/site-packages/airflow/example_dags/example_dag_decorator.py
[2023-05-12T14:02:42.867+0000] {logging_mixin.py:149} INFO - [2023-05-12T14:02:42.867+0000] {dag.py:2726} INFO - Sync 1 DAGs
[2023-05-12T14:02:42.888+0000] {logging_mixin.py:149} INFO - [2023-05-12T14:02:42.888+0000] {dag.py:3490} INFO - Setting next_dagrun for example_dag_decorator to None, run_after=None
[2023-05-12T14:02:42.909+0000] {processor.py:178} INFO - Processing /home/airflow/.local/lib/python3.7/site-packages/airflow/example_dags/example_dag_decorator.py took 0.113 seconds
[2023-05-12T14:03:13.152+0000] {processor.py:156} INFO - Started process (PID=339) to work on /home/airflow/.local/lib/python3.7/site-packages/airflow/example_dags/example_dag_decorator.py
[2023-05-12T14:03:13.164+0000] {processor.py:799} INFO - Processing file /home/airflow/.local/lib/python3.7/site-packages/airflow/example_dags/example_dag_decorator.py for tasks to queue
[2023-05-12T14:03:13.165+0000] {logging_mixin.py:149} INFO - [2023-05-12T14:03:13.165+0000] {dagbag.py:541} INFO - Filling up the DagBag from /home/airflow/.local/lib/python3.7/site-packages/airflow/example_dags/example_dag_decorator.py
[2023-05-12T14:03:13.171+0000] {logging_mixin.py:149} INFO - [2023-05-12T14:03:13.171+0000] {taskmixin.py:211} WARNING - Dependency <Task(_PythonDecoratedOperator): prepare_email>, send_email already registered for DAG: example_dag_decorator
[2023-05-12T14:03:13.171+0000] {logging_mixin.py:149} INFO - [2023-05-12T14:03:13.171+0000] {taskmixin.py:211} WARNING - Dependency <Task(EmailOperator): send_email>, prepare_email already registered for DAG: example_dag_decorator
[2023-05-12T14:03:13.177+0000] {processor.py:809} INFO - DAG(s) dict_keys(['example_dag_decorator']) retrieved from /home/airflow/.local/lib/python3.7/site-packages/airflow/example_dags/example_dag_decorator.py
[2023-05-12T14:03:13.235+0000] {logging_mixin.py:149} INFO - [2023-05-12T14:03:13.235+0000] {dag.py:2726} INFO - Sync 1 DAGs
[2023-05-12T14:03:13.257+0000] {logging_mixin.py:149} INFO - [2023-05-12T14:03:13.257+0000] {dag.py:3490} INFO - Setting next_dagrun for example_dag_decorator to None, run_after=None
[2023-05-12T14:03:13.277+0000] {processor.py:178} INFO - Processing /home/airflow/.local/lib/python3.7/site-packages/airflow/example_dags/example_dag_decorator.py took 0.129 seconds
[2023-05-12T14:03:43.503+0000] {processor.py:156} INFO - Started process (PID=399) to work on /home/airflow/.local/lib/python3.7/site-packages/airflow/example_dags/example_dag_decorator.py
[2023-05-12T14:03:43.503+0000] {processor.py:799} INFO - Processing file /home/airflow/.local/lib/python3.7/site-packages/airflow/example_dags/example_dag_decorator.py for tasks to queue
[2023-05-12T14:03:43.504+0000] {logging_mixin.py:149} INFO - [2023-05-12T14:03:43.504+0000] {dagbag.py:541} INFO - Filling up the DagBag from /home/airflow/.local/lib/python3.7/site-packages/airflow/example_dags/example_dag_decorator.py
[2023-05-12T14:03:43.510+0000] {logging_mixin.py:149} INFO - [2023-05-12T14:03:43.510+0000] {taskmixin.py:211} WARNING - Dependency <Task(_PythonDecoratedOperator): prepare_email>, send_email already registered for DAG: example_dag_decorator
[2023-05-12T14:03:43.510+0000] {logging_mixin.py:149} INFO - [2023-05-12T14:03:43.510+0000] {taskmixin.py:211} WARNING - Dependency <Task(EmailOperator): send_email>, prepare_email already registered for DAG: example_dag_decorator
[2023-05-12T14:03:43.518+0000] {processor.py:809} INFO - DAG(s) dict_keys(['example_dag_decorator']) retrieved from /home/airflow/.local/lib/python3.7/site-packages/airflow/example_dags/example_dag_decorator.py
[2023-05-12T14:03:43.582+0000] {logging_mixin.py:149} INFO - [2023-05-12T14:03:43.582+0000] {dag.py:2726} INFO - Sync 1 DAGs
[2023-05-12T14:03:43.601+0000] {logging_mixin.py:149} INFO - [2023-05-12T14:03:43.601+0000] {dag.py:3490} INFO - Setting next_dagrun for example_dag_decorator to None, run_after=None
[2023-05-12T14:03:43.620+0000] {processor.py:178} INFO - Processing /home/airflow/.local/lib/python3.7/site-packages/airflow/example_dags/example_dag_decorator.py took 0.121 seconds
[2023-05-12T14:04:13.769+0000] {processor.py:156} INFO - Started process (PID=459) to work on /home/airflow/.local/lib/python3.7/site-packages/airflow/example_dags/example_dag_decorator.py
[2023-05-12T14:04:13.769+0000] {processor.py:799} INFO - Processing file /home/airflow/.local/lib/python3.7/site-packages/airflow/example_dags/example_dag_decorator.py for tasks to queue
[2023-05-12T14:04:13.770+0000] {logging_mixin.py:149} INFO - [2023-05-12T14:04:13.770+0000] {dagbag.py:541} INFO - Filling up the DagBag from /home/airflow/.local/lib/python3.7/site-packages/airflow/example_dags/example_dag_decorator.py
[2023-05-12T14:04:13.775+0000] {logging_mixin.py:149} INFO - [2023-05-12T14:04:13.774+0000] {taskmixin.py:211} WARNING - Dependency <Task(_PythonDecoratedOperator): prepare_email>, send_email already registered for DAG: example_dag_decorator
[2023-05-12T14:04:13.775+0000] {logging_mixin.py:149} INFO - [2023-05-12T14:04:13.775+0000] {taskmixin.py:211} WARNING - Dependency <Task(EmailOperator): send_email>, prepare_email already registered for DAG: example_dag_decorator
[2023-05-12T14:04:13.783+0000] {processor.py:809} INFO - DAG(s) dict_keys(['example_dag_decorator']) retrieved from /home/airflow/.local/lib/python3.7/site-packages/airflow/example_dags/example_dag_decorator.py
[2023-05-12T14:04:13.841+0000] {logging_mixin.py:149} INFO - [2023-05-12T14:04:13.841+0000] {dag.py:2726} INFO - Sync 1 DAGs
[2023-05-12T14:04:13.861+0000] {logging_mixin.py:149} INFO - [2023-05-12T14:04:13.861+0000] {dag.py:3490} INFO - Setting next_dagrun for example_dag_decorator to None, run_after=None
[2023-05-12T14:04:13.881+0000] {processor.py:178} INFO - Processing /home/airflow/.local/lib/python3.7/site-packages/airflow/example_dags/example_dag_decorator.py took 0.115 seconds
