[2023-05-12T13:59:36.330+0000] {processor.py:156} INFO - Started process (PID=58) to work on /home/airflow/.local/lib/python3.7/site-packages/airflow/example_dags/example_branch_operator.py
[2023-05-12T13:59:36.331+0000] {processor.py:799} INFO - Processing file /home/airflow/.local/lib/python3.7/site-packages/airflow/example_dags/example_branch_operator.py for tasks to queue
[2023-05-12T13:59:36.332+0000] {logging_mixin.py:149} INFO - [2023-05-12T13:59:36.331+0000] {dagbag.py:541} INFO - Filling up the DagBag from /home/airflow/.local/lib/python3.7/site-packages/airflow/example_dags/example_branch_operator.py
[2023-05-12T13:59:36.344+0000] {processor.py:809} INFO - DAG(s) dict_keys(['example_branch_operator']) retrieved from /home/airflow/.local/lib/python3.7/site-packages/airflow/example_dags/example_branch_operator.py
[2023-05-12T13:59:36.356+0000] {logging_mixin.py:149} INFO - [2023-05-12T13:59:36.356+0000] {dag.py:2726} INFO - Sync 1 DAGs
[2023-05-12T13:59:36.382+0000] {logging_mixin.py:149} INFO - [2023-05-12T13:59:36.382+0000] {dag.py:3490} INFO - Setting next_dagrun for example_branch_operator to 2023-05-11T00:00:00+00:00, run_after=2023-05-12T00:00:00+00:00
[2023-05-12T13:59:36.404+0000] {processor.py:178} INFO - Processing /home/airflow/.local/lib/python3.7/site-packages/airflow/example_dags/example_branch_operator.py took 0.076 seconds
[2023-05-12T14:00:42.464+0000] {processor.py:156} INFO - Started process (PID=58) to work on /home/airflow/.local/lib/python3.7/site-packages/airflow/example_dags/example_branch_operator.py
[2023-05-12T14:00:42.465+0000] {processor.py:799} INFO - Processing file /home/airflow/.local/lib/python3.7/site-packages/airflow/example_dags/example_branch_operator.py for tasks to queue
[2023-05-12T14:00:42.466+0000] {logging_mixin.py:149} INFO - [2023-05-12T14:00:42.466+0000] {dagbag.py:541} INFO - Filling up the DagBag from /home/airflow/.local/lib/python3.7/site-packages/airflow/example_dags/example_branch_operator.py
[2023-05-12T14:00:42.488+0000] {processor.py:809} INFO - DAG(s) dict_keys(['example_branch_operator']) retrieved from /home/airflow/.local/lib/python3.7/site-packages/airflow/example_dags/example_branch_operator.py
[2023-05-12T14:00:42.510+0000] {logging_mixin.py:149} INFO - [2023-05-12T14:00:42.510+0000] {dag.py:2726} INFO - Sync 1 DAGs
[2023-05-12T14:00:42.576+0000] {logging_mixin.py:149} INFO - [2023-05-12T14:00:42.576+0000] {dag.py:3490} INFO - Setting next_dagrun for example_branch_operator to 2023-05-11T00:00:00+00:00, run_after=2023-05-12T00:00:00+00:00
[2023-05-12T14:00:42.611+0000] {processor.py:178} INFO - Processing /home/airflow/.local/lib/python3.7/site-packages/airflow/example_dags/example_branch_operator.py took 0.150 seconds
[2023-05-12T14:01:12.769+0000] {processor.py:156} INFO - Started process (PID=118) to work on /home/airflow/.local/lib/python3.7/site-packages/airflow/example_dags/example_branch_operator.py
[2023-05-12T14:01:12.771+0000] {processor.py:799} INFO - Processing file /home/airflow/.local/lib/python3.7/site-packages/airflow/example_dags/example_branch_operator.py for tasks to queue
[2023-05-12T14:01:12.771+0000] {logging_mixin.py:149} INFO - [2023-05-12T14:01:12.771+0000] {dagbag.py:541} INFO - Filling up the DagBag from /home/airflow/.local/lib/python3.7/site-packages/airflow/example_dags/example_branch_operator.py
[2023-05-12T14:01:12.782+0000] {processor.py:809} INFO - DAG(s) dict_keys(['example_branch_operator']) retrieved from /home/airflow/.local/lib/python3.7/site-packages/airflow/example_dags/example_branch_operator.py
[2023-05-12T14:01:12.812+0000] {logging_mixin.py:149} INFO - [2023-05-12T14:01:12.812+0000] {dag.py:2726} INFO - Sync 1 DAGs
[2023-05-12T14:01:12.836+0000] {logging_mixin.py:149} INFO - [2023-05-12T14:01:12.835+0000] {dag.py:3490} INFO - Setting next_dagrun for example_branch_operator to 2023-05-11T00:00:00+00:00, run_after=2023-05-12T00:00:00+00:00
[2023-05-12T14:01:12.853+0000] {processor.py:178} INFO - Processing /home/airflow/.local/lib/python3.7/site-packages/airflow/example_dags/example_branch_operator.py took 0.086 seconds
[2023-05-12T14:01:43.245+0000] {processor.py:156} INFO - Started process (PID=178) to work on /home/airflow/.local/lib/python3.7/site-packages/airflow/example_dags/example_branch_operator.py
[2023-05-12T14:01:43.246+0000] {processor.py:799} INFO - Processing file /home/airflow/.local/lib/python3.7/site-packages/airflow/example_dags/example_branch_operator.py for tasks to queue
[2023-05-12T14:01:43.246+0000] {logging_mixin.py:149} INFO - [2023-05-12T14:01:43.246+0000] {dagbag.py:541} INFO - Filling up the DagBag from /home/airflow/.local/lib/python3.7/site-packages/airflow/example_dags/example_branch_operator.py
[2023-05-12T14:01:43.254+0000] {processor.py:809} INFO - DAG(s) dict_keys(['example_branch_operator']) retrieved from /home/airflow/.local/lib/python3.7/site-packages/airflow/example_dags/example_branch_operator.py
[2023-05-12T14:01:43.276+0000] {logging_mixin.py:149} INFO - [2023-05-12T14:01:43.276+0000] {dag.py:2726} INFO - Sync 1 DAGs
[2023-05-12T14:01:43.297+0000] {logging_mixin.py:149} INFO - [2023-05-12T14:01:43.297+0000] {dag.py:3490} INFO - Setting next_dagrun for example_branch_operator to 2023-05-11T00:00:00+00:00, run_after=2023-05-12T00:00:00+00:00
[2023-05-12T14:01:43.315+0000] {processor.py:178} INFO - Processing /home/airflow/.local/lib/python3.7/site-packages/airflow/example_dags/example_branch_operator.py took 0.073 seconds
[2023-05-12T14:02:13.485+0000] {processor.py:156} INFO - Started process (PID=238) to work on /home/airflow/.local/lib/python3.7/site-packages/airflow/example_dags/example_branch_operator.py
[2023-05-12T14:02:13.486+0000] {processor.py:799} INFO - Processing file /home/airflow/.local/lib/python3.7/site-packages/airflow/example_dags/example_branch_operator.py for tasks to queue
[2023-05-12T14:02:13.486+0000] {logging_mixin.py:149} INFO - [2023-05-12T14:02:13.486+0000] {dagbag.py:541} INFO - Filling up the DagBag from /home/airflow/.local/lib/python3.7/site-packages/airflow/example_dags/example_branch_operator.py
[2023-05-12T14:02:13.493+0000] {processor.py:809} INFO - DAG(s) dict_keys(['example_branch_operator']) retrieved from /home/airflow/.local/lib/python3.7/site-packages/airflow/example_dags/example_branch_operator.py
[2023-05-12T14:02:13.516+0000] {logging_mixin.py:149} INFO - [2023-05-12T14:02:13.516+0000] {dag.py:2726} INFO - Sync 1 DAGs
[2023-05-12T14:02:13.538+0000] {logging_mixin.py:149} INFO - [2023-05-12T14:02:13.538+0000] {dag.py:3490} INFO - Setting next_dagrun for example_branch_operator to 2023-05-11T00:00:00+00:00, run_after=2023-05-12T00:00:00+00:00
[2023-05-12T14:02:13.555+0000] {processor.py:178} INFO - Processing /home/airflow/.local/lib/python3.7/site-packages/airflow/example_dags/example_branch_operator.py took 0.073 seconds
[2023-05-12T14:02:43.838+0000] {processor.py:156} INFO - Started process (PID=298) to work on /home/airflow/.local/lib/python3.7/site-packages/airflow/example_dags/example_branch_operator.py
[2023-05-12T14:02:43.839+0000] {processor.py:799} INFO - Processing file /home/airflow/.local/lib/python3.7/site-packages/airflow/example_dags/example_branch_operator.py for tasks to queue
[2023-05-12T14:02:43.839+0000] {logging_mixin.py:149} INFO - [2023-05-12T14:02:43.839+0000] {dagbag.py:541} INFO - Filling up the DagBag from /home/airflow/.local/lib/python3.7/site-packages/airflow/example_dags/example_branch_operator.py
[2023-05-12T14:02:43.848+0000] {processor.py:809} INFO - DAG(s) dict_keys(['example_branch_operator']) retrieved from /home/airflow/.local/lib/python3.7/site-packages/airflow/example_dags/example_branch_operator.py
[2023-05-12T14:02:43.872+0000] {logging_mixin.py:149} INFO - [2023-05-12T14:02:43.872+0000] {dag.py:2726} INFO - Sync 1 DAGs
[2023-05-12T14:02:43.896+0000] {logging_mixin.py:149} INFO - [2023-05-12T14:02:43.896+0000] {dag.py:3490} INFO - Setting next_dagrun for example_branch_operator to 2023-05-11T00:00:00+00:00, run_after=2023-05-12T00:00:00+00:00
[2023-05-12T14:02:43.915+0000] {processor.py:178} INFO - Processing /home/airflow/.local/lib/python3.7/site-packages/airflow/example_dags/example_branch_operator.py took 0.080 seconds
[2023-05-12T14:03:14.059+0000] {processor.py:156} INFO - Started process (PID=358) to work on /home/airflow/.local/lib/python3.7/site-packages/airflow/example_dags/example_branch_operator.py
[2023-05-12T14:03:14.060+0000] {processor.py:799} INFO - Processing file /home/airflow/.local/lib/python3.7/site-packages/airflow/example_dags/example_branch_operator.py for tasks to queue
[2023-05-12T14:03:14.061+0000] {logging_mixin.py:149} INFO - [2023-05-12T14:03:14.061+0000] {dagbag.py:541} INFO - Filling up the DagBag from /home/airflow/.local/lib/python3.7/site-packages/airflow/example_dags/example_branch_operator.py
[2023-05-12T14:03:14.068+0000] {processor.py:809} INFO - DAG(s) dict_keys(['example_branch_operator']) retrieved from /home/airflow/.local/lib/python3.7/site-packages/airflow/example_dags/example_branch_operator.py
[2023-05-12T14:03:14.090+0000] {logging_mixin.py:149} INFO - [2023-05-12T14:03:14.090+0000] {dag.py:2726} INFO - Sync 1 DAGs
[2023-05-12T14:03:14.112+0000] {logging_mixin.py:149} INFO - [2023-05-12T14:03:14.112+0000] {dag.py:3490} INFO - Setting next_dagrun for example_branch_operator to 2023-05-11T00:00:00+00:00, run_after=2023-05-12T00:00:00+00:00
[2023-05-12T14:03:14.131+0000] {processor.py:178} INFO - Processing /home/airflow/.local/lib/python3.7/site-packages/airflow/example_dags/example_branch_operator.py took 0.074 seconds
[2023-05-12T14:03:44.377+0000] {processor.py:156} INFO - Started process (PID=418) to work on /home/airflow/.local/lib/python3.7/site-packages/airflow/example_dags/example_branch_operator.py
[2023-05-12T14:03:44.377+0000] {processor.py:799} INFO - Processing file /home/airflow/.local/lib/python3.7/site-packages/airflow/example_dags/example_branch_operator.py for tasks to queue
[2023-05-12T14:03:44.378+0000] {logging_mixin.py:149} INFO - [2023-05-12T14:03:44.378+0000] {dagbag.py:541} INFO - Filling up the DagBag from /home/airflow/.local/lib/python3.7/site-packages/airflow/example_dags/example_branch_operator.py
[2023-05-12T14:03:44.385+0000] {processor.py:809} INFO - DAG(s) dict_keys(['example_branch_operator']) retrieved from /home/airflow/.local/lib/python3.7/site-packages/airflow/example_dags/example_branch_operator.py
[2023-05-12T14:03:44.412+0000] {logging_mixin.py:149} INFO - [2023-05-12T14:03:44.411+0000] {dag.py:2726} INFO - Sync 1 DAGs
[2023-05-12T14:03:44.434+0000] {logging_mixin.py:149} INFO - [2023-05-12T14:03:44.434+0000] {dag.py:3490} INFO - Setting next_dagrun for example_branch_operator to 2023-05-11T00:00:00+00:00, run_after=2023-05-12T00:00:00+00:00
[2023-05-12T14:03:44.452+0000] {processor.py:178} INFO - Processing /home/airflow/.local/lib/python3.7/site-packages/airflow/example_dags/example_branch_operator.py took 0.077 seconds
[2023-05-12T14:04:14.711+0000] {processor.py:156} INFO - Started process (PID=478) to work on /home/airflow/.local/lib/python3.7/site-packages/airflow/example_dags/example_branch_operator.py
[2023-05-12T14:04:14.712+0000] {processor.py:799} INFO - Processing file /home/airflow/.local/lib/python3.7/site-packages/airflow/example_dags/example_branch_operator.py for tasks to queue
[2023-05-12T14:04:14.712+0000] {logging_mixin.py:149} INFO - [2023-05-12T14:04:14.712+0000] {dagbag.py:541} INFO - Filling up the DagBag from /home/airflow/.local/lib/python3.7/site-packages/airflow/example_dags/example_branch_operator.py
[2023-05-12T14:04:14.720+0000] {processor.py:809} INFO - DAG(s) dict_keys(['example_branch_operator']) retrieved from /home/airflow/.local/lib/python3.7/site-packages/airflow/example_dags/example_branch_operator.py
[2023-05-12T14:04:14.744+0000] {logging_mixin.py:149} INFO - [2023-05-12T14:04:14.744+0000] {dag.py:2726} INFO - Sync 1 DAGs
[2023-05-12T14:04:14.766+0000] {logging_mixin.py:149} INFO - [2023-05-12T14:04:14.766+0000] {dag.py:3490} INFO - Setting next_dagrun for example_branch_operator to 2023-05-11T00:00:00+00:00, run_after=2023-05-12T00:00:00+00:00
[2023-05-12T14:04:14.786+0000] {processor.py:178} INFO - Processing /home/airflow/.local/lib/python3.7/site-packages/airflow/example_dags/example_branch_operator.py took 0.078 seconds
