[2023-05-12T13:59:35.676+0000] {processor.py:156} INFO - Started process (PID=45) to work on /home/airflow/.local/lib/python3.7/site-packages/airflow/example_dags/example_sensors.py
[2023-05-12T13:59:35.676+0000] {processor.py:799} INFO - Processing file /home/airflow/.local/lib/python3.7/site-packages/airflow/example_dags/example_sensors.py for tasks to queue
[2023-05-12T13:59:35.677+0000] {logging_mixin.py:149} INFO - [2023-05-12T13:59:35.677+0000] {dagbag.py:541} INFO - Filling up the DagBag from /home/airflow/.local/lib/python3.7/site-packages/airflow/example_dags/example_sensors.py
[2023-05-12T13:59:35.688+0000] {processor.py:809} INFO - DAG(s) dict_keys(['example_sensors']) retrieved from /home/airflow/.local/lib/python3.7/site-packages/airflow/example_dags/example_sensors.py
[2023-05-12T13:59:35.698+0000] {logging_mixin.py:149} INFO - [2023-05-12T13:59:35.698+0000] {dag.py:2726} INFO - Sync 1 DAGs
[2023-05-12T13:59:35.720+0000] {logging_mixin.py:149} INFO - [2023-05-12T13:59:35.720+0000] {dag.py:3490} INFO - Setting next_dagrun for example_sensors to None, run_after=None
[2023-05-12T13:59:35.736+0000] {processor.py:178} INFO - Processing /home/airflow/.local/lib/python3.7/site-packages/airflow/example_dags/example_sensors.py took 0.063 seconds
[2023-05-12T14:00:41.721+0000] {processor.py:156} INFO - Started process (PID=45) to work on /home/airflow/.local/lib/python3.7/site-packages/airflow/example_dags/example_sensors.py
[2023-05-12T14:00:41.722+0000] {processor.py:799} INFO - Processing file /home/airflow/.local/lib/python3.7/site-packages/airflow/example_dags/example_sensors.py for tasks to queue
[2023-05-12T14:00:41.723+0000] {logging_mixin.py:149} INFO - [2023-05-12T14:00:41.723+0000] {dagbag.py:541} INFO - Filling up the DagBag from /home/airflow/.local/lib/python3.7/site-packages/airflow/example_dags/example_sensors.py
[2023-05-12T14:00:41.733+0000] {processor.py:809} INFO - DAG(s) dict_keys(['example_sensors']) retrieved from /home/airflow/.local/lib/python3.7/site-packages/airflow/example_dags/example_sensors.py
[2023-05-12T14:00:41.745+0000] {logging_mixin.py:149} INFO - [2023-05-12T14:00:41.745+0000] {dag.py:2726} INFO - Sync 1 DAGs
[2023-05-12T14:00:41.773+0000] {logging_mixin.py:149} INFO - [2023-05-12T14:00:41.773+0000] {dag.py:3490} INFO - Setting next_dagrun for example_sensors to None, run_after=None
[2023-05-12T14:00:41.790+0000] {processor.py:178} INFO - Processing /home/airflow/.local/lib/python3.7/site-packages/airflow/example_dags/example_sensors.py took 0.073 seconds
[2023-05-12T14:01:11.809+0000] {processor.py:156} INFO - Started process (PID=104) to work on /home/airflow/.local/lib/python3.7/site-packages/airflow/example_dags/example_sensors.py
[2023-05-12T14:01:11.810+0000] {processor.py:799} INFO - Processing file /home/airflow/.local/lib/python3.7/site-packages/airflow/example_dags/example_sensors.py for tasks to queue
[2023-05-12T14:01:11.811+0000] {logging_mixin.py:149} INFO - [2023-05-12T14:01:11.811+0000] {dagbag.py:541} INFO - Filling up the DagBag from /home/airflow/.local/lib/python3.7/site-packages/airflow/example_dags/example_sensors.py
[2023-05-12T14:01:11.821+0000] {processor.py:809} INFO - DAG(s) dict_keys(['example_sensors']) retrieved from /home/airflow/.local/lib/python3.7/site-packages/airflow/example_dags/example_sensors.py
[2023-05-12T14:01:11.853+0000] {logging_mixin.py:149} INFO - [2023-05-12T14:01:11.852+0000] {dag.py:2726} INFO - Sync 1 DAGs
[2023-05-12T14:01:11.878+0000] {logging_mixin.py:149} INFO - [2023-05-12T14:01:11.878+0000] {dag.py:3490} INFO - Setting next_dagrun for example_sensors to None, run_after=None
[2023-05-12T14:01:11.898+0000] {processor.py:178} INFO - Processing /home/airflow/.local/lib/python3.7/site-packages/airflow/example_dags/example_sensors.py took 0.093 seconds
[2023-05-12T14:01:42.550+0000] {processor.py:156} INFO - Started process (PID=164) to work on /home/airflow/.local/lib/python3.7/site-packages/airflow/example_dags/example_sensors.py
[2023-05-12T14:01:42.551+0000] {processor.py:799} INFO - Processing file /home/airflow/.local/lib/python3.7/site-packages/airflow/example_dags/example_sensors.py for tasks to queue
[2023-05-12T14:01:42.552+0000] {logging_mixin.py:149} INFO - [2023-05-12T14:01:42.551+0000] {dagbag.py:541} INFO - Filling up the DagBag from /home/airflow/.local/lib/python3.7/site-packages/airflow/example_dags/example_sensors.py
[2023-05-12T14:01:42.561+0000] {processor.py:809} INFO - DAG(s) dict_keys(['example_sensors']) retrieved from /home/airflow/.local/lib/python3.7/site-packages/airflow/example_dags/example_sensors.py
[2023-05-12T14:01:42.589+0000] {logging_mixin.py:149} INFO - [2023-05-12T14:01:42.589+0000] {dag.py:2726} INFO - Sync 1 DAGs
[2023-05-12T14:01:42.615+0000] {logging_mixin.py:149} INFO - [2023-05-12T14:01:42.614+0000] {dag.py:3490} INFO - Setting next_dagrun for example_sensors to None, run_after=None
[2023-05-12T14:01:42.635+0000] {processor.py:178} INFO - Processing /home/airflow/.local/lib/python3.7/site-packages/airflow/example_dags/example_sensors.py took 0.088 seconds
[2023-05-12T14:02:12.830+0000] {processor.py:156} INFO - Started process (PID=224) to work on /home/airflow/.local/lib/python3.7/site-packages/airflow/example_dags/example_sensors.py
[2023-05-12T14:02:12.831+0000] {processor.py:799} INFO - Processing file /home/airflow/.local/lib/python3.7/site-packages/airflow/example_dags/example_sensors.py for tasks to queue
[2023-05-12T14:02:12.831+0000] {logging_mixin.py:149} INFO - [2023-05-12T14:02:12.831+0000] {dagbag.py:541} INFO - Filling up the DagBag from /home/airflow/.local/lib/python3.7/site-packages/airflow/example_dags/example_sensors.py
[2023-05-12T14:02:12.838+0000] {processor.py:809} INFO - DAG(s) dict_keys(['example_sensors']) retrieved from /home/airflow/.local/lib/python3.7/site-packages/airflow/example_dags/example_sensors.py
[2023-05-12T14:02:12.863+0000] {logging_mixin.py:149} INFO - [2023-05-12T14:02:12.863+0000] {dag.py:2726} INFO - Sync 1 DAGs
[2023-05-12T14:02:12.882+0000] {logging_mixin.py:149} INFO - [2023-05-12T14:02:12.882+0000] {dag.py:3490} INFO - Setting next_dagrun for example_sensors to None, run_after=None
[2023-05-12T14:02:12.901+0000] {processor.py:178} INFO - Processing /home/airflow/.local/lib/python3.7/site-packages/airflow/example_dags/example_sensors.py took 0.074 seconds
[2023-05-12T14:02:43.032+0000] {processor.py:156} INFO - Started process (PID=284) to work on /home/airflow/.local/lib/python3.7/site-packages/airflow/example_dags/example_sensors.py
[2023-05-12T14:02:43.032+0000] {processor.py:799} INFO - Processing file /home/airflow/.local/lib/python3.7/site-packages/airflow/example_dags/example_sensors.py for tasks to queue
[2023-05-12T14:02:43.033+0000] {logging_mixin.py:149} INFO - [2023-05-12T14:02:43.033+0000] {dagbag.py:541} INFO - Filling up the DagBag from /home/airflow/.local/lib/python3.7/site-packages/airflow/example_dags/example_sensors.py
[2023-05-12T14:02:43.041+0000] {processor.py:809} INFO - DAG(s) dict_keys(['example_sensors']) retrieved from /home/airflow/.local/lib/python3.7/site-packages/airflow/example_dags/example_sensors.py
[2023-05-12T14:02:43.066+0000] {logging_mixin.py:149} INFO - [2023-05-12T14:02:43.066+0000] {dag.py:2726} INFO - Sync 1 DAGs
[2023-05-12T14:02:43.087+0000] {logging_mixin.py:149} INFO - [2023-05-12T14:02:43.087+0000] {dag.py:3490} INFO - Setting next_dagrun for example_sensors to None, run_after=None
[2023-05-12T14:02:43.106+0000] {processor.py:178} INFO - Processing /home/airflow/.local/lib/python3.7/site-packages/airflow/example_dags/example_sensors.py took 0.077 seconds
[2023-05-12T14:03:13.393+0000] {processor.py:156} INFO - Started process (PID=344) to work on /home/airflow/.local/lib/python3.7/site-packages/airflow/example_dags/example_sensors.py
[2023-05-12T14:03:13.394+0000] {processor.py:799} INFO - Processing file /home/airflow/.local/lib/python3.7/site-packages/airflow/example_dags/example_sensors.py for tasks to queue
[2023-05-12T14:03:13.395+0000] {logging_mixin.py:149} INFO - [2023-05-12T14:03:13.395+0000] {dagbag.py:541} INFO - Filling up the DagBag from /home/airflow/.local/lib/python3.7/site-packages/airflow/example_dags/example_sensors.py
[2023-05-12T14:03:13.402+0000] {processor.py:809} INFO - DAG(s) dict_keys(['example_sensors']) retrieved from /home/airflow/.local/lib/python3.7/site-packages/airflow/example_dags/example_sensors.py
[2023-05-12T14:03:13.428+0000] {logging_mixin.py:149} INFO - [2023-05-12T14:03:13.428+0000] {dag.py:2726} INFO - Sync 1 DAGs
[2023-05-12T14:03:13.448+0000] {logging_mixin.py:149} INFO - [2023-05-12T14:03:13.447+0000] {dag.py:3490} INFO - Setting next_dagrun for example_sensors to None, run_after=None
[2023-05-12T14:03:13.464+0000] {processor.py:178} INFO - Processing /home/airflow/.local/lib/python3.7/site-packages/airflow/example_dags/example_sensors.py took 0.074 seconds
[2023-05-12T14:03:43.733+0000] {processor.py:156} INFO - Started process (PID=404) to work on /home/airflow/.local/lib/python3.7/site-packages/airflow/example_dags/example_sensors.py
[2023-05-12T14:03:43.734+0000] {processor.py:799} INFO - Processing file /home/airflow/.local/lib/python3.7/site-packages/airflow/example_dags/example_sensors.py for tasks to queue
[2023-05-12T14:03:43.735+0000] {logging_mixin.py:149} INFO - [2023-05-12T14:03:43.735+0000] {dagbag.py:541} INFO - Filling up the DagBag from /home/airflow/.local/lib/python3.7/site-packages/airflow/example_dags/example_sensors.py
[2023-05-12T14:03:43.743+0000] {processor.py:809} INFO - DAG(s) dict_keys(['example_sensors']) retrieved from /home/airflow/.local/lib/python3.7/site-packages/airflow/example_dags/example_sensors.py
[2023-05-12T14:03:43.766+0000] {logging_mixin.py:149} INFO - [2023-05-12T14:03:43.766+0000] {dag.py:2726} INFO - Sync 1 DAGs
[2023-05-12T14:03:43.785+0000] {logging_mixin.py:149} INFO - [2023-05-12T14:03:43.785+0000] {dag.py:3490} INFO - Setting next_dagrun for example_sensors to None, run_after=None
[2023-05-12T14:03:43.803+0000] {processor.py:178} INFO - Processing /home/airflow/.local/lib/python3.7/site-packages/airflow/example_dags/example_sensors.py took 0.073 seconds
[2023-05-12T14:04:14.003+0000] {processor.py:156} INFO - Started process (PID=464) to work on /home/airflow/.local/lib/python3.7/site-packages/airflow/example_dags/example_sensors.py
[2023-05-12T14:04:14.004+0000] {processor.py:799} INFO - Processing file /home/airflow/.local/lib/python3.7/site-packages/airflow/example_dags/example_sensors.py for tasks to queue
[2023-05-12T14:04:14.005+0000] {logging_mixin.py:149} INFO - [2023-05-12T14:04:14.005+0000] {dagbag.py:541} INFO - Filling up the DagBag from /home/airflow/.local/lib/python3.7/site-packages/airflow/example_dags/example_sensors.py
[2023-05-12T14:04:14.013+0000] {processor.py:809} INFO - DAG(s) dict_keys(['example_sensors']) retrieved from /home/airflow/.local/lib/python3.7/site-packages/airflow/example_dags/example_sensors.py
[2023-05-12T14:04:14.038+0000] {logging_mixin.py:149} INFO - [2023-05-12T14:04:14.038+0000] {dag.py:2726} INFO - Sync 1 DAGs
[2023-05-12T14:04:14.060+0000] {logging_mixin.py:149} INFO - [2023-05-12T14:04:14.060+0000] {dag.py:3490} INFO - Setting next_dagrun for example_sensors to None, run_after=None
[2023-05-12T14:04:14.078+0000] {processor.py:178} INFO - Processing /home/airflow/.local/lib/python3.7/site-packages/airflow/example_dags/example_sensors.py took 0.078 seconds
