[2023-05-12T13:59:35.750+0000] {processor.py:156} INFO - Started process (PID=46) to work on /home/airflow/.local/lib/python3.7/site-packages/airflow/example_dags/example_params_trigger_ui.py
[2023-05-12T13:59:35.750+0000] {processor.py:799} INFO - Processing file /home/airflow/.local/lib/python3.7/site-packages/airflow/example_dags/example_params_trigger_ui.py for tasks to queue
[2023-05-12T13:59:35.751+0000] {logging_mixin.py:149} INFO - [2023-05-12T13:59:35.751+0000] {dagbag.py:541} INFO - Filling up the DagBag from /home/airflow/.local/lib/python3.7/site-packages/airflow/example_dags/example_params_trigger_ui.py
[2023-05-12T13:59:35.771+0000] {processor.py:809} INFO - DAG(s) dict_keys(['example_params_trigger_ui']) retrieved from /home/airflow/.local/lib/python3.7/site-packages/airflow/example_dags/example_params_trigger_ui.py
[2023-05-12T13:59:35.781+0000] {logging_mixin.py:149} INFO - [2023-05-12T13:59:35.781+0000] {dag.py:2726} INFO - Sync 1 DAGs
[2023-05-12T13:59:35.803+0000] {logging_mixin.py:149} INFO - [2023-05-12T13:59:35.802+0000] {dag.py:3490} INFO - Setting next_dagrun for example_params_trigger_ui to None, run_after=None
[2023-05-12T13:59:35.820+0000] {processor.py:178} INFO - Processing /home/airflow/.local/lib/python3.7/site-packages/airflow/example_dags/example_params_trigger_ui.py took 0.072 seconds
[2023-05-12T14:00:41.809+0000] {processor.py:156} INFO - Started process (PID=46) to work on /home/airflow/.local/lib/python3.7/site-packages/airflow/example_dags/example_params_trigger_ui.py
[2023-05-12T14:00:41.811+0000] {processor.py:799} INFO - Processing file /home/airflow/.local/lib/python3.7/site-packages/airflow/example_dags/example_params_trigger_ui.py for tasks to queue
[2023-05-12T14:00:41.811+0000] {logging_mixin.py:149} INFO - [2023-05-12T14:00:41.811+0000] {dagbag.py:541} INFO - Filling up the DagBag from /home/airflow/.local/lib/python3.7/site-packages/airflow/example_dags/example_params_trigger_ui.py
[2023-05-12T14:00:41.834+0000] {processor.py:809} INFO - DAG(s) dict_keys(['example_params_trigger_ui']) retrieved from /home/airflow/.local/lib/python3.7/site-packages/airflow/example_dags/example_params_trigger_ui.py
[2023-05-12T14:00:41.845+0000] {logging_mixin.py:149} INFO - [2023-05-12T14:00:41.845+0000] {dag.py:2726} INFO - Sync 1 DAGs
[2023-05-12T14:00:41.871+0000] {logging_mixin.py:149} INFO - [2023-05-12T14:00:41.871+0000] {dag.py:3490} INFO - Setting next_dagrun for example_params_trigger_ui to None, run_after=None
[2023-05-12T14:00:41.890+0000] {processor.py:178} INFO - Processing /home/airflow/.local/lib/python3.7/site-packages/airflow/example_dags/example_params_trigger_ui.py took 0.084 seconds
[2023-05-12T14:01:11.914+0000] {processor.py:156} INFO - Started process (PID=105) to work on /home/airflow/.local/lib/python3.7/site-packages/airflow/example_dags/example_params_trigger_ui.py
[2023-05-12T14:01:11.915+0000] {processor.py:799} INFO - Processing file /home/airflow/.local/lib/python3.7/site-packages/airflow/example_dags/example_params_trigger_ui.py for tasks to queue
[2023-05-12T14:01:11.915+0000] {logging_mixin.py:149} INFO - [2023-05-12T14:01:11.915+0000] {dagbag.py:541} INFO - Filling up the DagBag from /home/airflow/.local/lib/python3.7/site-packages/airflow/example_dags/example_params_trigger_ui.py
[2023-05-12T14:01:11.936+0000] {processor.py:809} INFO - DAG(s) dict_keys(['example_params_trigger_ui']) retrieved from /home/airflow/.local/lib/python3.7/site-packages/airflow/example_dags/example_params_trigger_ui.py
[2023-05-12T14:01:12.022+0000] {logging_mixin.py:149} INFO - [2023-05-12T14:01:12.022+0000] {dag.py:2726} INFO - Sync 1 DAGs
[2023-05-12T14:01:12.054+0000] {logging_mixin.py:149} INFO - [2023-05-12T14:01:12.054+0000] {dag.py:3490} INFO - Setting next_dagrun for example_params_trigger_ui to None, run_after=None
[2023-05-12T14:01:12.105+0000] {processor.py:178} INFO - Processing /home/airflow/.local/lib/python3.7/site-packages/airflow/example_dags/example_params_trigger_ui.py took 0.195 seconds
[2023-05-12T14:01:42.628+0000] {processor.py:156} INFO - Started process (PID=165) to work on /home/airflow/.local/lib/python3.7/site-packages/airflow/example_dags/example_params_trigger_ui.py
[2023-05-12T14:01:42.630+0000] {processor.py:799} INFO - Processing file /home/airflow/.local/lib/python3.7/site-packages/airflow/example_dags/example_params_trigger_ui.py for tasks to queue
[2023-05-12T14:01:42.630+0000] {logging_mixin.py:149} INFO - [2023-05-12T14:01:42.630+0000] {dagbag.py:541} INFO - Filling up the DagBag from /home/airflow/.local/lib/python3.7/site-packages/airflow/example_dags/example_params_trigger_ui.py
[2023-05-12T14:01:42.652+0000] {processor.py:809} INFO - DAG(s) dict_keys(['example_params_trigger_ui']) retrieved from /home/airflow/.local/lib/python3.7/site-packages/airflow/example_dags/example_params_trigger_ui.py
[2023-05-12T14:01:42.727+0000] {logging_mixin.py:149} INFO - [2023-05-12T14:01:42.726+0000] {dag.py:2726} INFO - Sync 1 DAGs
[2023-05-12T14:01:42.748+0000] {logging_mixin.py:149} INFO - [2023-05-12T14:01:42.748+0000] {dag.py:3490} INFO - Setting next_dagrun for example_params_trigger_ui to None, run_after=None
[2023-05-12T14:01:42.766+0000] {processor.py:178} INFO - Processing /home/airflow/.local/lib/python3.7/site-packages/airflow/example_dags/example_params_trigger_ui.py took 0.141 seconds
[2023-05-12T14:02:12.897+0000] {processor.py:156} INFO - Started process (PID=225) to work on /home/airflow/.local/lib/python3.7/site-packages/airflow/example_dags/example_params_trigger_ui.py
[2023-05-12T14:02:12.898+0000] {processor.py:799} INFO - Processing file /home/airflow/.local/lib/python3.7/site-packages/airflow/example_dags/example_params_trigger_ui.py for tasks to queue
[2023-05-12T14:02:12.898+0000] {logging_mixin.py:149} INFO - [2023-05-12T14:02:12.898+0000] {dagbag.py:541} INFO - Filling up the DagBag from /home/airflow/.local/lib/python3.7/site-packages/airflow/example_dags/example_params_trigger_ui.py
[2023-05-12T14:02:12.916+0000] {processor.py:809} INFO - DAG(s) dict_keys(['example_params_trigger_ui']) retrieved from /home/airflow/.local/lib/python3.7/site-packages/airflow/example_dags/example_params_trigger_ui.py
[2023-05-12T14:02:12.988+0000] {logging_mixin.py:149} INFO - [2023-05-12T14:02:12.987+0000] {dag.py:2726} INFO - Sync 1 DAGs
[2023-05-12T14:02:13.007+0000] {logging_mixin.py:149} INFO - [2023-05-12T14:02:13.007+0000] {dag.py:3490} INFO - Setting next_dagrun for example_params_trigger_ui to None, run_after=None
[2023-05-12T14:02:13.027+0000] {processor.py:178} INFO - Processing /home/airflow/.local/lib/python3.7/site-packages/airflow/example_dags/example_params_trigger_ui.py took 0.133 seconds
[2023-05-12T14:02:43.137+0000] {processor.py:156} INFO - Started process (PID=287) to work on /home/airflow/.local/lib/python3.7/site-packages/airflow/example_dags/example_params_trigger_ui.py
[2023-05-12T14:02:43.137+0000] {processor.py:799} INFO - Processing file /home/airflow/.local/lib/python3.7/site-packages/airflow/example_dags/example_params_trigger_ui.py for tasks to queue
[2023-05-12T14:02:43.138+0000] {logging_mixin.py:149} INFO - [2023-05-12T14:02:43.138+0000] {dagbag.py:541} INFO - Filling up the DagBag from /home/airflow/.local/lib/python3.7/site-packages/airflow/example_dags/example_params_trigger_ui.py
[2023-05-12T14:02:43.155+0000] {processor.py:809} INFO - DAG(s) dict_keys(['example_params_trigger_ui']) retrieved from /home/airflow/.local/lib/python3.7/site-packages/airflow/example_dags/example_params_trigger_ui.py
[2023-05-12T14:02:43.235+0000] {logging_mixin.py:149} INFO - [2023-05-12T14:02:43.235+0000] {dag.py:2726} INFO - Sync 1 DAGs
[2023-05-12T14:02:43.255+0000] {logging_mixin.py:149} INFO - [2023-05-12T14:02:43.255+0000] {dag.py:3490} INFO - Setting next_dagrun for example_params_trigger_ui to None, run_after=None
[2023-05-12T14:02:43.273+0000] {processor.py:178} INFO - Processing /home/airflow/.local/lib/python3.7/site-packages/airflow/example_dags/example_params_trigger_ui.py took 0.139 seconds
[2023-05-12T14:03:13.481+0000] {processor.py:156} INFO - Started process (PID=346) to work on /home/airflow/.local/lib/python3.7/site-packages/airflow/example_dags/example_params_trigger_ui.py
[2023-05-12T14:03:13.482+0000] {processor.py:799} INFO - Processing file /home/airflow/.local/lib/python3.7/site-packages/airflow/example_dags/example_params_trigger_ui.py for tasks to queue
[2023-05-12T14:03:13.482+0000] {logging_mixin.py:149} INFO - [2023-05-12T14:03:13.482+0000] {dagbag.py:541} INFO - Filling up the DagBag from /home/airflow/.local/lib/python3.7/site-packages/airflow/example_dags/example_params_trigger_ui.py
[2023-05-12T14:03:13.500+0000] {processor.py:809} INFO - DAG(s) dict_keys(['example_params_trigger_ui']) retrieved from /home/airflow/.local/lib/python3.7/site-packages/airflow/example_dags/example_params_trigger_ui.py
[2023-05-12T14:03:13.574+0000] {logging_mixin.py:149} INFO - [2023-05-12T14:03:13.573+0000] {dag.py:2726} INFO - Sync 1 DAGs
[2023-05-12T14:03:13.595+0000] {logging_mixin.py:149} INFO - [2023-05-12T14:03:13.595+0000] {dag.py:3490} INFO - Setting next_dagrun for example_params_trigger_ui to None, run_after=None
[2023-05-12T14:03:13.614+0000] {processor.py:178} INFO - Processing /home/airflow/.local/lib/python3.7/site-packages/airflow/example_dags/example_params_trigger_ui.py took 0.136 seconds
[2023-05-12T14:03:43.819+0000] {processor.py:156} INFO - Started process (PID=406) to work on /home/airflow/.local/lib/python3.7/site-packages/airflow/example_dags/example_params_trigger_ui.py
[2023-05-12T14:03:43.820+0000] {processor.py:799} INFO - Processing file /home/airflow/.local/lib/python3.7/site-packages/airflow/example_dags/example_params_trigger_ui.py for tasks to queue
[2023-05-12T14:03:43.820+0000] {logging_mixin.py:149} INFO - [2023-05-12T14:03:43.820+0000] {dagbag.py:541} INFO - Filling up the DagBag from /home/airflow/.local/lib/python3.7/site-packages/airflow/example_dags/example_params_trigger_ui.py
[2023-05-12T14:03:43.837+0000] {processor.py:809} INFO - DAG(s) dict_keys(['example_params_trigger_ui']) retrieved from /home/airflow/.local/lib/python3.7/site-packages/airflow/example_dags/example_params_trigger_ui.py
[2023-05-12T14:03:43.913+0000] {logging_mixin.py:149} INFO - [2023-05-12T14:03:43.913+0000] {dag.py:2726} INFO - Sync 1 DAGs
[2023-05-12T14:03:43.935+0000] {logging_mixin.py:149} INFO - [2023-05-12T14:03:43.935+0000] {dag.py:3490} INFO - Setting next_dagrun for example_params_trigger_ui to None, run_after=None
[2023-05-12T14:03:43.952+0000] {processor.py:178} INFO - Processing /home/airflow/.local/lib/python3.7/site-packages/airflow/example_dags/example_params_trigger_ui.py took 0.136 seconds
[2023-05-12T14:04:14.080+0000] {processor.py:156} INFO - Started process (PID=465) to work on /home/airflow/.local/lib/python3.7/site-packages/airflow/example_dags/example_params_trigger_ui.py
[2023-05-12T14:04:14.081+0000] {processor.py:799} INFO - Processing file /home/airflow/.local/lib/python3.7/site-packages/airflow/example_dags/example_params_trigger_ui.py for tasks to queue
[2023-05-12T14:04:14.081+0000] {logging_mixin.py:149} INFO - [2023-05-12T14:04:14.081+0000] {dagbag.py:541} INFO - Filling up the DagBag from /home/airflow/.local/lib/python3.7/site-packages/airflow/example_dags/example_params_trigger_ui.py
[2023-05-12T14:04:14.104+0000] {processor.py:809} INFO - DAG(s) dict_keys(['example_params_trigger_ui']) retrieved from /home/airflow/.local/lib/python3.7/site-packages/airflow/example_dags/example_params_trigger_ui.py
[2023-05-12T14:04:14.193+0000] {logging_mixin.py:149} INFO - [2023-05-12T14:04:14.193+0000] {dag.py:2726} INFO - Sync 1 DAGs
[2023-05-12T14:04:14.218+0000] {logging_mixin.py:149} INFO - [2023-05-12T14:04:14.218+0000] {dag.py:3490} INFO - Setting next_dagrun for example_params_trigger_ui to None, run_after=None
[2023-05-12T14:04:14.238+0000] {processor.py:178} INFO - Processing /home/airflow/.local/lib/python3.7/site-packages/airflow/example_dags/example_params_trigger_ui.py took 0.162 seconds
