[2023-05-12T13:59:34.589+0000] {processor.py:156} INFO - Started process (PID=34) to work on /home/airflow/.local/lib/python3.7/site-packages/airflow/example_dags/example_short_circuit_operator.py
[2023-05-12T13:59:34.589+0000] {processor.py:799} INFO - Processing file /home/airflow/.local/lib/python3.7/site-packages/airflow/example_dags/example_short_circuit_operator.py for tasks to queue
[2023-05-12T13:59:34.590+0000] {logging_mixin.py:149} INFO - [2023-05-12T13:59:34.590+0000] {dagbag.py:541} INFO - Filling up the DagBag from /home/airflow/.local/lib/python3.7/site-packages/airflow/example_dags/example_short_circuit_operator.py
[2023-05-12T13:59:34.602+0000] {processor.py:809} INFO - DAG(s) dict_keys(['example_short_circuit_operator']) retrieved from /home/airflow/.local/lib/python3.7/site-packages/airflow/example_dags/example_short_circuit_operator.py
[2023-05-12T13:59:34.615+0000] {logging_mixin.py:149} INFO - [2023-05-12T13:59:34.614+0000] {dag.py:2726} INFO - Sync 1 DAGs
[2023-05-12T13:59:34.647+0000] {logging_mixin.py:149} INFO - [2023-05-12T13:59:34.647+0000] {dag.py:3490} INFO - Setting next_dagrun for example_short_circuit_operator to 2023-05-11T13:59:34.647314+00:00, run_after=2023-05-12T13:59:34.647314+00:00
[2023-05-12T13:59:34.668+0000] {processor.py:178} INFO - Processing /home/airflow/.local/lib/python3.7/site-packages/airflow/example_dags/example_short_circuit_operator.py took 0.082 seconds
[2023-05-12T14:00:40.741+0000] {processor.py:156} INFO - Started process (PID=34) to work on /home/airflow/.local/lib/python3.7/site-packages/airflow/example_dags/example_short_circuit_operator.py
[2023-05-12T14:00:40.742+0000] {processor.py:799} INFO - Processing file /home/airflow/.local/lib/python3.7/site-packages/airflow/example_dags/example_short_circuit_operator.py for tasks to queue
[2023-05-12T14:00:40.743+0000] {logging_mixin.py:149} INFO - [2023-05-12T14:00:40.743+0000] {dagbag.py:541} INFO - Filling up the DagBag from /home/airflow/.local/lib/python3.7/site-packages/airflow/example_dags/example_short_circuit_operator.py
[2023-05-12T14:00:40.760+0000] {processor.py:809} INFO - DAG(s) dict_keys(['example_short_circuit_operator']) retrieved from /home/airflow/.local/lib/python3.7/site-packages/airflow/example_dags/example_short_circuit_operator.py
[2023-05-12T14:00:40.773+0000] {logging_mixin.py:149} INFO - [2023-05-12T14:00:40.772+0000] {dag.py:2726} INFO - Sync 1 DAGs
[2023-05-12T14:00:40.801+0000] {logging_mixin.py:149} INFO - [2023-05-12T14:00:40.800+0000] {dag.py:3490} INFO - Setting next_dagrun for example_short_circuit_operator to 2023-05-11T14:00:40.800661+00:00, run_after=2023-05-12T14:00:40.800661+00:00
[2023-05-12T14:00:40.816+0000] {processor.py:178} INFO - Processing /home/airflow/.local/lib/python3.7/site-packages/airflow/example_dags/example_short_circuit_operator.py took 0.078 seconds
[2023-05-12T14:01:10.887+0000] {processor.py:156} INFO - Started process (PID=94) to work on /home/airflow/.local/lib/python3.7/site-packages/airflow/example_dags/example_short_circuit_operator.py
[2023-05-12T14:01:10.888+0000] {processor.py:799} INFO - Processing file /home/airflow/.local/lib/python3.7/site-packages/airflow/example_dags/example_short_circuit_operator.py for tasks to queue
[2023-05-12T14:01:10.889+0000] {logging_mixin.py:149} INFO - [2023-05-12T14:01:10.889+0000] {dagbag.py:541} INFO - Filling up the DagBag from /home/airflow/.local/lib/python3.7/site-packages/airflow/example_dags/example_short_circuit_operator.py
[2023-05-12T14:01:10.899+0000] {processor.py:809} INFO - DAG(s) dict_keys(['example_short_circuit_operator']) retrieved from /home/airflow/.local/lib/python3.7/site-packages/airflow/example_dags/example_short_circuit_operator.py
[2023-05-12T14:01:10.930+0000] {logging_mixin.py:149} INFO - [2023-05-12T14:01:10.930+0000] {dag.py:2726} INFO - Sync 1 DAGs
[2023-05-12T14:01:10.956+0000] {logging_mixin.py:149} INFO - [2023-05-12T14:01:10.956+0000] {dag.py:3490} INFO - Setting next_dagrun for example_short_circuit_operator to 2023-05-11T14:01:10.955823+00:00, run_after=2023-05-12T14:01:10.955823+00:00
[2023-05-12T14:01:10.975+0000] {processor.py:178} INFO - Processing /home/airflow/.local/lib/python3.7/site-packages/airflow/example_dags/example_short_circuit_operator.py took 0.091 seconds
[2023-05-12T14:01:41.061+0000] {processor.py:156} INFO - Started process (PID=154) to work on /home/airflow/.local/lib/python3.7/site-packages/airflow/example_dags/example_short_circuit_operator.py
[2023-05-12T14:01:41.062+0000] {processor.py:799} INFO - Processing file /home/airflow/.local/lib/python3.7/site-packages/airflow/example_dags/example_short_circuit_operator.py for tasks to queue
[2023-05-12T14:01:41.062+0000] {logging_mixin.py:149} INFO - [2023-05-12T14:01:41.062+0000] {dagbag.py:541} INFO - Filling up the DagBag from /home/airflow/.local/lib/python3.7/site-packages/airflow/example_dags/example_short_circuit_operator.py
[2023-05-12T14:01:41.068+0000] {processor.py:809} INFO - DAG(s) dict_keys(['example_short_circuit_operator']) retrieved from /home/airflow/.local/lib/python3.7/site-packages/airflow/example_dags/example_short_circuit_operator.py
[2023-05-12T14:01:41.094+0000] {logging_mixin.py:149} INFO - [2023-05-12T14:01:41.093+0000] {dag.py:2726} INFO - Sync 1 DAGs
[2023-05-12T14:01:41.115+0000] {logging_mixin.py:149} INFO - [2023-05-12T14:01:41.114+0000] {dag.py:3490} INFO - Setting next_dagrun for example_short_circuit_operator to 2023-05-11T14:01:41.114734+00:00, run_after=2023-05-12T14:01:41.114734+00:00
[2023-05-12T14:01:41.132+0000] {processor.py:178} INFO - Processing /home/airflow/.local/lib/python3.7/site-packages/airflow/example_dags/example_short_circuit_operator.py took 0.075 seconds
[2023-05-12T14:02:11.367+0000] {processor.py:156} INFO - Started process (PID=214) to work on /home/airflow/.local/lib/python3.7/site-packages/airflow/example_dags/example_short_circuit_operator.py
[2023-05-12T14:02:11.368+0000] {processor.py:799} INFO - Processing file /home/airflow/.local/lib/python3.7/site-packages/airflow/example_dags/example_short_circuit_operator.py for tasks to queue
[2023-05-12T14:02:11.368+0000] {logging_mixin.py:149} INFO - [2023-05-12T14:02:11.368+0000] {dagbag.py:541} INFO - Filling up the DagBag from /home/airflow/.local/lib/python3.7/site-packages/airflow/example_dags/example_short_circuit_operator.py
[2023-05-12T14:02:11.375+0000] {processor.py:809} INFO - DAG(s) dict_keys(['example_short_circuit_operator']) retrieved from /home/airflow/.local/lib/python3.7/site-packages/airflow/example_dags/example_short_circuit_operator.py
[2023-05-12T14:02:11.401+0000] {logging_mixin.py:149} INFO - [2023-05-12T14:02:11.400+0000] {dag.py:2726} INFO - Sync 1 DAGs
[2023-05-12T14:02:11.426+0000] {logging_mixin.py:149} INFO - [2023-05-12T14:02:11.426+0000] {dag.py:3490} INFO - Setting next_dagrun for example_short_circuit_operator to 2023-05-11T14:02:11.426009+00:00, run_after=2023-05-12T14:02:11.426009+00:00
[2023-05-12T14:02:11.446+0000] {processor.py:178} INFO - Processing /home/airflow/.local/lib/python3.7/site-packages/airflow/example_dags/example_short_circuit_operator.py took 0.082 seconds
[2023-05-12T14:02:41.530+0000] {processor.py:156} INFO - Started process (PID=274) to work on /home/airflow/.local/lib/python3.7/site-packages/airflow/example_dags/example_short_circuit_operator.py
[2023-05-12T14:02:41.531+0000] {processor.py:799} INFO - Processing file /home/airflow/.local/lib/python3.7/site-packages/airflow/example_dags/example_short_circuit_operator.py for tasks to queue
[2023-05-12T14:02:41.531+0000] {logging_mixin.py:149} INFO - [2023-05-12T14:02:41.531+0000] {dagbag.py:541} INFO - Filling up the DagBag from /home/airflow/.local/lib/python3.7/site-packages/airflow/example_dags/example_short_circuit_operator.py
[2023-05-12T14:02:41.539+0000] {processor.py:809} INFO - DAG(s) dict_keys(['example_short_circuit_operator']) retrieved from /home/airflow/.local/lib/python3.7/site-packages/airflow/example_dags/example_short_circuit_operator.py
[2023-05-12T14:02:41.566+0000] {logging_mixin.py:149} INFO - [2023-05-12T14:02:41.566+0000] {dag.py:2726} INFO - Sync 1 DAGs
[2023-05-12T14:02:41.589+0000] {logging_mixin.py:149} INFO - [2023-05-12T14:02:41.588+0000] {dag.py:3490} INFO - Setting next_dagrun for example_short_circuit_operator to 2023-05-11T14:02:41.588575+00:00, run_after=2023-05-12T14:02:41.588575+00:00
[2023-05-12T14:02:41.607+0000] {processor.py:178} INFO - Processing /home/airflow/.local/lib/python3.7/site-packages/airflow/example_dags/example_short_circuit_operator.py took 0.081 seconds
[2023-05-12T14:03:11.917+0000] {processor.py:156} INFO - Started process (PID=334) to work on /home/airflow/.local/lib/python3.7/site-packages/airflow/example_dags/example_short_circuit_operator.py
[2023-05-12T14:03:11.917+0000] {processor.py:799} INFO - Processing file /home/airflow/.local/lib/python3.7/site-packages/airflow/example_dags/example_short_circuit_operator.py for tasks to queue
[2023-05-12T14:03:11.918+0000] {logging_mixin.py:149} INFO - [2023-05-12T14:03:11.918+0000] {dagbag.py:541} INFO - Filling up the DagBag from /home/airflow/.local/lib/python3.7/site-packages/airflow/example_dags/example_short_circuit_operator.py
[2023-05-12T14:03:11.924+0000] {processor.py:809} INFO - DAG(s) dict_keys(['example_short_circuit_operator']) retrieved from /home/airflow/.local/lib/python3.7/site-packages/airflow/example_dags/example_short_circuit_operator.py
[2023-05-12T14:03:11.947+0000] {logging_mixin.py:149} INFO - [2023-05-12T14:03:11.947+0000] {dag.py:2726} INFO - Sync 1 DAGs
[2023-05-12T14:03:11.968+0000] {logging_mixin.py:149} INFO - [2023-05-12T14:03:11.967+0000] {dag.py:3490} INFO - Setting next_dagrun for example_short_circuit_operator to 2023-05-11T14:03:11.967763+00:00, run_after=2023-05-12T14:03:11.967763+00:00
[2023-05-12T14:03:11.987+0000] {processor.py:178} INFO - Processing /home/airflow/.local/lib/python3.7/site-packages/airflow/example_dags/example_short_circuit_operator.py took 0.073 seconds
[2023-05-12T14:03:42.251+0000] {processor.py:156} INFO - Started process (PID=394) to work on /home/airflow/.local/lib/python3.7/site-packages/airflow/example_dags/example_short_circuit_operator.py
[2023-05-12T14:03:42.251+0000] {processor.py:799} INFO - Processing file /home/airflow/.local/lib/python3.7/site-packages/airflow/example_dags/example_short_circuit_operator.py for tasks to queue
[2023-05-12T14:03:42.252+0000] {logging_mixin.py:149} INFO - [2023-05-12T14:03:42.252+0000] {dagbag.py:541} INFO - Filling up the DagBag from /home/airflow/.local/lib/python3.7/site-packages/airflow/example_dags/example_short_circuit_operator.py
[2023-05-12T14:03:42.258+0000] {processor.py:809} INFO - DAG(s) dict_keys(['example_short_circuit_operator']) retrieved from /home/airflow/.local/lib/python3.7/site-packages/airflow/example_dags/example_short_circuit_operator.py
[2023-05-12T14:03:42.282+0000] {logging_mixin.py:149} INFO - [2023-05-12T14:03:42.282+0000] {dag.py:2726} INFO - Sync 1 DAGs
[2023-05-12T14:03:42.303+0000] {logging_mixin.py:149} INFO - [2023-05-12T14:03:42.303+0000] {dag.py:3490} INFO - Setting next_dagrun for example_short_circuit_operator to 2023-05-11T14:03:42.303312+00:00, run_after=2023-05-12T14:03:42.303312+00:00
[2023-05-12T14:03:42.323+0000] {processor.py:178} INFO - Processing /home/airflow/.local/lib/python3.7/site-packages/airflow/example_dags/example_short_circuit_operator.py took 0.075 seconds
[2023-05-12T14:04:12.523+0000] {processor.py:156} INFO - Started process (PID=454) to work on /home/airflow/.local/lib/python3.7/site-packages/airflow/example_dags/example_short_circuit_operator.py
[2023-05-12T14:04:12.524+0000] {processor.py:799} INFO - Processing file /home/airflow/.local/lib/python3.7/site-packages/airflow/example_dags/example_short_circuit_operator.py for tasks to queue
[2023-05-12T14:04:12.525+0000] {logging_mixin.py:149} INFO - [2023-05-12T14:04:12.525+0000] {dagbag.py:541} INFO - Filling up the DagBag from /home/airflow/.local/lib/python3.7/site-packages/airflow/example_dags/example_short_circuit_operator.py
[2023-05-12T14:04:12.532+0000] {processor.py:809} INFO - DAG(s) dict_keys(['example_short_circuit_operator']) retrieved from /home/airflow/.local/lib/python3.7/site-packages/airflow/example_dags/example_short_circuit_operator.py
[2023-05-12T14:04:12.559+0000] {logging_mixin.py:149} INFO - [2023-05-12T14:04:12.559+0000] {dag.py:2726} INFO - Sync 1 DAGs
[2023-05-12T14:04:12.585+0000] {logging_mixin.py:149} INFO - [2023-05-12T14:04:12.585+0000] {dag.py:3490} INFO - Setting next_dagrun for example_short_circuit_operator to 2023-05-11T14:04:12.584823+00:00, run_after=2023-05-12T14:04:12.584823+00:00
[2023-05-12T14:04:12.605+0000] {processor.py:178} INFO - Processing /home/airflow/.local/lib/python3.7/site-packages/airflow/example_dags/example_short_circuit_operator.py took 0.084 seconds
