[2023-05-12T13:59:37.245+0000] {processor.py:156} INFO - Started process (PID=72) to work on /home/airflow/.local/lib/python3.7/site-packages/airflow/example_dags/example_xcomargs.py
[2023-05-12T13:59:37.246+0000] {processor.py:799} INFO - Processing file /home/airflow/.local/lib/python3.7/site-packages/airflow/example_dags/example_xcomargs.py for tasks to queue
[2023-05-12T13:59:37.247+0000] {logging_mixin.py:149} INFO - [2023-05-12T13:59:37.247+0000] {dagbag.py:541} INFO - Filling up the DagBag from /home/airflow/.local/lib/python3.7/site-packages/airflow/example_dags/example_xcomargs.py
[2023-05-12T13:59:37.256+0000] {processor.py:809} INFO - DAG(s) dict_keys(['example_xcom_args_with_operators', 'example_xcom_args']) retrieved from /home/airflow/.local/lib/python3.7/site-packages/airflow/example_dags/example_xcomargs.py
[2023-05-12T13:59:37.271+0000] {logging_mixin.py:149} INFO - [2023-05-12T13:59:37.271+0000] {dag.py:2726} INFO - Sync 2 DAGs
[2023-05-12T13:59:37.303+0000] {logging_mixin.py:149} INFO - [2023-05-12T13:59:37.303+0000] {dag.py:3490} INFO - Setting next_dagrun for example_xcom_args to None, run_after=None
[2023-05-12T13:59:37.308+0000] {logging_mixin.py:149} INFO - [2023-05-12T13:59:37.308+0000] {dag.py:3490} INFO - Setting next_dagrun for example_xcom_args_with_operators to None, run_after=None
[2023-05-12T13:59:37.327+0000] {processor.py:178} INFO - Processing /home/airflow/.local/lib/python3.7/site-packages/airflow/example_dags/example_xcomargs.py took 0.087 seconds
[2023-05-12T14:00:43.461+0000] {processor.py:156} INFO - Started process (PID=72) to work on /home/airflow/.local/lib/python3.7/site-packages/airflow/example_dags/example_xcomargs.py
[2023-05-12T14:00:43.462+0000] {processor.py:799} INFO - Processing file /home/airflow/.local/lib/python3.7/site-packages/airflow/example_dags/example_xcomargs.py for tasks to queue
[2023-05-12T14:00:43.463+0000] {logging_mixin.py:149} INFO - [2023-05-12T14:00:43.463+0000] {dagbag.py:541} INFO - Filling up the DagBag from /home/airflow/.local/lib/python3.7/site-packages/airflow/example_dags/example_xcomargs.py
[2023-05-12T14:00:43.470+0000] {processor.py:809} INFO - DAG(s) dict_keys(['example_xcom_args', 'example_xcom_args_with_operators']) retrieved from /home/airflow/.local/lib/python3.7/site-packages/airflow/example_dags/example_xcomargs.py
[2023-05-12T14:00:43.485+0000] {logging_mixin.py:149} INFO - [2023-05-12T14:00:43.485+0000] {dag.py:2726} INFO - Sync 2 DAGs
[2023-05-12T14:00:43.509+0000] {logging_mixin.py:149} INFO - [2023-05-12T14:00:43.509+0000] {dag.py:3490} INFO - Setting next_dagrun for example_xcom_args to None, run_after=None
[2023-05-12T14:00:43.512+0000] {logging_mixin.py:149} INFO - [2023-05-12T14:00:43.512+0000] {dag.py:3490} INFO - Setting next_dagrun for example_xcom_args_with_operators to None, run_after=None
[2023-05-12T14:00:43.529+0000] {processor.py:178} INFO - Processing /home/airflow/.local/lib/python3.7/site-packages/airflow/example_dags/example_xcomargs.py took 0.070 seconds
[2023-05-12T14:01:13.652+0000] {processor.py:156} INFO - Started process (PID=132) to work on /home/airflow/.local/lib/python3.7/site-packages/airflow/example_dags/example_xcomargs.py
[2023-05-12T14:01:13.653+0000] {processor.py:799} INFO - Processing file /home/airflow/.local/lib/python3.7/site-packages/airflow/example_dags/example_xcomargs.py for tasks to queue
[2023-05-12T14:01:13.654+0000] {logging_mixin.py:149} INFO - [2023-05-12T14:01:13.654+0000] {dagbag.py:541} INFO - Filling up the DagBag from /home/airflow/.local/lib/python3.7/site-packages/airflow/example_dags/example_xcomargs.py
[2023-05-12T14:01:13.661+0000] {processor.py:809} INFO - DAG(s) dict_keys(['example_xcom_args_with_operators', 'example_xcom_args']) retrieved from /home/airflow/.local/lib/python3.7/site-packages/airflow/example_dags/example_xcomargs.py
[2023-05-12T14:01:13.690+0000] {logging_mixin.py:149} INFO - [2023-05-12T14:01:13.690+0000] {dag.py:2726} INFO - Sync 2 DAGs
[2023-05-12T14:01:13.716+0000] {logging_mixin.py:149} INFO - [2023-05-12T14:01:13.716+0000] {dag.py:3490} INFO - Setting next_dagrun for example_xcom_args to None, run_after=None
[2023-05-12T14:01:13.719+0000] {logging_mixin.py:149} INFO - [2023-05-12T14:01:13.719+0000] {dag.py:3490} INFO - Setting next_dagrun for example_xcom_args_with_operators to None, run_after=None
[2023-05-12T14:01:13.736+0000] {processor.py:178} INFO - Processing /home/airflow/.local/lib/python3.7/site-packages/airflow/example_dags/example_xcomargs.py took 0.086 seconds
[2023-05-12T14:01:43.956+0000] {processor.py:156} INFO - Started process (PID=192) to work on /home/airflow/.local/lib/python3.7/site-packages/airflow/example_dags/example_xcomargs.py
[2023-05-12T14:01:43.957+0000] {processor.py:799} INFO - Processing file /home/airflow/.local/lib/python3.7/site-packages/airflow/example_dags/example_xcomargs.py for tasks to queue
[2023-05-12T14:01:43.958+0000] {logging_mixin.py:149} INFO - [2023-05-12T14:01:43.958+0000] {dagbag.py:541} INFO - Filling up the DagBag from /home/airflow/.local/lib/python3.7/site-packages/airflow/example_dags/example_xcomargs.py
[2023-05-12T14:01:43.964+0000] {processor.py:809} INFO - DAG(s) dict_keys(['example_xcom_args_with_operators', 'example_xcom_args']) retrieved from /home/airflow/.local/lib/python3.7/site-packages/airflow/example_dags/example_xcomargs.py
[2023-05-12T14:01:43.989+0000] {logging_mixin.py:149} INFO - [2023-05-12T14:01:43.989+0000] {dag.py:2726} INFO - Sync 2 DAGs
[2023-05-12T14:01:44.010+0000] {logging_mixin.py:149} INFO - [2023-05-12T14:01:44.010+0000] {dag.py:3490} INFO - Setting next_dagrun for example_xcom_args to None, run_after=None
[2023-05-12T14:01:44.013+0000] {logging_mixin.py:149} INFO - [2023-05-12T14:01:44.013+0000] {dag.py:3490} INFO - Setting next_dagrun for example_xcom_args_with_operators to None, run_after=None
[2023-05-12T14:01:44.031+0000] {processor.py:178} INFO - Processing /home/airflow/.local/lib/python3.7/site-packages/airflow/example_dags/example_xcomargs.py took 0.078 seconds
[2023-05-12T14:02:14.140+0000] {processor.py:156} INFO - Started process (PID=252) to work on /home/airflow/.local/lib/python3.7/site-packages/airflow/example_dags/example_xcomargs.py
[2023-05-12T14:02:14.141+0000] {processor.py:799} INFO - Processing file /home/airflow/.local/lib/python3.7/site-packages/airflow/example_dags/example_xcomargs.py for tasks to queue
[2023-05-12T14:02:14.142+0000] {logging_mixin.py:149} INFO - [2023-05-12T14:02:14.142+0000] {dagbag.py:541} INFO - Filling up the DagBag from /home/airflow/.local/lib/python3.7/site-packages/airflow/example_dags/example_xcomargs.py
[2023-05-12T14:02:14.148+0000] {processor.py:809} INFO - DAG(s) dict_keys(['example_xcom_args', 'example_xcom_args_with_operators']) retrieved from /home/airflow/.local/lib/python3.7/site-packages/airflow/example_dags/example_xcomargs.py
[2023-05-12T14:02:14.173+0000] {logging_mixin.py:149} INFO - [2023-05-12T14:02:14.173+0000] {dag.py:2726} INFO - Sync 2 DAGs
[2023-05-12T14:02:14.195+0000] {logging_mixin.py:149} INFO - [2023-05-12T14:02:14.194+0000] {dag.py:3490} INFO - Setting next_dagrun for example_xcom_args to None, run_after=None
[2023-05-12T14:02:14.197+0000] {logging_mixin.py:149} INFO - [2023-05-12T14:02:14.197+0000] {dag.py:3490} INFO - Setting next_dagrun for example_xcom_args_with_operators to None, run_after=None
[2023-05-12T14:02:14.214+0000] {processor.py:178} INFO - Processing /home/airflow/.local/lib/python3.7/site-packages/airflow/example_dags/example_xcomargs.py took 0.077 seconds
[2023-05-12T14:02:44.466+0000] {processor.py:156} INFO - Started process (PID=312) to work on /home/airflow/.local/lib/python3.7/site-packages/airflow/example_dags/example_xcomargs.py
[2023-05-12T14:02:44.467+0000] {processor.py:799} INFO - Processing file /home/airflow/.local/lib/python3.7/site-packages/airflow/example_dags/example_xcomargs.py for tasks to queue
[2023-05-12T14:02:44.467+0000] {logging_mixin.py:149} INFO - [2023-05-12T14:02:44.467+0000] {dagbag.py:541} INFO - Filling up the DagBag from /home/airflow/.local/lib/python3.7/site-packages/airflow/example_dags/example_xcomargs.py
[2023-05-12T14:02:44.473+0000] {processor.py:809} INFO - DAG(s) dict_keys(['example_xcom_args', 'example_xcom_args_with_operators']) retrieved from /home/airflow/.local/lib/python3.7/site-packages/airflow/example_dags/example_xcomargs.py
[2023-05-12T14:02:44.497+0000] {logging_mixin.py:149} INFO - [2023-05-12T14:02:44.497+0000] {dag.py:2726} INFO - Sync 2 DAGs
[2023-05-12T14:02:44.519+0000] {logging_mixin.py:149} INFO - [2023-05-12T14:02:44.519+0000] {dag.py:3490} INFO - Setting next_dagrun for example_xcom_args to None, run_after=None
[2023-05-12T14:02:44.522+0000] {logging_mixin.py:149} INFO - [2023-05-12T14:02:44.522+0000] {dag.py:3490} INFO - Setting next_dagrun for example_xcom_args_with_operators to None, run_after=None
[2023-05-12T14:02:44.536+0000] {processor.py:178} INFO - Processing /home/airflow/.local/lib/python3.7/site-packages/airflow/example_dags/example_xcomargs.py took 0.072 seconds
[2023-05-12T14:03:14.670+0000] {processor.py:156} INFO - Started process (PID=371) to work on /home/airflow/.local/lib/python3.7/site-packages/airflow/example_dags/example_xcomargs.py
[2023-05-12T14:03:14.671+0000] {processor.py:799} INFO - Processing file /home/airflow/.local/lib/python3.7/site-packages/airflow/example_dags/example_xcomargs.py for tasks to queue
[2023-05-12T14:03:14.672+0000] {logging_mixin.py:149} INFO - [2023-05-12T14:03:14.672+0000] {dagbag.py:541} INFO - Filling up the DagBag from /home/airflow/.local/lib/python3.7/site-packages/airflow/example_dags/example_xcomargs.py
[2023-05-12T14:03:14.678+0000] {processor.py:809} INFO - DAG(s) dict_keys(['example_xcom_args', 'example_xcom_args_with_operators']) retrieved from /home/airflow/.local/lib/python3.7/site-packages/airflow/example_dags/example_xcomargs.py
[2023-05-12T14:03:14.702+0000] {logging_mixin.py:149} INFO - [2023-05-12T14:03:14.702+0000] {dag.py:2726} INFO - Sync 2 DAGs
[2023-05-12T14:03:14.721+0000] {logging_mixin.py:149} INFO - [2023-05-12T14:03:14.721+0000] {dag.py:3490} INFO - Setting next_dagrun for example_xcom_args to None, run_after=None
[2023-05-12T14:03:14.724+0000] {logging_mixin.py:149} INFO - [2023-05-12T14:03:14.723+0000] {dag.py:3490} INFO - Setting next_dagrun for example_xcom_args_with_operators to None, run_after=None
[2023-05-12T14:03:14.739+0000] {processor.py:178} INFO - Processing /home/airflow/.local/lib/python3.7/site-packages/airflow/example_dags/example_xcomargs.py took 0.071 seconds
[2023-05-12T14:03:44.958+0000] {processor.py:156} INFO - Started process (PID=431) to work on /home/airflow/.local/lib/python3.7/site-packages/airflow/example_dags/example_xcomargs.py
[2023-05-12T14:03:44.959+0000] {processor.py:799} INFO - Processing file /home/airflow/.local/lib/python3.7/site-packages/airflow/example_dags/example_xcomargs.py for tasks to queue
[2023-05-12T14:03:44.959+0000] {logging_mixin.py:149} INFO - [2023-05-12T14:03:44.959+0000] {dagbag.py:541} INFO - Filling up the DagBag from /home/airflow/.local/lib/python3.7/site-packages/airflow/example_dags/example_xcomargs.py
[2023-05-12T14:03:44.966+0000] {processor.py:809} INFO - DAG(s) dict_keys(['example_xcom_args', 'example_xcom_args_with_operators']) retrieved from /home/airflow/.local/lib/python3.7/site-packages/airflow/example_dags/example_xcomargs.py
[2023-05-12T14:03:44.991+0000] {logging_mixin.py:149} INFO - [2023-05-12T14:03:44.991+0000] {dag.py:2726} INFO - Sync 2 DAGs
[2023-05-12T14:03:45.015+0000] {logging_mixin.py:149} INFO - [2023-05-12T14:03:45.014+0000] {dag.py:3490} INFO - Setting next_dagrun for example_xcom_args to None, run_after=None
[2023-05-12T14:03:45.018+0000] {logging_mixin.py:149} INFO - [2023-05-12T14:03:45.018+0000] {dag.py:3490} INFO - Setting next_dagrun for example_xcom_args_with_operators to None, run_after=None
[2023-05-12T14:03:45.036+0000] {processor.py:178} INFO - Processing /home/airflow/.local/lib/python3.7/site-packages/airflow/example_dags/example_xcomargs.py took 0.080 seconds
[2023-05-12T14:04:15.340+0000] {processor.py:156} INFO - Started process (PID=491) to work on /home/airflow/.local/lib/python3.7/site-packages/airflow/example_dags/example_xcomargs.py
[2023-05-12T14:04:15.341+0000] {processor.py:799} INFO - Processing file /home/airflow/.local/lib/python3.7/site-packages/airflow/example_dags/example_xcomargs.py for tasks to queue
[2023-05-12T14:04:15.341+0000] {logging_mixin.py:149} INFO - [2023-05-12T14:04:15.341+0000] {dagbag.py:541} INFO - Filling up the DagBag from /home/airflow/.local/lib/python3.7/site-packages/airflow/example_dags/example_xcomargs.py
[2023-05-12T14:04:15.348+0000] {processor.py:809} INFO - DAG(s) dict_keys(['example_xcom_args', 'example_xcom_args_with_operators']) retrieved from /home/airflow/.local/lib/python3.7/site-packages/airflow/example_dags/example_xcomargs.py
[2023-05-12T14:04:15.374+0000] {logging_mixin.py:149} INFO - [2023-05-12T14:04:15.374+0000] {dag.py:2726} INFO - Sync 2 DAGs
[2023-05-12T14:04:15.397+0000] {logging_mixin.py:149} INFO - [2023-05-12T14:04:15.397+0000] {dag.py:3490} INFO - Setting next_dagrun for example_xcom_args to None, run_after=None
[2023-05-12T14:04:15.402+0000] {logging_mixin.py:149} INFO - [2023-05-12T14:04:15.401+0000] {dag.py:3490} INFO - Setting next_dagrun for example_xcom_args_with_operators to None, run_after=None
[2023-05-12T14:04:15.465+0000] {processor.py:178} INFO - Processing /home/airflow/.local/lib/python3.7/site-packages/airflow/example_dags/example_xcomargs.py took 0.128 seconds
