[2023-05-12T13:59:35.203+0000] {processor.py:156} INFO - Started process (PID=41) to work on /home/airflow/.local/lib/python3.7/site-packages/airflow/example_dags/example_task_group.py
[2023-05-12T13:59:35.204+0000] {processor.py:799} INFO - Processing file /home/airflow/.local/lib/python3.7/site-packages/airflow/example_dags/example_task_group.py for tasks to queue
[2023-05-12T13:59:35.205+0000] {logging_mixin.py:149} INFO - [2023-05-12T13:59:35.205+0000] {dagbag.py:541} INFO - Filling up the DagBag from /home/airflow/.local/lib/python3.7/site-packages/airflow/example_dags/example_task_group.py
[2023-05-12T13:59:35.218+0000] {processor.py:809} INFO - DAG(s) dict_keys(['example_task_group']) retrieved from /home/airflow/.local/lib/python3.7/site-packages/airflow/example_dags/example_task_group.py
[2023-05-12T13:59:35.251+0000] {logging_mixin.py:149} INFO - [2023-05-12T13:59:35.250+0000] {dag.py:2726} INFO - Sync 1 DAGs
[2023-05-12T13:59:35.283+0000] {logging_mixin.py:149} INFO - [2023-05-12T13:59:35.283+0000] {dag.py:3490} INFO - Setting next_dagrun for example_task_group to 2023-05-11T13:59:35.282982+00:00, run_after=2023-05-12T13:59:35.282982+00:00
[2023-05-12T13:59:35.315+0000] {processor.py:178} INFO - Processing /home/airflow/.local/lib/python3.7/site-packages/airflow/example_dags/example_task_group.py took 0.115 seconds
[2023-05-12T14:00:41.276+0000] {processor.py:156} INFO - Started process (PID=41) to work on /home/airflow/.local/lib/python3.7/site-packages/airflow/example_dags/example_task_group.py
[2023-05-12T14:00:41.278+0000] {processor.py:799} INFO - Processing file /home/airflow/.local/lib/python3.7/site-packages/airflow/example_dags/example_task_group.py for tasks to queue
[2023-05-12T14:00:41.279+0000] {logging_mixin.py:149} INFO - [2023-05-12T14:00:41.278+0000] {dagbag.py:541} INFO - Filling up the DagBag from /home/airflow/.local/lib/python3.7/site-packages/airflow/example_dags/example_task_group.py
[2023-05-12T14:00:41.290+0000] {processor.py:809} INFO - DAG(s) dict_keys(['example_task_group']) retrieved from /home/airflow/.local/lib/python3.7/site-packages/airflow/example_dags/example_task_group.py
[2023-05-12T14:00:41.304+0000] {logging_mixin.py:149} INFO - [2023-05-12T14:00:41.304+0000] {dag.py:2726} INFO - Sync 1 DAGs
[2023-05-12T14:00:41.334+0000] {logging_mixin.py:149} INFO - [2023-05-12T14:00:41.334+0000] {dag.py:3490} INFO - Setting next_dagrun for example_task_group to 2023-05-11T14:00:41.334402+00:00, run_after=2023-05-12T14:00:41.334402+00:00
[2023-05-12T14:00:41.362+0000] {processor.py:178} INFO - Processing /home/airflow/.local/lib/python3.7/site-packages/airflow/example_dags/example_task_group.py took 0.089 seconds
[2023-05-12T14:01:11.537+0000] {processor.py:156} INFO - Started process (PID=100) to work on /home/airflow/.local/lib/python3.7/site-packages/airflow/example_dags/example_task_group.py
[2023-05-12T14:01:11.538+0000] {processor.py:799} INFO - Processing file /home/airflow/.local/lib/python3.7/site-packages/airflow/example_dags/example_task_group.py for tasks to queue
[2023-05-12T14:01:11.539+0000] {logging_mixin.py:149} INFO - [2023-05-12T14:01:11.539+0000] {dagbag.py:541} INFO - Filling up the DagBag from /home/airflow/.local/lib/python3.7/site-packages/airflow/example_dags/example_task_group.py
[2023-05-12T14:01:11.552+0000] {processor.py:809} INFO - DAG(s) dict_keys(['example_task_group']) retrieved from /home/airflow/.local/lib/python3.7/site-packages/airflow/example_dags/example_task_group.py
[2023-05-12T14:01:11.584+0000] {logging_mixin.py:149} INFO - [2023-05-12T14:01:11.584+0000] {dag.py:2726} INFO - Sync 1 DAGs
[2023-05-12T14:01:11.623+0000] {logging_mixin.py:149} INFO - [2023-05-12T14:01:11.623+0000] {dag.py:3490} INFO - Setting next_dagrun for example_task_group to 2023-05-11T14:01:11.623232+00:00, run_after=2023-05-12T14:01:11.623232+00:00
[2023-05-12T14:01:11.647+0000] {processor.py:178} INFO - Processing /home/airflow/.local/lib/python3.7/site-packages/airflow/example_dags/example_task_group.py took 0.114 seconds
[2023-05-12T14:01:42.335+0000] {processor.py:156} INFO - Started process (PID=160) to work on /home/airflow/.local/lib/python3.7/site-packages/airflow/example_dags/example_task_group.py
[2023-05-12T14:01:42.336+0000] {processor.py:799} INFO - Processing file /home/airflow/.local/lib/python3.7/site-packages/airflow/example_dags/example_task_group.py for tasks to queue
[2023-05-12T14:01:42.336+0000] {logging_mixin.py:149} INFO - [2023-05-12T14:01:42.336+0000] {dagbag.py:541} INFO - Filling up the DagBag from /home/airflow/.local/lib/python3.7/site-packages/airflow/example_dags/example_task_group.py
[2023-05-12T14:01:42.342+0000] {processor.py:809} INFO - DAG(s) dict_keys(['example_task_group']) retrieved from /home/airflow/.local/lib/python3.7/site-packages/airflow/example_dags/example_task_group.py
[2023-05-12T14:01:42.363+0000] {logging_mixin.py:149} INFO - [2023-05-12T14:01:42.363+0000] {dag.py:2726} INFO - Sync 1 DAGs
[2023-05-12T14:01:42.382+0000] {logging_mixin.py:149} INFO - [2023-05-12T14:01:42.382+0000] {dag.py:3490} INFO - Setting next_dagrun for example_task_group to 2023-05-11T14:01:42.382558+00:00, run_after=2023-05-12T14:01:42.382558+00:00
[2023-05-12T14:01:42.400+0000] {processor.py:178} INFO - Processing /home/airflow/.local/lib/python3.7/site-packages/airflow/example_dags/example_task_group.py took 0.068 seconds
[2023-05-12T14:02:12.617+0000] {processor.py:156} INFO - Started process (PID=220) to work on /home/airflow/.local/lib/python3.7/site-packages/airflow/example_dags/example_task_group.py
[2023-05-12T14:02:12.624+0000] {processor.py:799} INFO - Processing file /home/airflow/.local/lib/python3.7/site-packages/airflow/example_dags/example_task_group.py for tasks to queue
[2023-05-12T14:02:12.625+0000] {logging_mixin.py:149} INFO - [2023-05-12T14:02:12.625+0000] {dagbag.py:541} INFO - Filling up the DagBag from /home/airflow/.local/lib/python3.7/site-packages/airflow/example_dags/example_task_group.py
[2023-05-12T14:02:12.633+0000] {processor.py:809} INFO - DAG(s) dict_keys(['example_task_group']) retrieved from /home/airflow/.local/lib/python3.7/site-packages/airflow/example_dags/example_task_group.py
[2023-05-12T14:02:12.655+0000] {logging_mixin.py:149} INFO - [2023-05-12T14:02:12.655+0000] {dag.py:2726} INFO - Sync 1 DAGs
[2023-05-12T14:02:12.676+0000] {logging_mixin.py:149} INFO - [2023-05-12T14:02:12.676+0000] {dag.py:3490} INFO - Setting next_dagrun for example_task_group to 2023-05-11T14:02:12.675976+00:00, run_after=2023-05-12T14:02:12.675976+00:00
[2023-05-12T14:02:12.694+0000] {processor.py:178} INFO - Processing /home/airflow/.local/lib/python3.7/site-packages/airflow/example_dags/example_task_group.py took 0.080 seconds
[2023-05-12T14:02:42.803+0000] {processor.py:156} INFO - Started process (PID=280) to work on /home/airflow/.local/lib/python3.7/site-packages/airflow/example_dags/example_task_group.py
[2023-05-12T14:02:42.804+0000] {processor.py:799} INFO - Processing file /home/airflow/.local/lib/python3.7/site-packages/airflow/example_dags/example_task_group.py for tasks to queue
[2023-05-12T14:02:42.805+0000] {logging_mixin.py:149} INFO - [2023-05-12T14:02:42.804+0000] {dagbag.py:541} INFO - Filling up the DagBag from /home/airflow/.local/lib/python3.7/site-packages/airflow/example_dags/example_task_group.py
[2023-05-12T14:02:42.811+0000] {processor.py:809} INFO - DAG(s) dict_keys(['example_task_group']) retrieved from /home/airflow/.local/lib/python3.7/site-packages/airflow/example_dags/example_task_group.py
[2023-05-12T14:02:42.833+0000] {logging_mixin.py:149} INFO - [2023-05-12T14:02:42.833+0000] {dag.py:2726} INFO - Sync 1 DAGs
[2023-05-12T14:02:42.855+0000] {logging_mixin.py:149} INFO - [2023-05-12T14:02:42.855+0000] {dag.py:3490} INFO - Setting next_dagrun for example_task_group to 2023-05-11T14:02:42.854911+00:00, run_after=2023-05-12T14:02:42.854911+00:00
[2023-05-12T14:02:42.874+0000] {processor.py:178} INFO - Processing /home/airflow/.local/lib/python3.7/site-packages/airflow/example_dags/example_task_group.py took 0.074 seconds
[2023-05-12T14:03:13.156+0000] {processor.py:156} INFO - Started process (PID=340) to work on /home/airflow/.local/lib/python3.7/site-packages/airflow/example_dags/example_task_group.py
[2023-05-12T14:03:13.164+0000] {processor.py:799} INFO - Processing file /home/airflow/.local/lib/python3.7/site-packages/airflow/example_dags/example_task_group.py for tasks to queue
[2023-05-12T14:03:13.165+0000] {logging_mixin.py:149} INFO - [2023-05-12T14:03:13.165+0000] {dagbag.py:541} INFO - Filling up the DagBag from /home/airflow/.local/lib/python3.7/site-packages/airflow/example_dags/example_task_group.py
[2023-05-12T14:03:13.172+0000] {processor.py:809} INFO - DAG(s) dict_keys(['example_task_group']) retrieved from /home/airflow/.local/lib/python3.7/site-packages/airflow/example_dags/example_task_group.py
[2023-05-12T14:03:13.195+0000] {logging_mixin.py:149} INFO - [2023-05-12T14:03:13.195+0000] {dag.py:2726} INFO - Sync 1 DAGs
[2023-05-12T14:03:13.216+0000] {logging_mixin.py:149} INFO - [2023-05-12T14:03:13.216+0000] {dag.py:3490} INFO - Setting next_dagrun for example_task_group to 2023-05-11T14:03:13.216452+00:00, run_after=2023-05-12T14:03:13.216452+00:00
[2023-05-12T14:03:13.237+0000] {processor.py:178} INFO - Processing /home/airflow/.local/lib/python3.7/site-packages/airflow/example_dags/example_task_group.py took 0.084 seconds
[2023-05-12T14:03:43.507+0000] {processor.py:156} INFO - Started process (PID=400) to work on /home/airflow/.local/lib/python3.7/site-packages/airflow/example_dags/example_task_group.py
[2023-05-12T14:03:43.507+0000] {processor.py:799} INFO - Processing file /home/airflow/.local/lib/python3.7/site-packages/airflow/example_dags/example_task_group.py for tasks to queue
[2023-05-12T14:03:43.508+0000] {logging_mixin.py:149} INFO - [2023-05-12T14:03:43.508+0000] {dagbag.py:541} INFO - Filling up the DagBag from /home/airflow/.local/lib/python3.7/site-packages/airflow/example_dags/example_task_group.py
[2023-05-12T14:03:43.516+0000] {processor.py:809} INFO - DAG(s) dict_keys(['example_task_group']) retrieved from /home/airflow/.local/lib/python3.7/site-packages/airflow/example_dags/example_task_group.py
[2023-05-12T14:03:43.540+0000] {logging_mixin.py:149} INFO - [2023-05-12T14:03:43.540+0000] {dag.py:2726} INFO - Sync 1 DAGs
[2023-05-12T14:03:43.564+0000] {logging_mixin.py:149} INFO - [2023-05-12T14:03:43.564+0000] {dag.py:3490} INFO - Setting next_dagrun for example_task_group to 2023-05-11T14:03:43.564289+00:00, run_after=2023-05-12T14:03:43.564289+00:00
[2023-05-12T14:03:43.582+0000] {processor.py:178} INFO - Processing /home/airflow/.local/lib/python3.7/site-packages/airflow/example_dags/example_task_group.py took 0.078 seconds
[2023-05-12T14:04:13.773+0000] {processor.py:156} INFO - Started process (PID=460) to work on /home/airflow/.local/lib/python3.7/site-packages/airflow/example_dags/example_task_group.py
[2023-05-12T14:04:13.773+0000] {processor.py:799} INFO - Processing file /home/airflow/.local/lib/python3.7/site-packages/airflow/example_dags/example_task_group.py for tasks to queue
[2023-05-12T14:04:13.774+0000] {logging_mixin.py:149} INFO - [2023-05-12T14:04:13.774+0000] {dagbag.py:541} INFO - Filling up the DagBag from /home/airflow/.local/lib/python3.7/site-packages/airflow/example_dags/example_task_group.py
[2023-05-12T14:04:13.780+0000] {processor.py:809} INFO - DAG(s) dict_keys(['example_task_group']) retrieved from /home/airflow/.local/lib/python3.7/site-packages/airflow/example_dags/example_task_group.py
[2023-05-12T14:04:13.803+0000] {logging_mixin.py:149} INFO - [2023-05-12T14:04:13.803+0000] {dag.py:2726} INFO - Sync 1 DAGs
[2023-05-12T14:04:13.829+0000] {logging_mixin.py:149} INFO - [2023-05-12T14:04:13.829+0000] {dag.py:3490} INFO - Setting next_dagrun for example_task_group to 2023-05-11T14:04:13.829480+00:00, run_after=2023-05-12T14:04:13.829480+00:00
[2023-05-12T14:04:13.846+0000] {processor.py:178} INFO - Processing /home/airflow/.local/lib/python3.7/site-packages/airflow/example_dags/example_task_group.py took 0.076 seconds
