[2023-05-12T13:59:36.420+0000] {processor.py:156} INFO - Started process (PID=59) to work on /home/airflow/.local/lib/python3.7/site-packages/airflow/example_dags/example_nested_branch_dag.py
[2023-05-12T13:59:36.421+0000] {processor.py:799} INFO - Processing file /home/airflow/.local/lib/python3.7/site-packages/airflow/example_dags/example_nested_branch_dag.py for tasks to queue
[2023-05-12T13:59:36.421+0000] {logging_mixin.py:149} INFO - [2023-05-12T13:59:36.421+0000] {dagbag.py:541} INFO - Filling up the DagBag from /home/airflow/.local/lib/python3.7/site-packages/airflow/example_dags/example_nested_branch_dag.py
[2023-05-12T13:59:36.435+0000] {processor.py:809} INFO - DAG(s) dict_keys(['example_nested_branch_dag']) retrieved from /home/airflow/.local/lib/python3.7/site-packages/airflow/example_dags/example_nested_branch_dag.py
[2023-05-12T13:59:36.446+0000] {logging_mixin.py:149} INFO - [2023-05-12T13:59:36.446+0000] {dag.py:2726} INFO - Sync 1 DAGs
[2023-05-12T13:59:36.477+0000] {logging_mixin.py:149} INFO - [2023-05-12T13:59:36.477+0000] {dag.py:3490} INFO - Setting next_dagrun for example_nested_branch_dag to 2023-05-11T00:00:00+00:00, run_after=2023-05-12T00:00:00+00:00
[2023-05-12T13:59:36.496+0000] {processor.py:178} INFO - Processing /home/airflow/.local/lib/python3.7/site-packages/airflow/example_dags/example_nested_branch_dag.py took 0.078 seconds
[2023-05-12T14:00:42.633+0000] {processor.py:156} INFO - Started process (PID=59) to work on /home/airflow/.local/lib/python3.7/site-packages/airflow/example_dags/example_nested_branch_dag.py
[2023-05-12T14:00:42.634+0000] {processor.py:799} INFO - Processing file /home/airflow/.local/lib/python3.7/site-packages/airflow/example_dags/example_nested_branch_dag.py for tasks to queue
[2023-05-12T14:00:42.635+0000] {logging_mixin.py:149} INFO - [2023-05-12T14:00:42.635+0000] {dagbag.py:541} INFO - Filling up the DagBag from /home/airflow/.local/lib/python3.7/site-packages/airflow/example_dags/example_nested_branch_dag.py
[2023-05-12T14:00:42.650+0000] {processor.py:809} INFO - DAG(s) dict_keys(['example_nested_branch_dag']) retrieved from /home/airflow/.local/lib/python3.7/site-packages/airflow/example_dags/example_nested_branch_dag.py
[2023-05-12T14:00:42.666+0000] {logging_mixin.py:149} INFO - [2023-05-12T14:00:42.666+0000] {dag.py:2726} INFO - Sync 1 DAGs
[2023-05-12T14:00:42.708+0000] {logging_mixin.py:149} INFO - [2023-05-12T14:00:42.708+0000] {dag.py:3490} INFO - Setting next_dagrun for example_nested_branch_dag to 2023-05-11T00:00:00+00:00, run_after=2023-05-12T00:00:00+00:00
[2023-05-12T14:00:42.735+0000] {processor.py:178} INFO - Processing /home/airflow/.local/lib/python3.7/site-packages/airflow/example_dags/example_nested_branch_dag.py took 0.105 seconds
[2023-05-12T14:01:12.801+0000] {processor.py:156} INFO - Started process (PID=119) to work on /home/airflow/.local/lib/python3.7/site-packages/airflow/example_dags/example_nested_branch_dag.py
[2023-05-12T14:01:12.802+0000] {processor.py:799} INFO - Processing file /home/airflow/.local/lib/python3.7/site-packages/airflow/example_dags/example_nested_branch_dag.py for tasks to queue
[2023-05-12T14:01:12.802+0000] {logging_mixin.py:149} INFO - [2023-05-12T14:01:12.802+0000] {dagbag.py:541} INFO - Filling up the DagBag from /home/airflow/.local/lib/python3.7/site-packages/airflow/example_dags/example_nested_branch_dag.py
[2023-05-12T14:01:12.813+0000] {processor.py:809} INFO - DAG(s) dict_keys(['example_nested_branch_dag']) retrieved from /home/airflow/.local/lib/python3.7/site-packages/airflow/example_dags/example_nested_branch_dag.py
[2023-05-12T14:01:12.835+0000] {logging_mixin.py:149} INFO - [2023-05-12T14:01:12.834+0000] {dag.py:2726} INFO - Sync 1 DAGs
[2023-05-12T14:01:12.860+0000] {logging_mixin.py:149} INFO - [2023-05-12T14:01:12.860+0000] {dag.py:3490} INFO - Setting next_dagrun for example_nested_branch_dag to 2023-05-11T00:00:00+00:00, run_after=2023-05-12T00:00:00+00:00
[2023-05-12T14:01:12.878+0000] {processor.py:178} INFO - Processing /home/airflow/.local/lib/python3.7/site-packages/airflow/example_dags/example_nested_branch_dag.py took 0.080 seconds
[2023-05-12T14:01:43.266+0000] {processor.py:156} INFO - Started process (PID=179) to work on /home/airflow/.local/lib/python3.7/site-packages/airflow/example_dags/example_nested_branch_dag.py
[2023-05-12T14:01:43.267+0000] {processor.py:799} INFO - Processing file /home/airflow/.local/lib/python3.7/site-packages/airflow/example_dags/example_nested_branch_dag.py for tasks to queue
[2023-05-12T14:01:43.268+0000] {logging_mixin.py:149} INFO - [2023-05-12T14:01:43.268+0000] {dagbag.py:541} INFO - Filling up the DagBag from /home/airflow/.local/lib/python3.7/site-packages/airflow/example_dags/example_nested_branch_dag.py
[2023-05-12T14:01:43.275+0000] {processor.py:809} INFO - DAG(s) dict_keys(['example_nested_branch_dag']) retrieved from /home/airflow/.local/lib/python3.7/site-packages/airflow/example_dags/example_nested_branch_dag.py
[2023-05-12T14:01:43.298+0000] {logging_mixin.py:149} INFO - [2023-05-12T14:01:43.297+0000] {dag.py:2726} INFO - Sync 1 DAGs
[2023-05-12T14:01:43.319+0000] {logging_mixin.py:149} INFO - [2023-05-12T14:01:43.319+0000] {dag.py:3490} INFO - Setting next_dagrun for example_nested_branch_dag to 2023-05-11T00:00:00+00:00, run_after=2023-05-12T00:00:00+00:00
[2023-05-12T14:01:43.339+0000] {processor.py:178} INFO - Processing /home/airflow/.local/lib/python3.7/site-packages/airflow/example_dags/example_nested_branch_dag.py took 0.075 seconds
[2023-05-12T14:02:13.514+0000] {processor.py:156} INFO - Started process (PID=239) to work on /home/airflow/.local/lib/python3.7/site-packages/airflow/example_dags/example_nested_branch_dag.py
[2023-05-12T14:02:13.515+0000] {processor.py:799} INFO - Processing file /home/airflow/.local/lib/python3.7/site-packages/airflow/example_dags/example_nested_branch_dag.py for tasks to queue
[2023-05-12T14:02:13.516+0000] {logging_mixin.py:149} INFO - [2023-05-12T14:02:13.516+0000] {dagbag.py:541} INFO - Filling up the DagBag from /home/airflow/.local/lib/python3.7/site-packages/airflow/example_dags/example_nested_branch_dag.py
[2023-05-12T14:02:13.523+0000] {processor.py:809} INFO - DAG(s) dict_keys(['example_nested_branch_dag']) retrieved from /home/airflow/.local/lib/python3.7/site-packages/airflow/example_dags/example_nested_branch_dag.py
[2023-05-12T14:02:13.545+0000] {logging_mixin.py:149} INFO - [2023-05-12T14:02:13.545+0000] {dag.py:2726} INFO - Sync 1 DAGs
[2023-05-12T14:02:13.566+0000] {logging_mixin.py:149} INFO - [2023-05-12T14:02:13.566+0000] {dag.py:3490} INFO - Setting next_dagrun for example_nested_branch_dag to 2023-05-11T00:00:00+00:00, run_after=2023-05-12T00:00:00+00:00
[2023-05-12T14:02:13.583+0000] {processor.py:178} INFO - Processing /home/airflow/.local/lib/python3.7/site-packages/airflow/example_dags/example_nested_branch_dag.py took 0.071 seconds
[2023-05-12T14:02:43.877+0000] {processor.py:156} INFO - Started process (PID=299) to work on /home/airflow/.local/lib/python3.7/site-packages/airflow/example_dags/example_nested_branch_dag.py
[2023-05-12T14:02:43.878+0000] {processor.py:799} INFO - Processing file /home/airflow/.local/lib/python3.7/site-packages/airflow/example_dags/example_nested_branch_dag.py for tasks to queue
[2023-05-12T14:02:43.879+0000] {logging_mixin.py:149} INFO - [2023-05-12T14:02:43.879+0000] {dagbag.py:541} INFO - Filling up the DagBag from /home/airflow/.local/lib/python3.7/site-packages/airflow/example_dags/example_nested_branch_dag.py
[2023-05-12T14:02:43.887+0000] {processor.py:809} INFO - DAG(s) dict_keys(['example_nested_branch_dag']) retrieved from /home/airflow/.local/lib/python3.7/site-packages/airflow/example_dags/example_nested_branch_dag.py
[2023-05-12T14:02:43.911+0000] {logging_mixin.py:149} INFO - [2023-05-12T14:02:43.911+0000] {dag.py:2726} INFO - Sync 1 DAGs
[2023-05-12T14:02:43.934+0000] {logging_mixin.py:149} INFO - [2023-05-12T14:02:43.934+0000] {dag.py:3490} INFO - Setting next_dagrun for example_nested_branch_dag to 2023-05-11T00:00:00+00:00, run_after=2023-05-12T00:00:00+00:00
[2023-05-12T14:02:43.953+0000] {processor.py:178} INFO - Processing /home/airflow/.local/lib/python3.7/site-packages/airflow/example_dags/example_nested_branch_dag.py took 0.078 seconds
[2023-05-12T14:03:14.109+0000] {processor.py:156} INFO - Started process (PID=359) to work on /home/airflow/.local/lib/python3.7/site-packages/airflow/example_dags/example_nested_branch_dag.py
[2023-05-12T14:03:14.110+0000] {processor.py:799} INFO - Processing file /home/airflow/.local/lib/python3.7/site-packages/airflow/example_dags/example_nested_branch_dag.py for tasks to queue
[2023-05-12T14:03:14.111+0000] {logging_mixin.py:149} INFO - [2023-05-12T14:03:14.111+0000] {dagbag.py:541} INFO - Filling up the DagBag from /home/airflow/.local/lib/python3.7/site-packages/airflow/example_dags/example_nested_branch_dag.py
[2023-05-12T14:03:14.119+0000] {processor.py:809} INFO - DAG(s) dict_keys(['example_nested_branch_dag']) retrieved from /home/airflow/.local/lib/python3.7/site-packages/airflow/example_dags/example_nested_branch_dag.py
[2023-05-12T14:03:14.143+0000] {logging_mixin.py:149} INFO - [2023-05-12T14:03:14.143+0000] {dag.py:2726} INFO - Sync 1 DAGs
[2023-05-12T14:03:14.166+0000] {logging_mixin.py:149} INFO - [2023-05-12T14:03:14.166+0000] {dag.py:3490} INFO - Setting next_dagrun for example_nested_branch_dag to 2023-05-11T00:00:00+00:00, run_after=2023-05-12T00:00:00+00:00
[2023-05-12T14:03:14.188+0000] {processor.py:178} INFO - Processing /home/airflow/.local/lib/python3.7/site-packages/airflow/example_dags/example_nested_branch_dag.py took 0.081 seconds
[2023-05-12T14:03:44.420+0000] {processor.py:156} INFO - Started process (PID=419) to work on /home/airflow/.local/lib/python3.7/site-packages/airflow/example_dags/example_nested_branch_dag.py
[2023-05-12T14:03:44.420+0000] {processor.py:799} INFO - Processing file /home/airflow/.local/lib/python3.7/site-packages/airflow/example_dags/example_nested_branch_dag.py for tasks to queue
[2023-05-12T14:03:44.421+0000] {logging_mixin.py:149} INFO - [2023-05-12T14:03:44.421+0000] {dagbag.py:541} INFO - Filling up the DagBag from /home/airflow/.local/lib/python3.7/site-packages/airflow/example_dags/example_nested_branch_dag.py
[2023-05-12T14:03:44.428+0000] {processor.py:809} INFO - DAG(s) dict_keys(['example_nested_branch_dag']) retrieved from /home/airflow/.local/lib/python3.7/site-packages/airflow/example_dags/example_nested_branch_dag.py
[2023-05-12T14:03:44.449+0000] {logging_mixin.py:149} INFO - [2023-05-12T14:03:44.449+0000] {dag.py:2726} INFO - Sync 1 DAGs
[2023-05-12T14:03:44.471+0000] {logging_mixin.py:149} INFO - [2023-05-12T14:03:44.471+0000] {dag.py:3490} INFO - Setting next_dagrun for example_nested_branch_dag to 2023-05-11T00:00:00+00:00, run_after=2023-05-12T00:00:00+00:00
[2023-05-12T14:03:44.488+0000] {processor.py:178} INFO - Processing /home/airflow/.local/lib/python3.7/site-packages/airflow/example_dags/example_nested_branch_dag.py took 0.071 seconds
[2023-05-12T14:04:14.763+0000] {processor.py:156} INFO - Started process (PID=479) to work on /home/airflow/.local/lib/python3.7/site-packages/airflow/example_dags/example_nested_branch_dag.py
[2023-05-12T14:04:14.764+0000] {processor.py:799} INFO - Processing file /home/airflow/.local/lib/python3.7/site-packages/airflow/example_dags/example_nested_branch_dag.py for tasks to queue
[2023-05-12T14:04:14.764+0000] {logging_mixin.py:149} INFO - [2023-05-12T14:04:14.764+0000] {dagbag.py:541} INFO - Filling up the DagBag from /home/airflow/.local/lib/python3.7/site-packages/airflow/example_dags/example_nested_branch_dag.py
[2023-05-12T14:04:14.772+0000] {processor.py:809} INFO - DAG(s) dict_keys(['example_nested_branch_dag']) retrieved from /home/airflow/.local/lib/python3.7/site-packages/airflow/example_dags/example_nested_branch_dag.py
[2023-05-12T14:04:14.796+0000] {logging_mixin.py:149} INFO - [2023-05-12T14:04:14.796+0000] {dag.py:2726} INFO - Sync 1 DAGs
[2023-05-12T14:04:14.819+0000] {logging_mixin.py:149} INFO - [2023-05-12T14:04:14.818+0000] {dag.py:3490} INFO - Setting next_dagrun for example_nested_branch_dag to 2023-05-11T00:00:00+00:00, run_after=2023-05-12T00:00:00+00:00
[2023-05-12T14:04:14.837+0000] {processor.py:178} INFO - Processing /home/airflow/.local/lib/python3.7/site-packages/airflow/example_dags/example_nested_branch_dag.py took 0.077 seconds
