[2023-05-12T13:59:36.242+0000] {processor.py:156} INFO - Started process (PID=56) to work on /home/airflow/.local/lib/python3.7/site-packages/airflow/example_dags/example_python_operator.py
[2023-05-12T13:59:36.243+0000] {processor.py:799} INFO - Processing file /home/airflow/.local/lib/python3.7/site-packages/airflow/example_dags/example_python_operator.py for tasks to queue
[2023-05-12T13:59:36.243+0000] {logging_mixin.py:149} INFO - [2023-05-12T13:59:36.243+0000] {dagbag.py:541} INFO - Filling up the DagBag from /home/airflow/.local/lib/python3.7/site-packages/airflow/example_dags/example_python_operator.py
[2023-05-12T13:59:36.249+0000] {logging_mixin.py:149} INFO - [2023-05-12T13:59:36.249+0000] {taskmixin.py:211} WARNING - Dependency <Task(_PythonDecoratedOperator): print_the_context>, log_sql_query already registered for DAG: example_python_operator
[2023-05-12T13:59:36.249+0000] {logging_mixin.py:149} INFO - [2023-05-12T13:59:36.249+0000] {taskmixin.py:211} WARNING - Dependency <Task(_PythonDecoratedOperator): log_sql_query>, print_the_context already registered for DAG: example_python_operator
[2023-05-12T13:59:36.250+0000] {logging_mixin.py:149} INFO - [2023-05-12T13:59:36.250+0000] {taskmixin.py:211} WARNING - Dependency <Task(_PythonDecoratedOperator): print_the_context>, log_sql_query already registered for DAG: example_python_operator
[2023-05-12T13:59:36.250+0000] {logging_mixin.py:149} INFO - [2023-05-12T13:59:36.250+0000] {taskmixin.py:211} WARNING - Dependency <Task(_PythonDecoratedOperator): log_sql_query>, print_the_context already registered for DAG: example_python_operator
[2023-05-12T13:59:36.251+0000] {logging_mixin.py:149} INFO - [2023-05-12T13:59:36.250+0000] {taskmixin.py:211} WARNING - Dependency <Task(_PythonDecoratedOperator): print_the_context>, log_sql_query already registered for DAG: example_python_operator
[2023-05-12T13:59:36.251+0000] {logging_mixin.py:149} INFO - [2023-05-12T13:59:36.251+0000] {taskmixin.py:211} WARNING - Dependency <Task(_PythonDecoratedOperator): log_sql_query>, print_the_context already registered for DAG: example_python_operator
[2023-05-12T13:59:36.251+0000] {logging_mixin.py:149} INFO - [2023-05-12T13:59:36.251+0000] {taskmixin.py:211} WARNING - Dependency <Task(_PythonDecoratedOperator): print_the_context>, log_sql_query already registered for DAG: example_python_operator
[2023-05-12T13:59:36.251+0000] {logging_mixin.py:149} INFO - [2023-05-12T13:59:36.251+0000] {taskmixin.py:211} WARNING - Dependency <Task(_PythonDecoratedOperator): log_sql_query>, print_the_context already registered for DAG: example_python_operator
[2023-05-12T13:59:36.255+0000] {processor.py:809} INFO - DAG(s) dict_keys(['example_python_operator']) retrieved from /home/airflow/.local/lib/python3.7/site-packages/airflow/example_dags/example_python_operator.py
[2023-05-12T13:59:36.266+0000] {logging_mixin.py:149} INFO - [2023-05-12T13:59:36.265+0000] {dag.py:2726} INFO - Sync 1 DAGs
[2023-05-12T13:59:36.292+0000] {logging_mixin.py:149} INFO - [2023-05-12T13:59:36.292+0000] {dag.py:3490} INFO - Setting next_dagrun for example_python_operator to None, run_after=None
[2023-05-12T13:59:36.313+0000] {processor.py:178} INFO - Processing /home/airflow/.local/lib/python3.7/site-packages/airflow/example_dags/example_python_operator.py took 0.073 seconds
[2023-05-12T14:00:42.368+0000] {processor.py:156} INFO - Started process (PID=56) to work on /home/airflow/.local/lib/python3.7/site-packages/airflow/example_dags/example_python_operator.py
[2023-05-12T14:00:42.369+0000] {processor.py:799} INFO - Processing file /home/airflow/.local/lib/python3.7/site-packages/airflow/example_dags/example_python_operator.py for tasks to queue
[2023-05-12T14:00:42.370+0000] {logging_mixin.py:149} INFO - [2023-05-12T14:00:42.370+0000] {dagbag.py:541} INFO - Filling up the DagBag from /home/airflow/.local/lib/python3.7/site-packages/airflow/example_dags/example_python_operator.py
[2023-05-12T14:00:42.379+0000] {logging_mixin.py:149} INFO - [2023-05-12T14:00:42.379+0000] {taskmixin.py:211} WARNING - Dependency <Task(_PythonDecoratedOperator): print_the_context>, log_sql_query already registered for DAG: example_python_operator
[2023-05-12T14:00:42.379+0000] {logging_mixin.py:149} INFO - [2023-05-12T14:00:42.379+0000] {taskmixin.py:211} WARNING - Dependency <Task(_PythonDecoratedOperator): log_sql_query>, print_the_context already registered for DAG: example_python_operator
[2023-05-12T14:00:42.380+0000] {logging_mixin.py:149} INFO - [2023-05-12T14:00:42.380+0000] {taskmixin.py:211} WARNING - Dependency <Task(_PythonDecoratedOperator): print_the_context>, log_sql_query already registered for DAG: example_python_operator
[2023-05-12T14:00:42.380+0000] {logging_mixin.py:149} INFO - [2023-05-12T14:00:42.380+0000] {taskmixin.py:211} WARNING - Dependency <Task(_PythonDecoratedOperator): log_sql_query>, print_the_context already registered for DAG: example_python_operator
[2023-05-12T14:00:42.381+0000] {logging_mixin.py:149} INFO - [2023-05-12T14:00:42.381+0000] {taskmixin.py:211} WARNING - Dependency <Task(_PythonDecoratedOperator): print_the_context>, log_sql_query already registered for DAG: example_python_operator
[2023-05-12T14:00:42.381+0000] {logging_mixin.py:149} INFO - [2023-05-12T14:00:42.381+0000] {taskmixin.py:211} WARNING - Dependency <Task(_PythonDecoratedOperator): log_sql_query>, print_the_context already registered for DAG: example_python_operator
[2023-05-12T14:00:42.381+0000] {logging_mixin.py:149} INFO - [2023-05-12T14:00:42.381+0000] {taskmixin.py:211} WARNING - Dependency <Task(_PythonDecoratedOperator): print_the_context>, log_sql_query already registered for DAG: example_python_operator
[2023-05-12T14:00:42.381+0000] {logging_mixin.py:149} INFO - [2023-05-12T14:00:42.381+0000] {taskmixin.py:211} WARNING - Dependency <Task(_PythonDecoratedOperator): log_sql_query>, print_the_context already registered for DAG: example_python_operator
[2023-05-12T14:00:42.385+0000] {processor.py:809} INFO - DAG(s) dict_keys(['example_python_operator']) retrieved from /home/airflow/.local/lib/python3.7/site-packages/airflow/example_dags/example_python_operator.py
[2023-05-12T14:00:42.398+0000] {logging_mixin.py:149} INFO - [2023-05-12T14:00:42.398+0000] {dag.py:2726} INFO - Sync 1 DAGs
[2023-05-12T14:00:42.427+0000] {logging_mixin.py:149} INFO - [2023-05-12T14:00:42.426+0000] {dag.py:3490} INFO - Setting next_dagrun for example_python_operator to None, run_after=None
[2023-05-12T14:00:42.447+0000] {processor.py:178} INFO - Processing /home/airflow/.local/lib/python3.7/site-packages/airflow/example_dags/example_python_operator.py took 0.082 seconds
[2023-05-12T14:01:12.653+0000] {processor.py:156} INFO - Started process (PID=116) to work on /home/airflow/.local/lib/python3.7/site-packages/airflow/example_dags/example_python_operator.py
[2023-05-12T14:01:12.654+0000] {processor.py:799} INFO - Processing file /home/airflow/.local/lib/python3.7/site-packages/airflow/example_dags/example_python_operator.py for tasks to queue
[2023-05-12T14:01:12.655+0000] {logging_mixin.py:149} INFO - [2023-05-12T14:01:12.655+0000] {dagbag.py:541} INFO - Filling up the DagBag from /home/airflow/.local/lib/python3.7/site-packages/airflow/example_dags/example_python_operator.py
[2023-05-12T14:01:12.663+0000] {logging_mixin.py:149} INFO - [2023-05-12T14:01:12.663+0000] {taskmixin.py:211} WARNING - Dependency <Task(_PythonDecoratedOperator): print_the_context>, log_sql_query already registered for DAG: example_python_operator
[2023-05-12T14:01:12.663+0000] {logging_mixin.py:149} INFO - [2023-05-12T14:01:12.663+0000] {taskmixin.py:211} WARNING - Dependency <Task(_PythonDecoratedOperator): log_sql_query>, print_the_context already registered for DAG: example_python_operator
[2023-05-12T14:01:12.664+0000] {logging_mixin.py:149} INFO - [2023-05-12T14:01:12.664+0000] {taskmixin.py:211} WARNING - Dependency <Task(_PythonDecoratedOperator): print_the_context>, log_sql_query already registered for DAG: example_python_operator
[2023-05-12T14:01:12.664+0000] {logging_mixin.py:149} INFO - [2023-05-12T14:01:12.664+0000] {taskmixin.py:211} WARNING - Dependency <Task(_PythonDecoratedOperator): log_sql_query>, print_the_context already registered for DAG: example_python_operator
[2023-05-12T14:01:12.664+0000] {logging_mixin.py:149} INFO - [2023-05-12T14:01:12.664+0000] {taskmixin.py:211} WARNING - Dependency <Task(_PythonDecoratedOperator): print_the_context>, log_sql_query already registered for DAG: example_python_operator
[2023-05-12T14:01:12.664+0000] {logging_mixin.py:149} INFO - [2023-05-12T14:01:12.664+0000] {taskmixin.py:211} WARNING - Dependency <Task(_PythonDecoratedOperator): log_sql_query>, print_the_context already registered for DAG: example_python_operator
[2023-05-12T14:01:12.665+0000] {logging_mixin.py:149} INFO - [2023-05-12T14:01:12.665+0000] {taskmixin.py:211} WARNING - Dependency <Task(_PythonDecoratedOperator): print_the_context>, log_sql_query already registered for DAG: example_python_operator
[2023-05-12T14:01:12.665+0000] {logging_mixin.py:149} INFO - [2023-05-12T14:01:12.665+0000] {taskmixin.py:211} WARNING - Dependency <Task(_PythonDecoratedOperator): log_sql_query>, print_the_context already registered for DAG: example_python_operator
[2023-05-12T14:01:12.667+0000] {processor.py:809} INFO - DAG(s) dict_keys(['example_python_operator']) retrieved from /home/airflow/.local/lib/python3.7/site-packages/airflow/example_dags/example_python_operator.py
[2023-05-12T14:01:12.730+0000] {logging_mixin.py:149} INFO - [2023-05-12T14:01:12.730+0000] {dag.py:2726} INFO - Sync 1 DAGs
[2023-05-12T14:01:12.755+0000] {logging_mixin.py:149} INFO - [2023-05-12T14:01:12.755+0000] {dag.py:3490} INFO - Setting next_dagrun for example_python_operator to None, run_after=None
[2023-05-12T14:01:12.780+0000] {processor.py:178} INFO - Processing /home/airflow/.local/lib/python3.7/site-packages/airflow/example_dags/example_python_operator.py took 0.132 seconds
[2023-05-12T14:01:43.149+0000] {processor.py:156} INFO - Started process (PID=176) to work on /home/airflow/.local/lib/python3.7/site-packages/airflow/example_dags/example_python_operator.py
[2023-05-12T14:01:43.150+0000] {processor.py:799} INFO - Processing file /home/airflow/.local/lib/python3.7/site-packages/airflow/example_dags/example_python_operator.py for tasks to queue
[2023-05-12T14:01:43.151+0000] {logging_mixin.py:149} INFO - [2023-05-12T14:01:43.151+0000] {dagbag.py:541} INFO - Filling up the DagBag from /home/airflow/.local/lib/python3.7/site-packages/airflow/example_dags/example_python_operator.py
[2023-05-12T14:01:43.157+0000] {logging_mixin.py:149} INFO - [2023-05-12T14:01:43.156+0000] {taskmixin.py:211} WARNING - Dependency <Task(_PythonDecoratedOperator): print_the_context>, log_sql_query already registered for DAG: example_python_operator
[2023-05-12T14:01:43.157+0000] {logging_mixin.py:149} INFO - [2023-05-12T14:01:43.157+0000] {taskmixin.py:211} WARNING - Dependency <Task(_PythonDecoratedOperator): log_sql_query>, print_the_context already registered for DAG: example_python_operator
[2023-05-12T14:01:43.158+0000] {logging_mixin.py:149} INFO - [2023-05-12T14:01:43.158+0000] {taskmixin.py:211} WARNING - Dependency <Task(_PythonDecoratedOperator): print_the_context>, log_sql_query already registered for DAG: example_python_operator
[2023-05-12T14:01:43.158+0000] {logging_mixin.py:149} INFO - [2023-05-12T14:01:43.158+0000] {taskmixin.py:211} WARNING - Dependency <Task(_PythonDecoratedOperator): log_sql_query>, print_the_context already registered for DAG: example_python_operator
[2023-05-12T14:01:43.159+0000] {logging_mixin.py:149} INFO - [2023-05-12T14:01:43.159+0000] {taskmixin.py:211} WARNING - Dependency <Task(_PythonDecoratedOperator): print_the_context>, log_sql_query already registered for DAG: example_python_operator
[2023-05-12T14:01:43.159+0000] {logging_mixin.py:149} INFO - [2023-05-12T14:01:43.159+0000] {taskmixin.py:211} WARNING - Dependency <Task(_PythonDecoratedOperator): log_sql_query>, print_the_context already registered for DAG: example_python_operator
[2023-05-12T14:01:43.160+0000] {logging_mixin.py:149} INFO - [2023-05-12T14:01:43.160+0000] {taskmixin.py:211} WARNING - Dependency <Task(_PythonDecoratedOperator): print_the_context>, log_sql_query already registered for DAG: example_python_operator
[2023-05-12T14:01:43.160+0000] {logging_mixin.py:149} INFO - [2023-05-12T14:01:43.160+0000] {taskmixin.py:211} WARNING - Dependency <Task(_PythonDecoratedOperator): log_sql_query>, print_the_context already registered for DAG: example_python_operator
[2023-05-12T14:01:43.162+0000] {processor.py:809} INFO - DAG(s) dict_keys(['example_python_operator']) retrieved from /home/airflow/.local/lib/python3.7/site-packages/airflow/example_dags/example_python_operator.py
[2023-05-12T14:01:43.186+0000] {logging_mixin.py:149} INFO - [2023-05-12T14:01:43.186+0000] {dag.py:2726} INFO - Sync 1 DAGs
[2023-05-12T14:01:43.212+0000] {logging_mixin.py:149} INFO - [2023-05-12T14:01:43.211+0000] {dag.py:3490} INFO - Setting next_dagrun for example_python_operator to None, run_after=None
[2023-05-12T14:01:43.230+0000] {processor.py:178} INFO - Processing /home/airflow/.local/lib/python3.7/site-packages/airflow/example_dags/example_python_operator.py took 0.084 seconds
[2023-05-12T14:02:13.397+0000] {processor.py:156} INFO - Started process (PID=236) to work on /home/airflow/.local/lib/python3.7/site-packages/airflow/example_dags/example_python_operator.py
[2023-05-12T14:02:13.399+0000] {processor.py:799} INFO - Processing file /home/airflow/.local/lib/python3.7/site-packages/airflow/example_dags/example_python_operator.py for tasks to queue
[2023-05-12T14:02:13.399+0000] {logging_mixin.py:149} INFO - [2023-05-12T14:02:13.399+0000] {dagbag.py:541} INFO - Filling up the DagBag from /home/airflow/.local/lib/python3.7/site-packages/airflow/example_dags/example_python_operator.py
[2023-05-12T14:02:13.405+0000] {logging_mixin.py:149} INFO - [2023-05-12T14:02:13.405+0000] {taskmixin.py:211} WARNING - Dependency <Task(_PythonDecoratedOperator): print_the_context>, log_sql_query already registered for DAG: example_python_operator
[2023-05-12T14:02:13.405+0000] {logging_mixin.py:149} INFO - [2023-05-12T14:02:13.405+0000] {taskmixin.py:211} WARNING - Dependency <Task(_PythonDecoratedOperator): log_sql_query>, print_the_context already registered for DAG: example_python_operator
[2023-05-12T14:02:13.406+0000] {logging_mixin.py:149} INFO - [2023-05-12T14:02:13.406+0000] {taskmixin.py:211} WARNING - Dependency <Task(_PythonDecoratedOperator): print_the_context>, log_sql_query already registered for DAG: example_python_operator
[2023-05-12T14:02:13.406+0000] {logging_mixin.py:149} INFO - [2023-05-12T14:02:13.406+0000] {taskmixin.py:211} WARNING - Dependency <Task(_PythonDecoratedOperator): log_sql_query>, print_the_context already registered for DAG: example_python_operator
[2023-05-12T14:02:13.406+0000] {logging_mixin.py:149} INFO - [2023-05-12T14:02:13.406+0000] {taskmixin.py:211} WARNING - Dependency <Task(_PythonDecoratedOperator): print_the_context>, log_sql_query already registered for DAG: example_python_operator
[2023-05-12T14:02:13.407+0000] {logging_mixin.py:149} INFO - [2023-05-12T14:02:13.407+0000] {taskmixin.py:211} WARNING - Dependency <Task(_PythonDecoratedOperator): log_sql_query>, print_the_context already registered for DAG: example_python_operator
[2023-05-12T14:02:13.407+0000] {logging_mixin.py:149} INFO - [2023-05-12T14:02:13.407+0000] {taskmixin.py:211} WARNING - Dependency <Task(_PythonDecoratedOperator): print_the_context>, log_sql_query already registered for DAG: example_python_operator
[2023-05-12T14:02:13.407+0000] {logging_mixin.py:149} INFO - [2023-05-12T14:02:13.407+0000] {taskmixin.py:211} WARNING - Dependency <Task(_PythonDecoratedOperator): log_sql_query>, print_the_context already registered for DAG: example_python_operator
[2023-05-12T14:02:13.409+0000] {processor.py:809} INFO - DAG(s) dict_keys(['example_python_operator']) retrieved from /home/airflow/.local/lib/python3.7/site-packages/airflow/example_dags/example_python_operator.py
[2023-05-12T14:02:13.433+0000] {logging_mixin.py:149} INFO - [2023-05-12T14:02:13.433+0000] {dag.py:2726} INFO - Sync 1 DAGs
[2023-05-12T14:02:13.454+0000] {logging_mixin.py:149} INFO - [2023-05-12T14:02:13.454+0000] {dag.py:3490} INFO - Setting next_dagrun for example_python_operator to None, run_after=None
[2023-05-12T14:02:13.470+0000] {processor.py:178} INFO - Processing /home/airflow/.local/lib/python3.7/site-packages/airflow/example_dags/example_python_operator.py took 0.076 seconds
[2023-05-12T14:02:43.741+0000] {processor.py:156} INFO - Started process (PID=296) to work on /home/airflow/.local/lib/python3.7/site-packages/airflow/example_dags/example_python_operator.py
[2023-05-12T14:02:43.741+0000] {processor.py:799} INFO - Processing file /home/airflow/.local/lib/python3.7/site-packages/airflow/example_dags/example_python_operator.py for tasks to queue
[2023-05-12T14:02:43.742+0000] {logging_mixin.py:149} INFO - [2023-05-12T14:02:43.742+0000] {dagbag.py:541} INFO - Filling up the DagBag from /home/airflow/.local/lib/python3.7/site-packages/airflow/example_dags/example_python_operator.py
[2023-05-12T14:02:43.748+0000] {logging_mixin.py:149} INFO - [2023-05-12T14:02:43.748+0000] {taskmixin.py:211} WARNING - Dependency <Task(_PythonDecoratedOperator): print_the_context>, log_sql_query already registered for DAG: example_python_operator
[2023-05-12T14:02:43.749+0000] {logging_mixin.py:149} INFO - [2023-05-12T14:02:43.749+0000] {taskmixin.py:211} WARNING - Dependency <Task(_PythonDecoratedOperator): log_sql_query>, print_the_context already registered for DAG: example_python_operator
[2023-05-12T14:02:43.749+0000] {logging_mixin.py:149} INFO - [2023-05-12T14:02:43.749+0000] {taskmixin.py:211} WARNING - Dependency <Task(_PythonDecoratedOperator): print_the_context>, log_sql_query already registered for DAG: example_python_operator
[2023-05-12T14:02:43.749+0000] {logging_mixin.py:149} INFO - [2023-05-12T14:02:43.749+0000] {taskmixin.py:211} WARNING - Dependency <Task(_PythonDecoratedOperator): log_sql_query>, print_the_context already registered for DAG: example_python_operator
[2023-05-12T14:02:43.750+0000] {logging_mixin.py:149} INFO - [2023-05-12T14:02:43.750+0000] {taskmixin.py:211} WARNING - Dependency <Task(_PythonDecoratedOperator): print_the_context>, log_sql_query already registered for DAG: example_python_operator
[2023-05-12T14:02:43.750+0000] {logging_mixin.py:149} INFO - [2023-05-12T14:02:43.750+0000] {taskmixin.py:211} WARNING - Dependency <Task(_PythonDecoratedOperator): log_sql_query>, print_the_context already registered for DAG: example_python_operator
[2023-05-12T14:02:43.750+0000] {logging_mixin.py:149} INFO - [2023-05-12T14:02:43.750+0000] {taskmixin.py:211} WARNING - Dependency <Task(_PythonDecoratedOperator): print_the_context>, log_sql_query already registered for DAG: example_python_operator
[2023-05-12T14:02:43.750+0000] {logging_mixin.py:149} INFO - [2023-05-12T14:02:43.750+0000] {taskmixin.py:211} WARNING - Dependency <Task(_PythonDecoratedOperator): log_sql_query>, print_the_context already registered for DAG: example_python_operator
[2023-05-12T14:02:43.754+0000] {processor.py:809} INFO - DAG(s) dict_keys(['example_python_operator']) retrieved from /home/airflow/.local/lib/python3.7/site-packages/airflow/example_dags/example_python_operator.py
[2023-05-12T14:02:43.778+0000] {logging_mixin.py:149} INFO - [2023-05-12T14:02:43.778+0000] {dag.py:2726} INFO - Sync 1 DAGs
[2023-05-12T14:02:43.800+0000] {logging_mixin.py:149} INFO - [2023-05-12T14:02:43.800+0000] {dag.py:3490} INFO - Setting next_dagrun for example_python_operator to None, run_after=None
[2023-05-12T14:02:43.821+0000] {processor.py:178} INFO - Processing /home/airflow/.local/lib/python3.7/site-packages/airflow/example_dags/example_python_operator.py took 0.084 seconds
[2023-05-12T14:03:13.968+0000] {processor.py:156} INFO - Started process (PID=356) to work on /home/airflow/.local/lib/python3.7/site-packages/airflow/example_dags/example_python_operator.py
[2023-05-12T14:03:13.970+0000] {processor.py:799} INFO - Processing file /home/airflow/.local/lib/python3.7/site-packages/airflow/example_dags/example_python_operator.py for tasks to queue
[2023-05-12T14:03:13.970+0000] {logging_mixin.py:149} INFO - [2023-05-12T14:03:13.970+0000] {dagbag.py:541} INFO - Filling up the DagBag from /home/airflow/.local/lib/python3.7/site-packages/airflow/example_dags/example_python_operator.py
[2023-05-12T14:03:13.976+0000] {logging_mixin.py:149} INFO - [2023-05-12T14:03:13.976+0000] {taskmixin.py:211} WARNING - Dependency <Task(_PythonDecoratedOperator): print_the_context>, log_sql_query already registered for DAG: example_python_operator
[2023-05-12T14:03:13.976+0000] {logging_mixin.py:149} INFO - [2023-05-12T14:03:13.976+0000] {taskmixin.py:211} WARNING - Dependency <Task(_PythonDecoratedOperator): log_sql_query>, print_the_context already registered for DAG: example_python_operator
[2023-05-12T14:03:13.977+0000] {logging_mixin.py:149} INFO - [2023-05-12T14:03:13.976+0000] {taskmixin.py:211} WARNING - Dependency <Task(_PythonDecoratedOperator): print_the_context>, log_sql_query already registered for DAG: example_python_operator
[2023-05-12T14:03:13.977+0000] {logging_mixin.py:149} INFO - [2023-05-12T14:03:13.977+0000] {taskmixin.py:211} WARNING - Dependency <Task(_PythonDecoratedOperator): log_sql_query>, print_the_context already registered for DAG: example_python_operator
[2023-05-12T14:03:13.977+0000] {logging_mixin.py:149} INFO - [2023-05-12T14:03:13.977+0000] {taskmixin.py:211} WARNING - Dependency <Task(_PythonDecoratedOperator): print_the_context>, log_sql_query already registered for DAG: example_python_operator
[2023-05-12T14:03:13.977+0000] {logging_mixin.py:149} INFO - [2023-05-12T14:03:13.977+0000] {taskmixin.py:211} WARNING - Dependency <Task(_PythonDecoratedOperator): log_sql_query>, print_the_context already registered for DAG: example_python_operator
[2023-05-12T14:03:13.978+0000] {logging_mixin.py:149} INFO - [2023-05-12T14:03:13.978+0000] {taskmixin.py:211} WARNING - Dependency <Task(_PythonDecoratedOperator): print_the_context>, log_sql_query already registered for DAG: example_python_operator
[2023-05-12T14:03:13.978+0000] {logging_mixin.py:149} INFO - [2023-05-12T14:03:13.978+0000] {taskmixin.py:211} WARNING - Dependency <Task(_PythonDecoratedOperator): log_sql_query>, print_the_context already registered for DAG: example_python_operator
[2023-05-12T14:03:13.980+0000] {processor.py:809} INFO - DAG(s) dict_keys(['example_python_operator']) retrieved from /home/airflow/.local/lib/python3.7/site-packages/airflow/example_dags/example_python_operator.py
[2023-05-12T14:03:14.005+0000] {logging_mixin.py:149} INFO - [2023-05-12T14:03:14.004+0000] {dag.py:2726} INFO - Sync 1 DAGs
[2023-05-12T14:03:14.026+0000] {logging_mixin.py:149} INFO - [2023-05-12T14:03:14.025+0000] {dag.py:3490} INFO - Setting next_dagrun for example_python_operator to None, run_after=None
[2023-05-12T14:03:14.044+0000] {processor.py:178} INFO - Processing /home/airflow/.local/lib/python3.7/site-packages/airflow/example_dags/example_python_operator.py took 0.079 seconds
[2023-05-12T14:03:44.291+0000] {processor.py:156} INFO - Started process (PID=416) to work on /home/airflow/.local/lib/python3.7/site-packages/airflow/example_dags/example_python_operator.py
[2023-05-12T14:03:44.291+0000] {processor.py:799} INFO - Processing file /home/airflow/.local/lib/python3.7/site-packages/airflow/example_dags/example_python_operator.py for tasks to queue
[2023-05-12T14:03:44.291+0000] {logging_mixin.py:149} INFO - [2023-05-12T14:03:44.291+0000] {dagbag.py:541} INFO - Filling up the DagBag from /home/airflow/.local/lib/python3.7/site-packages/airflow/example_dags/example_python_operator.py
[2023-05-12T14:03:44.297+0000] {logging_mixin.py:149} INFO - [2023-05-12T14:03:44.297+0000] {taskmixin.py:211} WARNING - Dependency <Task(_PythonDecoratedOperator): print_the_context>, log_sql_query already registered for DAG: example_python_operator
[2023-05-12T14:03:44.297+0000] {logging_mixin.py:149} INFO - [2023-05-12T14:03:44.297+0000] {taskmixin.py:211} WARNING - Dependency <Task(_PythonDecoratedOperator): log_sql_query>, print_the_context already registered for DAG: example_python_operator
[2023-05-12T14:03:44.298+0000] {logging_mixin.py:149} INFO - [2023-05-12T14:03:44.298+0000] {taskmixin.py:211} WARNING - Dependency <Task(_PythonDecoratedOperator): print_the_context>, log_sql_query already registered for DAG: example_python_operator
[2023-05-12T14:03:44.298+0000] {logging_mixin.py:149} INFO - [2023-05-12T14:03:44.298+0000] {taskmixin.py:211} WARNING - Dependency <Task(_PythonDecoratedOperator): log_sql_query>, print_the_context already registered for DAG: example_python_operator
[2023-05-12T14:03:44.298+0000] {logging_mixin.py:149} INFO - [2023-05-12T14:03:44.298+0000] {taskmixin.py:211} WARNING - Dependency <Task(_PythonDecoratedOperator): print_the_context>, log_sql_query already registered for DAG: example_python_operator
[2023-05-12T14:03:44.298+0000] {logging_mixin.py:149} INFO - [2023-05-12T14:03:44.298+0000] {taskmixin.py:211} WARNING - Dependency <Task(_PythonDecoratedOperator): log_sql_query>, print_the_context already registered for DAG: example_python_operator
[2023-05-12T14:03:44.299+0000] {logging_mixin.py:149} INFO - [2023-05-12T14:03:44.299+0000] {taskmixin.py:211} WARNING - Dependency <Task(_PythonDecoratedOperator): print_the_context>, log_sql_query already registered for DAG: example_python_operator
[2023-05-12T14:03:44.299+0000] {logging_mixin.py:149} INFO - [2023-05-12T14:03:44.299+0000] {taskmixin.py:211} WARNING - Dependency <Task(_PythonDecoratedOperator): log_sql_query>, print_the_context already registered for DAG: example_python_operator
[2023-05-12T14:03:44.301+0000] {processor.py:809} INFO - DAG(s) dict_keys(['example_python_operator']) retrieved from /home/airflow/.local/lib/python3.7/site-packages/airflow/example_dags/example_python_operator.py
[2023-05-12T14:03:44.325+0000] {logging_mixin.py:149} INFO - [2023-05-12T14:03:44.325+0000] {dag.py:2726} INFO - Sync 1 DAGs
[2023-05-12T14:03:44.345+0000] {logging_mixin.py:149} INFO - [2023-05-12T14:03:44.345+0000] {dag.py:3490} INFO - Setting next_dagrun for example_python_operator to None, run_after=None
[2023-05-12T14:03:44.362+0000] {processor.py:178} INFO - Processing /home/airflow/.local/lib/python3.7/site-packages/airflow/example_dags/example_python_operator.py took 0.074 seconds
[2023-05-12T14:04:14.617+0000] {processor.py:156} INFO - Started process (PID=476) to work on /home/airflow/.local/lib/python3.7/site-packages/airflow/example_dags/example_python_operator.py
[2023-05-12T14:04:14.618+0000] {processor.py:799} INFO - Processing file /home/airflow/.local/lib/python3.7/site-packages/airflow/example_dags/example_python_operator.py for tasks to queue
[2023-05-12T14:04:14.618+0000] {logging_mixin.py:149} INFO - [2023-05-12T14:04:14.618+0000] {dagbag.py:541} INFO - Filling up the DagBag from /home/airflow/.local/lib/python3.7/site-packages/airflow/example_dags/example_python_operator.py
[2023-05-12T14:04:14.624+0000] {logging_mixin.py:149} INFO - [2023-05-12T14:04:14.624+0000] {taskmixin.py:211} WARNING - Dependency <Task(_PythonDecoratedOperator): print_the_context>, log_sql_query already registered for DAG: example_python_operator
[2023-05-12T14:04:14.624+0000] {logging_mixin.py:149} INFO - [2023-05-12T14:04:14.624+0000] {taskmixin.py:211} WARNING - Dependency <Task(_PythonDecoratedOperator): log_sql_query>, print_the_context already registered for DAG: example_python_operator
[2023-05-12T14:04:14.624+0000] {logging_mixin.py:149} INFO - [2023-05-12T14:04:14.624+0000] {taskmixin.py:211} WARNING - Dependency <Task(_PythonDecoratedOperator): print_the_context>, log_sql_query already registered for DAG: example_python_operator
[2023-05-12T14:04:14.624+0000] {logging_mixin.py:149} INFO - [2023-05-12T14:04:14.624+0000] {taskmixin.py:211} WARNING - Dependency <Task(_PythonDecoratedOperator): log_sql_query>, print_the_context already registered for DAG: example_python_operator
[2023-05-12T14:04:14.625+0000] {logging_mixin.py:149} INFO - [2023-05-12T14:04:14.625+0000] {taskmixin.py:211} WARNING - Dependency <Task(_PythonDecoratedOperator): print_the_context>, log_sql_query already registered for DAG: example_python_operator
[2023-05-12T14:04:14.625+0000] {logging_mixin.py:149} INFO - [2023-05-12T14:04:14.625+0000] {taskmixin.py:211} WARNING - Dependency <Task(_PythonDecoratedOperator): log_sql_query>, print_the_context already registered for DAG: example_python_operator
[2023-05-12T14:04:14.626+0000] {logging_mixin.py:149} INFO - [2023-05-12T14:04:14.625+0000] {taskmixin.py:211} WARNING - Dependency <Task(_PythonDecoratedOperator): print_the_context>, log_sql_query already registered for DAG: example_python_operator
[2023-05-12T14:04:14.626+0000] {logging_mixin.py:149} INFO - [2023-05-12T14:04:14.626+0000] {taskmixin.py:211} WARNING - Dependency <Task(_PythonDecoratedOperator): log_sql_query>, print_the_context already registered for DAG: example_python_operator
[2023-05-12T14:04:14.628+0000] {processor.py:809} INFO - DAG(s) dict_keys(['example_python_operator']) retrieved from /home/airflow/.local/lib/python3.7/site-packages/airflow/example_dags/example_python_operator.py
[2023-05-12T14:04:14.654+0000] {logging_mixin.py:149} INFO - [2023-05-12T14:04:14.654+0000] {dag.py:2726} INFO - Sync 1 DAGs
[2023-05-12T14:04:14.676+0000] {logging_mixin.py:149} INFO - [2023-05-12T14:04:14.676+0000] {dag.py:3490} INFO - Setting next_dagrun for example_python_operator to None, run_after=None
[2023-05-12T14:04:14.694+0000] {processor.py:178} INFO - Processing /home/airflow/.local/lib/python3.7/site-packages/airflow/example_dags/example_python_operator.py took 0.080 seconds
