[2023-05-12T13:59:34.811+0000] {processor.py:156} INFO - Started process (PID=38) to work on /home/airflow/.local/lib/python3.7/site-packages/airflow/example_dags/example_branch_labels.py
[2023-05-12T13:59:34.812+0000] {processor.py:799} INFO - Processing file /home/airflow/.local/lib/python3.7/site-packages/airflow/example_dags/example_branch_labels.py for tasks to queue
[2023-05-12T13:59:34.813+0000] {logging_mixin.py:149} INFO - [2023-05-12T13:59:34.813+0000] {dagbag.py:541} INFO - Filling up the DagBag from /home/airflow/.local/lib/python3.7/site-packages/airflow/example_dags/example_branch_labels.py
[2023-05-12T13:59:34.823+0000] {processor.py:809} INFO - DAG(s) dict_keys(['example_branch_labels']) retrieved from /home/airflow/.local/lib/python3.7/site-packages/airflow/example_dags/example_branch_labels.py
[2023-05-12T13:59:34.836+0000] {logging_mixin.py:149} INFO - [2023-05-12T13:59:34.836+0000] {dag.py:2726} INFO - Sync 1 DAGs
[2023-05-12T13:59:34.873+0000] {logging_mixin.py:149} INFO - [2023-05-12T13:59:34.873+0000] {dag.py:3490} INFO - Setting next_dagrun for example_branch_labels to 2023-05-11T00:00:00+00:00, run_after=2023-05-12T00:00:00+00:00
[2023-05-12T13:59:34.902+0000] {processor.py:178} INFO - Processing /home/airflow/.local/lib/python3.7/site-packages/airflow/example_dags/example_branch_labels.py took 0.094 seconds
[2023-05-12T14:00:40.990+0000] {processor.py:156} INFO - Started process (PID=38) to work on /home/airflow/.local/lib/python3.7/site-packages/airflow/example_dags/example_branch_labels.py
[2023-05-12T14:00:40.991+0000] {processor.py:799} INFO - Processing file /home/airflow/.local/lib/python3.7/site-packages/airflow/example_dags/example_branch_labels.py for tasks to queue
[2023-05-12T14:00:40.992+0000] {logging_mixin.py:149} INFO - [2023-05-12T14:00:40.992+0000] {dagbag.py:541} INFO - Filling up the DagBag from /home/airflow/.local/lib/python3.7/site-packages/airflow/example_dags/example_branch_labels.py
[2023-05-12T14:00:41.000+0000] {processor.py:809} INFO - DAG(s) dict_keys(['example_branch_labels']) retrieved from /home/airflow/.local/lib/python3.7/site-packages/airflow/example_dags/example_branch_labels.py
[2023-05-12T14:00:41.012+0000] {logging_mixin.py:149} INFO - [2023-05-12T14:00:41.012+0000] {dag.py:2726} INFO - Sync 1 DAGs
[2023-05-12T14:00:41.036+0000] {logging_mixin.py:149} INFO - [2023-05-12T14:00:41.036+0000] {dag.py:3490} INFO - Setting next_dagrun for example_branch_labels to 2023-05-11T00:00:00+00:00, run_after=2023-05-12T00:00:00+00:00
[2023-05-12T14:00:41.053+0000] {processor.py:178} INFO - Processing /home/airflow/.local/lib/python3.7/site-packages/airflow/example_dags/example_branch_labels.py took 0.067 seconds
[2023-05-12T14:01:11.103+0000] {processor.py:156} INFO - Started process (PID=97) to work on /home/airflow/.local/lib/python3.7/site-packages/airflow/example_dags/example_branch_labels.py
[2023-05-12T14:01:11.105+0000] {processor.py:799} INFO - Processing file /home/airflow/.local/lib/python3.7/site-packages/airflow/example_dags/example_branch_labels.py for tasks to queue
[2023-05-12T14:01:11.106+0000] {logging_mixin.py:149} INFO - [2023-05-12T14:01:11.105+0000] {dagbag.py:541} INFO - Filling up the DagBag from /home/airflow/.local/lib/python3.7/site-packages/airflow/example_dags/example_branch_labels.py
[2023-05-12T14:01:11.114+0000] {processor.py:809} INFO - DAG(s) dict_keys(['example_branch_labels']) retrieved from /home/airflow/.local/lib/python3.7/site-packages/airflow/example_dags/example_branch_labels.py
[2023-05-12T14:01:11.144+0000] {logging_mixin.py:149} INFO - [2023-05-12T14:01:11.144+0000] {dag.py:2726} INFO - Sync 1 DAGs
[2023-05-12T14:01:11.175+0000] {logging_mixin.py:149} INFO - [2023-05-12T14:01:11.175+0000] {dag.py:3490} INFO - Setting next_dagrun for example_branch_labels to 2023-05-11T00:00:00+00:00, run_after=2023-05-12T00:00:00+00:00
[2023-05-12T14:01:11.194+0000] {processor.py:178} INFO - Processing /home/airflow/.local/lib/python3.7/site-packages/airflow/example_dags/example_branch_labels.py took 0.097 seconds
[2023-05-12T14:01:41.230+0000] {processor.py:156} INFO - Started process (PID=157) to work on /home/airflow/.local/lib/python3.7/site-packages/airflow/example_dags/example_branch_labels.py
[2023-05-12T14:01:41.231+0000] {processor.py:799} INFO - Processing file /home/airflow/.local/lib/python3.7/site-packages/airflow/example_dags/example_branch_labels.py for tasks to queue
[2023-05-12T14:01:41.232+0000] {logging_mixin.py:149} INFO - [2023-05-12T14:01:41.231+0000] {dagbag.py:541} INFO - Filling up the DagBag from /home/airflow/.local/lib/python3.7/site-packages/airflow/example_dags/example_branch_labels.py
[2023-05-12T14:01:41.241+0000] {processor.py:809} INFO - DAG(s) dict_keys(['example_branch_labels']) retrieved from /home/airflow/.local/lib/python3.7/site-packages/airflow/example_dags/example_branch_labels.py
[2023-05-12T14:01:41.266+0000] {logging_mixin.py:149} INFO - [2023-05-12T14:01:41.266+0000] {dag.py:2726} INFO - Sync 1 DAGs
[2023-05-12T14:01:41.290+0000] {logging_mixin.py:149} INFO - [2023-05-12T14:01:41.290+0000] {dag.py:3490} INFO - Setting next_dagrun for example_branch_labels to 2023-05-11T00:00:00+00:00, run_after=2023-05-12T00:00:00+00:00
[2023-05-12T14:01:41.307+0000] {processor.py:178} INFO - Processing /home/airflow/.local/lib/python3.7/site-packages/airflow/example_dags/example_branch_labels.py took 0.080 seconds
[2023-05-12T14:02:11.522+0000] {processor.py:156} INFO - Started process (PID=217) to work on /home/airflow/.local/lib/python3.7/site-packages/airflow/example_dags/example_branch_labels.py
[2023-05-12T14:02:11.523+0000] {processor.py:799} INFO - Processing file /home/airflow/.local/lib/python3.7/site-packages/airflow/example_dags/example_branch_labels.py for tasks to queue
[2023-05-12T14:02:11.524+0000] {logging_mixin.py:149} INFO - [2023-05-12T14:02:11.524+0000] {dagbag.py:541} INFO - Filling up the DagBag from /home/airflow/.local/lib/python3.7/site-packages/airflow/example_dags/example_branch_labels.py
[2023-05-12T14:02:11.530+0000] {processor.py:809} INFO - DAG(s) dict_keys(['example_branch_labels']) retrieved from /home/airflow/.local/lib/python3.7/site-packages/airflow/example_dags/example_branch_labels.py
[2023-05-12T14:02:11.552+0000] {logging_mixin.py:149} INFO - [2023-05-12T14:02:11.552+0000] {dag.py:2726} INFO - Sync 1 DAGs
[2023-05-12T14:02:11.577+0000] {logging_mixin.py:149} INFO - [2023-05-12T14:02:11.577+0000] {dag.py:3490} INFO - Setting next_dagrun for example_branch_labels to 2023-05-11T00:00:00+00:00, run_after=2023-05-12T00:00:00+00:00
[2023-05-12T14:02:11.593+0000] {processor.py:178} INFO - Processing /home/airflow/.local/lib/python3.7/site-packages/airflow/example_dags/example_branch_labels.py took 0.073 seconds
[2023-05-12T14:02:41.708+0000] {processor.py:156} INFO - Started process (PID=277) to work on /home/airflow/.local/lib/python3.7/site-packages/airflow/example_dags/example_branch_labels.py
[2023-05-12T14:02:41.709+0000] {processor.py:799} INFO - Processing file /home/airflow/.local/lib/python3.7/site-packages/airflow/example_dags/example_branch_labels.py for tasks to queue
[2023-05-12T14:02:41.709+0000] {logging_mixin.py:149} INFO - [2023-05-12T14:02:41.709+0000] {dagbag.py:541} INFO - Filling up the DagBag from /home/airflow/.local/lib/python3.7/site-packages/airflow/example_dags/example_branch_labels.py
[2023-05-12T14:02:41.715+0000] {processor.py:809} INFO - DAG(s) dict_keys(['example_branch_labels']) retrieved from /home/airflow/.local/lib/python3.7/site-packages/airflow/example_dags/example_branch_labels.py
[2023-05-12T14:02:41.736+0000] {logging_mixin.py:149} INFO - [2023-05-12T14:02:41.736+0000] {dag.py:2726} INFO - Sync 1 DAGs
[2023-05-12T14:02:41.761+0000] {logging_mixin.py:149} INFO - [2023-05-12T14:02:41.761+0000] {dag.py:3490} INFO - Setting next_dagrun for example_branch_labels to 2023-05-11T00:00:00+00:00, run_after=2023-05-12T00:00:00+00:00
[2023-05-12T14:02:41.778+0000] {processor.py:178} INFO - Processing /home/airflow/.local/lib/python3.7/site-packages/airflow/example_dags/example_branch_labels.py took 0.073 seconds
[2023-05-12T14:03:12.060+0000] {processor.py:156} INFO - Started process (PID=337) to work on /home/airflow/.local/lib/python3.7/site-packages/airflow/example_dags/example_branch_labels.py
[2023-05-12T14:03:12.061+0000] {processor.py:799} INFO - Processing file /home/airflow/.local/lib/python3.7/site-packages/airflow/example_dags/example_branch_labels.py for tasks to queue
[2023-05-12T14:03:12.061+0000] {logging_mixin.py:149} INFO - [2023-05-12T14:03:12.061+0000] {dagbag.py:541} INFO - Filling up the DagBag from /home/airflow/.local/lib/python3.7/site-packages/airflow/example_dags/example_branch_labels.py
[2023-05-12T14:03:12.067+0000] {processor.py:809} INFO - DAG(s) dict_keys(['example_branch_labels']) retrieved from /home/airflow/.local/lib/python3.7/site-packages/airflow/example_dags/example_branch_labels.py
[2023-05-12T14:03:12.090+0000] {logging_mixin.py:149} INFO - [2023-05-12T14:03:12.090+0000] {dag.py:2726} INFO - Sync 1 DAGs
[2023-05-12T14:03:12.113+0000] {logging_mixin.py:149} INFO - [2023-05-12T14:03:12.113+0000] {dag.py:3490} INFO - Setting next_dagrun for example_branch_labels to 2023-05-11T00:00:00+00:00, run_after=2023-05-12T00:00:00+00:00
[2023-05-12T14:03:12.130+0000] {processor.py:178} INFO - Processing /home/airflow/.local/lib/python3.7/site-packages/airflow/example_dags/example_branch_labels.py took 0.073 seconds
[2023-05-12T14:03:42.410+0000] {processor.py:156} INFO - Started process (PID=397) to work on /home/airflow/.local/lib/python3.7/site-packages/airflow/example_dags/example_branch_labels.py
[2023-05-12T14:03:42.411+0000] {processor.py:799} INFO - Processing file /home/airflow/.local/lib/python3.7/site-packages/airflow/example_dags/example_branch_labels.py for tasks to queue
[2023-05-12T14:03:42.411+0000] {logging_mixin.py:149} INFO - [2023-05-12T14:03:42.411+0000] {dagbag.py:541} INFO - Filling up the DagBag from /home/airflow/.local/lib/python3.7/site-packages/airflow/example_dags/example_branch_labels.py
[2023-05-12T14:03:42.418+0000] {processor.py:809} INFO - DAG(s) dict_keys(['example_branch_labels']) retrieved from /home/airflow/.local/lib/python3.7/site-packages/airflow/example_dags/example_branch_labels.py
[2023-05-12T14:03:42.440+0000] {logging_mixin.py:149} INFO - [2023-05-12T14:03:42.440+0000] {dag.py:2726} INFO - Sync 1 DAGs
[2023-05-12T14:03:42.463+0000] {logging_mixin.py:149} INFO - [2023-05-12T14:03:42.463+0000] {dag.py:3490} INFO - Setting next_dagrun for example_branch_labels to 2023-05-11T00:00:00+00:00, run_after=2023-05-12T00:00:00+00:00
[2023-05-12T14:03:42.480+0000] {processor.py:178} INFO - Processing /home/airflow/.local/lib/python3.7/site-packages/airflow/example_dags/example_branch_labels.py took 0.073 seconds
[2023-05-12T14:04:12.680+0000] {processor.py:156} INFO - Started process (PID=457) to work on /home/airflow/.local/lib/python3.7/site-packages/airflow/example_dags/example_branch_labels.py
[2023-05-12T14:04:12.681+0000] {processor.py:799} INFO - Processing file /home/airflow/.local/lib/python3.7/site-packages/airflow/example_dags/example_branch_labels.py for tasks to queue
[2023-05-12T14:04:12.682+0000] {logging_mixin.py:149} INFO - [2023-05-12T14:04:12.682+0000] {dagbag.py:541} INFO - Filling up the DagBag from /home/airflow/.local/lib/python3.7/site-packages/airflow/example_dags/example_branch_labels.py
[2023-05-12T14:04:12.688+0000] {processor.py:809} INFO - DAG(s) dict_keys(['example_branch_labels']) retrieved from /home/airflow/.local/lib/python3.7/site-packages/airflow/example_dags/example_branch_labels.py
[2023-05-12T14:04:12.710+0000] {logging_mixin.py:149} INFO - [2023-05-12T14:04:12.710+0000] {dag.py:2726} INFO - Sync 1 DAGs
[2023-05-12T14:04:12.733+0000] {logging_mixin.py:149} INFO - [2023-05-12T14:04:12.733+0000] {dag.py:3490} INFO - Setting next_dagrun for example_branch_labels to 2023-05-11T00:00:00+00:00, run_after=2023-05-12T00:00:00+00:00
[2023-05-12T14:04:12.749+0000] {processor.py:178} INFO - Processing /home/airflow/.local/lib/python3.7/site-packages/airflow/example_dags/example_branch_labels.py took 0.071 seconds
