[2023-05-12T13:59:36.694+0000] {processor.py:156} INFO - Started process (PID=64) to work on /home/airflow/.local/lib/python3.7/site-packages/airflow/example_dags/example_branch_python_dop_operator_3.py
[2023-05-12T13:59:36.695+0000] {processor.py:799} INFO - Processing file /home/airflow/.local/lib/python3.7/site-packages/airflow/example_dags/example_branch_python_dop_operator_3.py for tasks to queue
[2023-05-12T13:59:36.695+0000] {logging_mixin.py:149} INFO - [2023-05-12T13:59:36.695+0000] {dagbag.py:541} INFO - Filling up the DagBag from /home/airflow/.local/lib/python3.7/site-packages/airflow/example_dags/example_branch_python_dop_operator_3.py
[2023-05-12T13:59:36.706+0000] {processor.py:809} INFO - DAG(s) dict_keys(['example_branch_dop_operator_v3']) retrieved from /home/airflow/.local/lib/python3.7/site-packages/airflow/example_dags/example_branch_python_dop_operator_3.py
[2023-05-12T13:59:36.719+0000] {logging_mixin.py:149} INFO - [2023-05-12T13:59:36.719+0000] {dag.py:2726} INFO - Sync 1 DAGs
[2023-05-12T13:59:36.748+0000] {logging_mixin.py:149} INFO - [2023-05-12T13:59:36.747+0000] {dag.py:3490} INFO - Setting next_dagrun for example_branch_dop_operator_v3 to 2023-05-12T13:58:00+00:00, run_after=2023-05-12T13:59:00+00:00
[2023-05-12T13:59:36.766+0000] {processor.py:178} INFO - Processing /home/airflow/.local/lib/python3.7/site-packages/airflow/example_dags/example_branch_python_dop_operator_3.py took 0.075 seconds
[2023-05-12T14:00:42.952+0000] {processor.py:156} INFO - Started process (PID=64) to work on /home/airflow/.local/lib/python3.7/site-packages/airflow/example_dags/example_branch_python_dop_operator_3.py
[2023-05-12T14:00:42.953+0000] {processor.py:799} INFO - Processing file /home/airflow/.local/lib/python3.7/site-packages/airflow/example_dags/example_branch_python_dop_operator_3.py for tasks to queue
[2023-05-12T14:00:42.954+0000] {logging_mixin.py:149} INFO - [2023-05-12T14:00:42.954+0000] {dagbag.py:541} INFO - Filling up the DagBag from /home/airflow/.local/lib/python3.7/site-packages/airflow/example_dags/example_branch_python_dop_operator_3.py
[2023-05-12T14:00:42.968+0000] {processor.py:809} INFO - DAG(s) dict_keys(['example_branch_dop_operator_v3']) retrieved from /home/airflow/.local/lib/python3.7/site-packages/airflow/example_dags/example_branch_python_dop_operator_3.py
[2023-05-12T14:00:42.980+0000] {logging_mixin.py:149} INFO - [2023-05-12T14:00:42.980+0000] {dag.py:2726} INFO - Sync 1 DAGs
[2023-05-12T14:00:43.015+0000] {logging_mixin.py:149} INFO - [2023-05-12T14:00:43.015+0000] {dag.py:3490} INFO - Setting next_dagrun for example_branch_dop_operator_v3 to 2023-05-12T13:59:00+00:00, run_after=2023-05-12T14:00:00+00:00
[2023-05-12T14:00:43.038+0000] {processor.py:178} INFO - Processing /home/airflow/.local/lib/python3.7/site-packages/airflow/example_dags/example_branch_python_dop_operator_3.py took 0.089 seconds
[2023-05-12T14:01:13.099+0000] {processor.py:156} INFO - Started process (PID=124) to work on /home/airflow/.local/lib/python3.7/site-packages/airflow/example_dags/example_branch_python_dop_operator_3.py
[2023-05-12T14:01:13.100+0000] {processor.py:799} INFO - Processing file /home/airflow/.local/lib/python3.7/site-packages/airflow/example_dags/example_branch_python_dop_operator_3.py for tasks to queue
[2023-05-12T14:01:13.101+0000] {logging_mixin.py:149} INFO - [2023-05-12T14:01:13.101+0000] {dagbag.py:541} INFO - Filling up the DagBag from /home/airflow/.local/lib/python3.7/site-packages/airflow/example_dags/example_branch_python_dop_operator_3.py
[2023-05-12T14:01:13.107+0000] {processor.py:809} INFO - DAG(s) dict_keys(['example_branch_dop_operator_v3']) retrieved from /home/airflow/.local/lib/python3.7/site-packages/airflow/example_dags/example_branch_python_dop_operator_3.py
[2023-05-12T14:01:13.129+0000] {logging_mixin.py:149} INFO - [2023-05-12T14:01:13.129+0000] {dag.py:2726} INFO - Sync 1 DAGs
[2023-05-12T14:01:13.153+0000] {logging_mixin.py:149} INFO - [2023-05-12T14:01:13.153+0000] {dag.py:3490} INFO - Setting next_dagrun for example_branch_dop_operator_v3 to 2023-05-12T14:00:00+00:00, run_after=2023-05-12T14:01:00+00:00
[2023-05-12T14:01:13.172+0000] {processor.py:178} INFO - Processing /home/airflow/.local/lib/python3.7/site-packages/airflow/example_dags/example_branch_python_dop_operator_3.py took 0.075 seconds
[2023-05-12T14:01:43.515+0000] {processor.py:156} INFO - Started process (PID=184) to work on /home/airflow/.local/lib/python3.7/site-packages/airflow/example_dags/example_branch_python_dop_operator_3.py
[2023-05-12T14:01:43.516+0000] {processor.py:799} INFO - Processing file /home/airflow/.local/lib/python3.7/site-packages/airflow/example_dags/example_branch_python_dop_operator_3.py for tasks to queue
[2023-05-12T14:01:43.517+0000] {logging_mixin.py:149} INFO - [2023-05-12T14:01:43.517+0000] {dagbag.py:541} INFO - Filling up the DagBag from /home/airflow/.local/lib/python3.7/site-packages/airflow/example_dags/example_branch_python_dop_operator_3.py
[2023-05-12T14:01:43.526+0000] {processor.py:809} INFO - DAG(s) dict_keys(['example_branch_dop_operator_v3']) retrieved from /home/airflow/.local/lib/python3.7/site-packages/airflow/example_dags/example_branch_python_dop_operator_3.py
[2023-05-12T14:01:43.548+0000] {logging_mixin.py:149} INFO - [2023-05-12T14:01:43.547+0000] {dag.py:2726} INFO - Sync 1 DAGs
[2023-05-12T14:01:43.575+0000] {logging_mixin.py:149} INFO - [2023-05-12T14:01:43.575+0000] {dag.py:3490} INFO - Setting next_dagrun for example_branch_dop_operator_v3 to 2023-05-12T14:00:00+00:00, run_after=2023-05-12T14:01:00+00:00
[2023-05-12T14:01:43.594+0000] {processor.py:178} INFO - Processing /home/airflow/.local/lib/python3.7/site-packages/airflow/example_dags/example_branch_python_dop_operator_3.py took 0.082 seconds
[2023-05-12T14:02:13.743+0000] {processor.py:156} INFO - Started process (PID=244) to work on /home/airflow/.local/lib/python3.7/site-packages/airflow/example_dags/example_branch_python_dop_operator_3.py
[2023-05-12T14:02:13.744+0000] {processor.py:799} INFO - Processing file /home/airflow/.local/lib/python3.7/site-packages/airflow/example_dags/example_branch_python_dop_operator_3.py for tasks to queue
[2023-05-12T14:02:13.745+0000] {logging_mixin.py:149} INFO - [2023-05-12T14:02:13.745+0000] {dagbag.py:541} INFO - Filling up the DagBag from /home/airflow/.local/lib/python3.7/site-packages/airflow/example_dags/example_branch_python_dop_operator_3.py
[2023-05-12T14:02:13.751+0000] {processor.py:809} INFO - DAG(s) dict_keys(['example_branch_dop_operator_v3']) retrieved from /home/airflow/.local/lib/python3.7/site-packages/airflow/example_dags/example_branch_python_dop_operator_3.py
[2023-05-12T14:02:13.772+0000] {logging_mixin.py:149} INFO - [2023-05-12T14:02:13.772+0000] {dag.py:2726} INFO - Sync 1 DAGs
[2023-05-12T14:02:13.796+0000] {logging_mixin.py:149} INFO - [2023-05-12T14:02:13.795+0000] {dag.py:3490} INFO - Setting next_dagrun for example_branch_dop_operator_v3 to 2023-05-12T14:01:00+00:00, run_after=2023-05-12T14:02:00+00:00
[2023-05-12T14:02:13.813+0000] {processor.py:178} INFO - Processing /home/airflow/.local/lib/python3.7/site-packages/airflow/example_dags/example_branch_python_dop_operator_3.py took 0.072 seconds
[2023-05-12T14:02:44.125+0000] {processor.py:156} INFO - Started process (PID=304) to work on /home/airflow/.local/lib/python3.7/site-packages/airflow/example_dags/example_branch_python_dop_operator_3.py
[2023-05-12T14:02:44.126+0000] {processor.py:799} INFO - Processing file /home/airflow/.local/lib/python3.7/site-packages/airflow/example_dags/example_branch_python_dop_operator_3.py for tasks to queue
[2023-05-12T14:02:44.126+0000] {logging_mixin.py:149} INFO - [2023-05-12T14:02:44.126+0000] {dagbag.py:541} INFO - Filling up the DagBag from /home/airflow/.local/lib/python3.7/site-packages/airflow/example_dags/example_branch_python_dop_operator_3.py
[2023-05-12T14:02:44.132+0000] {processor.py:809} INFO - DAG(s) dict_keys(['example_branch_dop_operator_v3']) retrieved from /home/airflow/.local/lib/python3.7/site-packages/airflow/example_dags/example_branch_python_dop_operator_3.py
[2023-05-12T14:02:44.155+0000] {logging_mixin.py:149} INFO - [2023-05-12T14:02:44.154+0000] {dag.py:2726} INFO - Sync 1 DAGs
[2023-05-12T14:02:44.179+0000] {logging_mixin.py:149} INFO - [2023-05-12T14:02:44.179+0000] {dag.py:3490} INFO - Setting next_dagrun for example_branch_dop_operator_v3 to 2023-05-12T14:01:00+00:00, run_after=2023-05-12T14:02:00+00:00
[2023-05-12T14:02:44.197+0000] {processor.py:178} INFO - Processing /home/airflow/.local/lib/python3.7/site-packages/airflow/example_dags/example_branch_python_dop_operator_3.py took 0.074 seconds
[2023-05-12T14:03:14.343+0000] {processor.py:156} INFO - Started process (PID=364) to work on /home/airflow/.local/lib/python3.7/site-packages/airflow/example_dags/example_branch_python_dop_operator_3.py
[2023-05-12T14:03:14.343+0000] {processor.py:799} INFO - Processing file /home/airflow/.local/lib/python3.7/site-packages/airflow/example_dags/example_branch_python_dop_operator_3.py for tasks to queue
[2023-05-12T14:03:14.344+0000] {logging_mixin.py:149} INFO - [2023-05-12T14:03:14.344+0000] {dagbag.py:541} INFO - Filling up the DagBag from /home/airflow/.local/lib/python3.7/site-packages/airflow/example_dags/example_branch_python_dop_operator_3.py
[2023-05-12T14:03:14.350+0000] {processor.py:809} INFO - DAG(s) dict_keys(['example_branch_dop_operator_v3']) retrieved from /home/airflow/.local/lib/python3.7/site-packages/airflow/example_dags/example_branch_python_dop_operator_3.py
[2023-05-12T14:03:14.371+0000] {logging_mixin.py:149} INFO - [2023-05-12T14:03:14.371+0000] {dag.py:2726} INFO - Sync 1 DAGs
[2023-05-12T14:03:14.395+0000] {logging_mixin.py:149} INFO - [2023-05-12T14:03:14.395+0000] {dag.py:3490} INFO - Setting next_dagrun for example_branch_dop_operator_v3 to 2023-05-12T14:02:00+00:00, run_after=2023-05-12T14:03:00+00:00
[2023-05-12T14:03:14.414+0000] {processor.py:178} INFO - Processing /home/airflow/.local/lib/python3.7/site-packages/airflow/example_dags/example_branch_python_dop_operator_3.py took 0.074 seconds
[2023-05-12T14:03:44.638+0000] {processor.py:156} INFO - Started process (PID=424) to work on /home/airflow/.local/lib/python3.7/site-packages/airflow/example_dags/example_branch_python_dop_operator_3.py
[2023-05-12T14:03:44.639+0000] {processor.py:799} INFO - Processing file /home/airflow/.local/lib/python3.7/site-packages/airflow/example_dags/example_branch_python_dop_operator_3.py for tasks to queue
[2023-05-12T14:03:44.639+0000] {logging_mixin.py:149} INFO - [2023-05-12T14:03:44.639+0000] {dagbag.py:541} INFO - Filling up the DagBag from /home/airflow/.local/lib/python3.7/site-packages/airflow/example_dags/example_branch_python_dop_operator_3.py
[2023-05-12T14:03:44.645+0000] {processor.py:809} INFO - DAG(s) dict_keys(['example_branch_dop_operator_v3']) retrieved from /home/airflow/.local/lib/python3.7/site-packages/airflow/example_dags/example_branch_python_dop_operator_3.py
[2023-05-12T14:03:44.667+0000] {logging_mixin.py:149} INFO - [2023-05-12T14:03:44.667+0000] {dag.py:2726} INFO - Sync 1 DAGs
[2023-05-12T14:03:44.691+0000] {logging_mixin.py:149} INFO - [2023-05-12T14:03:44.691+0000] {dag.py:3490} INFO - Setting next_dagrun for example_branch_dop_operator_v3 to 2023-05-12T14:02:00+00:00, run_after=2023-05-12T14:03:00+00:00
[2023-05-12T14:03:44.709+0000] {processor.py:178} INFO - Processing /home/airflow/.local/lib/python3.7/site-packages/airflow/example_dags/example_branch_python_dop_operator_3.py took 0.073 seconds
[2023-05-12T14:04:14.997+0000] {processor.py:156} INFO - Started process (PID=484) to work on /home/airflow/.local/lib/python3.7/site-packages/airflow/example_dags/example_branch_python_dop_operator_3.py
[2023-05-12T14:04:14.998+0000] {processor.py:799} INFO - Processing file /home/airflow/.local/lib/python3.7/site-packages/airflow/example_dags/example_branch_python_dop_operator_3.py for tasks to queue
[2023-05-12T14:04:14.998+0000] {logging_mixin.py:149} INFO - [2023-05-12T14:04:14.998+0000] {dagbag.py:541} INFO - Filling up the DagBag from /home/airflow/.local/lib/python3.7/site-packages/airflow/example_dags/example_branch_python_dop_operator_3.py
[2023-05-12T14:04:15.004+0000] {processor.py:809} INFO - DAG(s) dict_keys(['example_branch_dop_operator_v3']) retrieved from /home/airflow/.local/lib/python3.7/site-packages/airflow/example_dags/example_branch_python_dop_operator_3.py
[2023-05-12T14:04:15.026+0000] {logging_mixin.py:149} INFO - [2023-05-12T14:04:15.026+0000] {dag.py:2726} INFO - Sync 1 DAGs
[2023-05-12T14:04:15.054+0000] {logging_mixin.py:149} INFO - [2023-05-12T14:04:15.054+0000] {dag.py:3490} INFO - Setting next_dagrun for example_branch_dop_operator_v3 to 2023-05-12T14:03:00+00:00, run_after=2023-05-12T14:04:00+00:00
[2023-05-12T14:04:15.070+0000] {processor.py:178} INFO - Processing /home/airflow/.local/lib/python3.7/site-packages/airflow/example_dags/example_branch_python_dop_operator_3.py took 0.076 seconds
