[2023-05-12T13:59:35.912+0000] {processor.py:156} INFO - Started process (PID=49) to work on /home/airflow/.local/lib/python3.7/site-packages/airflow/example_dags/tutorial.py
[2023-05-12T13:59:35.913+0000] {processor.py:799} INFO - Processing file /home/airflow/.local/lib/python3.7/site-packages/airflow/example_dags/tutorial.py for tasks to queue
[2023-05-12T13:59:35.913+0000] {logging_mixin.py:149} INFO - [2023-05-12T13:59:35.913+0000] {dagbag.py:541} INFO - Filling up the DagBag from /home/airflow/.local/lib/python3.7/site-packages/airflow/example_dags/tutorial.py
[2023-05-12T13:59:35.921+0000] {processor.py:809} INFO - DAG(s) dict_keys(['tutorial']) retrieved from /home/airflow/.local/lib/python3.7/site-packages/airflow/example_dags/tutorial.py
[2023-05-12T13:59:35.932+0000] {logging_mixin.py:149} INFO - [2023-05-12T13:59:35.932+0000] {dag.py:2726} INFO - Sync 1 DAGs
[2023-05-12T13:59:35.955+0000] {logging_mixin.py:149} INFO - [2023-05-12T13:59:35.955+0000] {dag.py:3490} INFO - Setting next_dagrun for tutorial to 2023-05-11T13:59:35.955056+00:00, run_after=2023-05-12T13:59:35.955056+00:00
[2023-05-12T13:59:35.972+0000] {processor.py:178} INFO - Processing /home/airflow/.local/lib/python3.7/site-packages/airflow/example_dags/tutorial.py took 0.063 seconds
[2023-05-12T14:00:41.981+0000] {processor.py:156} INFO - Started process (PID=49) to work on /home/airflow/.local/lib/python3.7/site-packages/airflow/example_dags/tutorial.py
[2023-05-12T14:00:41.982+0000] {processor.py:799} INFO - Processing file /home/airflow/.local/lib/python3.7/site-packages/airflow/example_dags/tutorial.py for tasks to queue
[2023-05-12T14:00:41.983+0000] {logging_mixin.py:149} INFO - [2023-05-12T14:00:41.983+0000] {dagbag.py:541} INFO - Filling up the DagBag from /home/airflow/.local/lib/python3.7/site-packages/airflow/example_dags/tutorial.py
[2023-05-12T14:00:41.991+0000] {processor.py:809} INFO - DAG(s) dict_keys(['tutorial']) retrieved from /home/airflow/.local/lib/python3.7/site-packages/airflow/example_dags/tutorial.py
[2023-05-12T14:00:42.003+0000] {logging_mixin.py:149} INFO - [2023-05-12T14:00:42.003+0000] {dag.py:2726} INFO - Sync 1 DAGs
[2023-05-12T14:00:42.028+0000] {logging_mixin.py:149} INFO - [2023-05-12T14:00:42.028+0000] {dag.py:3490} INFO - Setting next_dagrun for tutorial to 2023-05-11T14:00:42.028299+00:00, run_after=2023-05-12T14:00:42.028299+00:00
[2023-05-12T14:00:42.047+0000] {processor.py:178} INFO - Processing /home/airflow/.local/lib/python3.7/site-packages/airflow/example_dags/tutorial.py took 0.068 seconds
[2023-05-12T14:01:12.276+0000] {processor.py:156} INFO - Started process (PID=109) to work on /home/airflow/.local/lib/python3.7/site-packages/airflow/example_dags/tutorial.py
[2023-05-12T14:01:12.277+0000] {processor.py:799} INFO - Processing file /home/airflow/.local/lib/python3.7/site-packages/airflow/example_dags/tutorial.py for tasks to queue
[2023-05-12T14:01:12.278+0000] {logging_mixin.py:149} INFO - [2023-05-12T14:01:12.278+0000] {dagbag.py:541} INFO - Filling up the DagBag from /home/airflow/.local/lib/python3.7/site-packages/airflow/example_dags/tutorial.py
[2023-05-12T14:01:12.283+0000] {processor.py:809} INFO - DAG(s) dict_keys(['tutorial']) retrieved from /home/airflow/.local/lib/python3.7/site-packages/airflow/example_dags/tutorial.py
[2023-05-12T14:01:12.303+0000] {logging_mixin.py:149} INFO - [2023-05-12T14:01:12.303+0000] {dag.py:2726} INFO - Sync 1 DAGs
[2023-05-12T14:01:12.330+0000] {logging_mixin.py:149} INFO - [2023-05-12T14:01:12.330+0000] {dag.py:3490} INFO - Setting next_dagrun for tutorial to 2023-05-11T14:01:12.330287+00:00, run_after=2023-05-12T14:01:12.330287+00:00
[2023-05-12T14:01:12.351+0000] {processor.py:178} INFO - Processing /home/airflow/.local/lib/python3.7/site-packages/airflow/example_dags/tutorial.py took 0.077 seconds
[2023-05-12T14:01:42.781+0000] {processor.py:156} INFO - Started process (PID=169) to work on /home/airflow/.local/lib/python3.7/site-packages/airflow/example_dags/tutorial.py
[2023-05-12T14:01:42.782+0000] {processor.py:799} INFO - Processing file /home/airflow/.local/lib/python3.7/site-packages/airflow/example_dags/tutorial.py for tasks to queue
[2023-05-12T14:01:42.783+0000] {logging_mixin.py:149} INFO - [2023-05-12T14:01:42.783+0000] {dagbag.py:541} INFO - Filling up the DagBag from /home/airflow/.local/lib/python3.7/site-packages/airflow/example_dags/tutorial.py
[2023-05-12T14:01:42.788+0000] {processor.py:809} INFO - DAG(s) dict_keys(['tutorial']) retrieved from /home/airflow/.local/lib/python3.7/site-packages/airflow/example_dags/tutorial.py
[2023-05-12T14:01:42.808+0000] {logging_mixin.py:149} INFO - [2023-05-12T14:01:42.808+0000] {dag.py:2726} INFO - Sync 1 DAGs
[2023-05-12T14:01:42.828+0000] {logging_mixin.py:149} INFO - [2023-05-12T14:01:42.827+0000] {dag.py:3490} INFO - Setting next_dagrun for tutorial to 2023-05-11T14:01:42.827729+00:00, run_after=2023-05-12T14:01:42.827729+00:00
[2023-05-12T14:01:42.845+0000] {processor.py:178} INFO - Processing /home/airflow/.local/lib/python3.7/site-packages/airflow/example_dags/tutorial.py took 0.066 seconds
[2023-05-12T14:02:13.043+0000] {processor.py:156} INFO - Started process (PID=229) to work on /home/airflow/.local/lib/python3.7/site-packages/airflow/example_dags/tutorial.py
[2023-05-12T14:02:13.044+0000] {processor.py:799} INFO - Processing file /home/airflow/.local/lib/python3.7/site-packages/airflow/example_dags/tutorial.py for tasks to queue
[2023-05-12T14:02:13.045+0000] {logging_mixin.py:149} INFO - [2023-05-12T14:02:13.045+0000] {dagbag.py:541} INFO - Filling up the DagBag from /home/airflow/.local/lib/python3.7/site-packages/airflow/example_dags/tutorial.py
[2023-05-12T14:02:13.049+0000] {processor.py:809} INFO - DAG(s) dict_keys(['tutorial']) retrieved from /home/airflow/.local/lib/python3.7/site-packages/airflow/example_dags/tutorial.py
[2023-05-12T14:02:13.069+0000] {logging_mixin.py:149} INFO - [2023-05-12T14:02:13.069+0000] {dag.py:2726} INFO - Sync 1 DAGs
[2023-05-12T14:02:13.088+0000] {logging_mixin.py:149} INFO - [2023-05-12T14:02:13.088+0000] {dag.py:3490} INFO - Setting next_dagrun for tutorial to 2023-05-11T14:02:13.088591+00:00, run_after=2023-05-12T14:02:13.088591+00:00
[2023-05-12T14:02:13.106+0000] {processor.py:178} INFO - Processing /home/airflow/.local/lib/python3.7/site-packages/airflow/example_dags/tutorial.py took 0.065 seconds
[2023-05-12T14:02:43.204+0000] {processor.py:156} INFO - Started process (PID=288) to work on /home/airflow/.local/lib/python3.7/site-packages/airflow/example_dags/tutorial.py
[2023-05-12T14:02:43.205+0000] {processor.py:799} INFO - Processing file /home/airflow/.local/lib/python3.7/site-packages/airflow/example_dags/tutorial.py for tasks to queue
[2023-05-12T14:02:43.206+0000] {logging_mixin.py:149} INFO - [2023-05-12T14:02:43.205+0000] {dagbag.py:541} INFO - Filling up the DagBag from /home/airflow/.local/lib/python3.7/site-packages/airflow/example_dags/tutorial.py
[2023-05-12T14:02:43.211+0000] {processor.py:809} INFO - DAG(s) dict_keys(['tutorial']) retrieved from /home/airflow/.local/lib/python3.7/site-packages/airflow/example_dags/tutorial.py
[2023-05-12T14:02:43.231+0000] {logging_mixin.py:149} INFO - [2023-05-12T14:02:43.231+0000] {dag.py:2726} INFO - Sync 1 DAGs
[2023-05-12T14:02:43.252+0000] {logging_mixin.py:149} INFO - [2023-05-12T14:02:43.252+0000] {dag.py:3490} INFO - Setting next_dagrun for tutorial to 2023-05-11T14:02:43.251934+00:00, run_after=2023-05-12T14:02:43.251934+00:00
[2023-05-12T14:02:43.269+0000] {processor.py:178} INFO - Processing /home/airflow/.local/lib/python3.7/site-packages/airflow/example_dags/tutorial.py took 0.068 seconds
[2023-05-12T14:03:13.568+0000] {processor.py:156} INFO - Started process (PID=348) to work on /home/airflow/.local/lib/python3.7/site-packages/airflow/example_dags/tutorial.py
[2023-05-12T14:03:13.569+0000] {processor.py:799} INFO - Processing file /home/airflow/.local/lib/python3.7/site-packages/airflow/example_dags/tutorial.py for tasks to queue
[2023-05-12T14:03:13.569+0000] {logging_mixin.py:149} INFO - [2023-05-12T14:03:13.569+0000] {dagbag.py:541} INFO - Filling up the DagBag from /home/airflow/.local/lib/python3.7/site-packages/airflow/example_dags/tutorial.py
[2023-05-12T14:03:13.574+0000] {processor.py:809} INFO - DAG(s) dict_keys(['tutorial']) retrieved from /home/airflow/.local/lib/python3.7/site-packages/airflow/example_dags/tutorial.py
[2023-05-12T14:03:13.595+0000] {logging_mixin.py:149} INFO - [2023-05-12T14:03:13.595+0000] {dag.py:2726} INFO - Sync 1 DAGs
[2023-05-12T14:03:13.616+0000] {logging_mixin.py:149} INFO - [2023-05-12T14:03:13.616+0000] {dag.py:3490} INFO - Setting next_dagrun for tutorial to 2023-05-11T14:03:13.616203+00:00, run_after=2023-05-12T14:03:13.616203+00:00
[2023-05-12T14:03:13.637+0000] {processor.py:178} INFO - Processing /home/airflow/.local/lib/python3.7/site-packages/airflow/example_dags/tutorial.py took 0.072 seconds
[2023-05-12T14:03:43.906+0000] {processor.py:156} INFO - Started process (PID=408) to work on /home/airflow/.local/lib/python3.7/site-packages/airflow/example_dags/tutorial.py
[2023-05-12T14:03:43.907+0000] {processor.py:799} INFO - Processing file /home/airflow/.local/lib/python3.7/site-packages/airflow/example_dags/tutorial.py for tasks to queue
[2023-05-12T14:03:43.907+0000] {logging_mixin.py:149} INFO - [2023-05-12T14:03:43.907+0000] {dagbag.py:541} INFO - Filling up the DagBag from /home/airflow/.local/lib/python3.7/site-packages/airflow/example_dags/tutorial.py
[2023-05-12T14:03:43.913+0000] {processor.py:809} INFO - DAG(s) dict_keys(['tutorial']) retrieved from /home/airflow/.local/lib/python3.7/site-packages/airflow/example_dags/tutorial.py
[2023-05-12T14:03:43.934+0000] {logging_mixin.py:149} INFO - [2023-05-12T14:03:43.934+0000] {dag.py:2726} INFO - Sync 1 DAGs
[2023-05-12T14:03:43.955+0000] {logging_mixin.py:149} INFO - [2023-05-12T14:03:43.955+0000] {dag.py:3490} INFO - Setting next_dagrun for tutorial to 2023-05-11T14:03:43.955259+00:00, run_after=2023-05-12T14:03:43.955259+00:00
[2023-05-12T14:03:43.974+0000] {processor.py:178} INFO - Processing /home/airflow/.local/lib/python3.7/site-packages/airflow/example_dags/tutorial.py took 0.070 seconds
[2023-05-12T14:04:14.207+0000] {processor.py:156} INFO - Started process (PID=468) to work on /home/airflow/.local/lib/python3.7/site-packages/airflow/example_dags/tutorial.py
[2023-05-12T14:04:14.208+0000] {processor.py:799} INFO - Processing file /home/airflow/.local/lib/python3.7/site-packages/airflow/example_dags/tutorial.py for tasks to queue
[2023-05-12T14:04:14.210+0000] {logging_mixin.py:149} INFO - [2023-05-12T14:04:14.209+0000] {dagbag.py:541} INFO - Filling up the DagBag from /home/airflow/.local/lib/python3.7/site-packages/airflow/example_dags/tutorial.py
[2023-05-12T14:04:14.215+0000] {processor.py:809} INFO - DAG(s) dict_keys(['tutorial']) retrieved from /home/airflow/.local/lib/python3.7/site-packages/airflow/example_dags/tutorial.py
[2023-05-12T14:04:14.236+0000] {logging_mixin.py:149} INFO - [2023-05-12T14:04:14.236+0000] {dag.py:2726} INFO - Sync 1 DAGs
[2023-05-12T14:04:14.258+0000] {logging_mixin.py:149} INFO - [2023-05-12T14:04:14.258+0000] {dag.py:3490} INFO - Setting next_dagrun for tutorial to 2023-05-11T14:04:14.258591+00:00, run_after=2023-05-12T14:04:14.258591+00:00
[2023-05-12T14:04:14.276+0000] {processor.py:178} INFO - Processing /home/airflow/.local/lib/python3.7/site-packages/airflow/example_dags/tutorial.py took 0.071 seconds
