[2023-05-12T13:59:35.936+0000] {processor.py:156} INFO - Started process (PID=50) to work on /home/airflow/.local/lib/python3.7/site-packages/airflow/example_dags/tutorial_dag.py
[2023-05-12T13:59:35.937+0000] {processor.py:799} INFO - Processing file /home/airflow/.local/lib/python3.7/site-packages/airflow/example_dags/tutorial_dag.py for tasks to queue
[2023-05-12T13:59:35.938+0000] {logging_mixin.py:149} INFO - [2023-05-12T13:59:35.937+0000] {dagbag.py:541} INFO - Filling up the DagBag from /home/airflow/.local/lib/python3.7/site-packages/airflow/example_dags/tutorial_dag.py
[2023-05-12T13:59:35.944+0000] {processor.py:809} INFO - DAG(s) dict_keys(['tutorial_dag']) retrieved from /home/airflow/.local/lib/python3.7/site-packages/airflow/example_dags/tutorial_dag.py
[2023-05-12T13:59:35.955+0000] {logging_mixin.py:149} INFO - [2023-05-12T13:59:35.955+0000] {dag.py:2726} INFO - Sync 1 DAGs
[2023-05-12T13:59:35.978+0000] {logging_mixin.py:149} INFO - [2023-05-12T13:59:35.978+0000] {dag.py:3490} INFO - Setting next_dagrun for tutorial_dag to None, run_after=None
[2023-05-12T13:59:35.994+0000] {processor.py:178} INFO - Processing /home/airflow/.local/lib/python3.7/site-packages/airflow/example_dags/tutorial_dag.py took 0.060 seconds
[2023-05-12T14:00:42.020+0000] {processor.py:156} INFO - Started process (PID=50) to work on /home/airflow/.local/lib/python3.7/site-packages/airflow/example_dags/tutorial_dag.py
[2023-05-12T14:00:42.021+0000] {processor.py:799} INFO - Processing file /home/airflow/.local/lib/python3.7/site-packages/airflow/example_dags/tutorial_dag.py for tasks to queue
[2023-05-12T14:00:42.021+0000] {logging_mixin.py:149} INFO - [2023-05-12T14:00:42.021+0000] {dagbag.py:541} INFO - Filling up the DagBag from /home/airflow/.local/lib/python3.7/site-packages/airflow/example_dags/tutorial_dag.py
[2023-05-12T14:00:42.028+0000] {processor.py:809} INFO - DAG(s) dict_keys(['tutorial_dag']) retrieved from /home/airflow/.local/lib/python3.7/site-packages/airflow/example_dags/tutorial_dag.py
[2023-05-12T14:00:42.039+0000] {logging_mixin.py:149} INFO - [2023-05-12T14:00:42.039+0000] {dag.py:2726} INFO - Sync 1 DAGs
[2023-05-12T14:00:42.063+0000] {logging_mixin.py:149} INFO - [2023-05-12T14:00:42.063+0000] {dag.py:3490} INFO - Setting next_dagrun for tutorial_dag to None, run_after=None
[2023-05-12T14:00:42.080+0000] {processor.py:178} INFO - Processing /home/airflow/.local/lib/python3.7/site-packages/airflow/example_dags/tutorial_dag.py took 0.063 seconds
[2023-05-12T14:01:12.368+0000] {processor.py:156} INFO - Started process (PID=110) to work on /home/airflow/.local/lib/python3.7/site-packages/airflow/example_dags/tutorial_dag.py
[2023-05-12T14:01:12.370+0000] {processor.py:799} INFO - Processing file /home/airflow/.local/lib/python3.7/site-packages/airflow/example_dags/tutorial_dag.py for tasks to queue
[2023-05-12T14:01:12.370+0000] {logging_mixin.py:149} INFO - [2023-05-12T14:01:12.370+0000] {dagbag.py:541} INFO - Filling up the DagBag from /home/airflow/.local/lib/python3.7/site-packages/airflow/example_dags/tutorial_dag.py
[2023-05-12T14:01:12.375+0000] {processor.py:809} INFO - DAG(s) dict_keys(['tutorial_dag']) retrieved from /home/airflow/.local/lib/python3.7/site-packages/airflow/example_dags/tutorial_dag.py
[2023-05-12T14:01:12.406+0000] {logging_mixin.py:149} INFO - [2023-05-12T14:01:12.406+0000] {dag.py:2726} INFO - Sync 1 DAGs
[2023-05-12T14:01:12.434+0000] {logging_mixin.py:149} INFO - [2023-05-12T14:01:12.434+0000] {dag.py:3490} INFO - Setting next_dagrun for tutorial_dag to None, run_after=None
[2023-05-12T14:01:12.453+0000] {processor.py:178} INFO - Processing /home/airflow/.local/lib/python3.7/site-packages/airflow/example_dags/tutorial_dag.py took 0.087 seconds
[2023-05-12T14:01:42.859+0000] {processor.py:156} INFO - Started process (PID=170) to work on /home/airflow/.local/lib/python3.7/site-packages/airflow/example_dags/tutorial_dag.py
[2023-05-12T14:01:42.860+0000] {processor.py:799} INFO - Processing file /home/airflow/.local/lib/python3.7/site-packages/airflow/example_dags/tutorial_dag.py for tasks to queue
[2023-05-12T14:01:42.861+0000] {logging_mixin.py:149} INFO - [2023-05-12T14:01:42.861+0000] {dagbag.py:541} INFO - Filling up the DagBag from /home/airflow/.local/lib/python3.7/site-packages/airflow/example_dags/tutorial_dag.py
[2023-05-12T14:01:42.865+0000] {processor.py:809} INFO - DAG(s) dict_keys(['tutorial_dag']) retrieved from /home/airflow/.local/lib/python3.7/site-packages/airflow/example_dags/tutorial_dag.py
[2023-05-12T14:01:42.889+0000] {logging_mixin.py:149} INFO - [2023-05-12T14:01:42.889+0000] {dag.py:2726} INFO - Sync 1 DAGs
[2023-05-12T14:01:42.908+0000] {logging_mixin.py:149} INFO - [2023-05-12T14:01:42.908+0000] {dag.py:3490} INFO - Setting next_dagrun for tutorial_dag to None, run_after=None
[2023-05-12T14:01:42.926+0000] {processor.py:178} INFO - Processing /home/airflow/.local/lib/python3.7/site-packages/airflow/example_dags/tutorial_dag.py took 0.069 seconds
[2023-05-12T14:02:13.120+0000] {processor.py:156} INFO - Started process (PID=230) to work on /home/airflow/.local/lib/python3.7/site-packages/airflow/example_dags/tutorial_dag.py
[2023-05-12T14:02:13.121+0000] {processor.py:799} INFO - Processing file /home/airflow/.local/lib/python3.7/site-packages/airflow/example_dags/tutorial_dag.py for tasks to queue
[2023-05-12T14:02:13.121+0000] {logging_mixin.py:149} INFO - [2023-05-12T14:02:13.121+0000] {dagbag.py:541} INFO - Filling up the DagBag from /home/airflow/.local/lib/python3.7/site-packages/airflow/example_dags/tutorial_dag.py
[2023-05-12T14:02:13.124+0000] {processor.py:809} INFO - DAG(s) dict_keys(['tutorial_dag']) retrieved from /home/airflow/.local/lib/python3.7/site-packages/airflow/example_dags/tutorial_dag.py
[2023-05-12T14:02:13.146+0000] {logging_mixin.py:149} INFO - [2023-05-12T14:02:13.146+0000] {dag.py:2726} INFO - Sync 1 DAGs
[2023-05-12T14:02:13.167+0000] {logging_mixin.py:149} INFO - [2023-05-12T14:02:13.167+0000] {dag.py:3490} INFO - Setting next_dagrun for tutorial_dag to None, run_after=None
[2023-05-12T14:02:13.186+0000] {processor.py:178} INFO - Processing /home/airflow/.local/lib/python3.7/site-packages/airflow/example_dags/tutorial_dag.py took 0.068 seconds
[2023-05-12T14:02:43.524+0000] {processor.py:156} INFO - Started process (PID=290) to work on /home/airflow/.local/lib/python3.7/site-packages/airflow/example_dags/tutorial_dag.py
[2023-05-12T14:02:43.525+0000] {processor.py:799} INFO - Processing file /home/airflow/.local/lib/python3.7/site-packages/airflow/example_dags/tutorial_dag.py for tasks to queue
[2023-05-12T14:02:43.525+0000] {logging_mixin.py:149} INFO - [2023-05-12T14:02:43.525+0000] {dagbag.py:541} INFO - Filling up the DagBag from /home/airflow/.local/lib/python3.7/site-packages/airflow/example_dags/tutorial_dag.py
[2023-05-12T14:02:43.529+0000] {processor.py:809} INFO - DAG(s) dict_keys(['tutorial_dag']) retrieved from /home/airflow/.local/lib/python3.7/site-packages/airflow/example_dags/tutorial_dag.py
[2023-05-12T14:02:43.551+0000] {logging_mixin.py:149} INFO - [2023-05-12T14:02:43.551+0000] {dag.py:2726} INFO - Sync 1 DAGs
[2023-05-12T14:02:43.573+0000] {logging_mixin.py:149} INFO - [2023-05-12T14:02:43.573+0000] {dag.py:3490} INFO - Setting next_dagrun for tutorial_dag to None, run_after=None
[2023-05-12T14:02:43.591+0000] {processor.py:178} INFO - Processing /home/airflow/.local/lib/python3.7/site-packages/airflow/example_dags/tutorial_dag.py took 0.069 seconds
[2023-05-12T14:03:13.654+0000] {processor.py:156} INFO - Started process (PID=350) to work on /home/airflow/.local/lib/python3.7/site-packages/airflow/example_dags/tutorial_dag.py
[2023-05-12T14:03:13.655+0000] {processor.py:799} INFO - Processing file /home/airflow/.local/lib/python3.7/site-packages/airflow/example_dags/tutorial_dag.py for tasks to queue
[2023-05-12T14:03:13.656+0000] {logging_mixin.py:149} INFO - [2023-05-12T14:03:13.656+0000] {dagbag.py:541} INFO - Filling up the DagBag from /home/airflow/.local/lib/python3.7/site-packages/airflow/example_dags/tutorial_dag.py
[2023-05-12T14:03:13.659+0000] {processor.py:809} INFO - DAG(s) dict_keys(['tutorial_dag']) retrieved from /home/airflow/.local/lib/python3.7/site-packages/airflow/example_dags/tutorial_dag.py
[2023-05-12T14:03:13.680+0000] {logging_mixin.py:149} INFO - [2023-05-12T14:03:13.680+0000] {dag.py:2726} INFO - Sync 1 DAGs
[2023-05-12T14:03:13.699+0000] {logging_mixin.py:149} INFO - [2023-05-12T14:03:13.699+0000] {dag.py:3490} INFO - Setting next_dagrun for tutorial_dag to None, run_after=None
[2023-05-12T14:03:13.716+0000] {processor.py:178} INFO - Processing /home/airflow/.local/lib/python3.7/site-packages/airflow/example_dags/tutorial_dag.py took 0.064 seconds
[2023-05-12T14:03:43.967+0000] {processor.py:156} INFO - Started process (PID=409) to work on /home/airflow/.local/lib/python3.7/site-packages/airflow/example_dags/tutorial_dag.py
[2023-05-12T14:03:43.967+0000] {processor.py:799} INFO - Processing file /home/airflow/.local/lib/python3.7/site-packages/airflow/example_dags/tutorial_dag.py for tasks to queue
[2023-05-12T14:03:43.968+0000] {logging_mixin.py:149} INFO - [2023-05-12T14:03:43.968+0000] {dagbag.py:541} INFO - Filling up the DagBag from /home/airflow/.local/lib/python3.7/site-packages/airflow/example_dags/tutorial_dag.py
[2023-05-12T14:03:43.971+0000] {processor.py:809} INFO - DAG(s) dict_keys(['tutorial_dag']) retrieved from /home/airflow/.local/lib/python3.7/site-packages/airflow/example_dags/tutorial_dag.py
[2023-05-12T14:03:43.992+0000] {logging_mixin.py:149} INFO - [2023-05-12T14:03:43.992+0000] {dag.py:2726} INFO - Sync 1 DAGs
[2023-05-12T14:03:44.013+0000] {logging_mixin.py:149} INFO - [2023-05-12T14:03:44.013+0000] {dag.py:3490} INFO - Setting next_dagrun for tutorial_dag to None, run_after=None
[2023-05-12T14:03:44.030+0000] {processor.py:178} INFO - Processing /home/airflow/.local/lib/python3.7/site-packages/airflow/example_dags/tutorial_dag.py took 0.066 seconds
[2023-05-12T14:04:14.293+0000] {processor.py:156} INFO - Started process (PID=470) to work on /home/airflow/.local/lib/python3.7/site-packages/airflow/example_dags/tutorial_dag.py
[2023-05-12T14:04:14.294+0000] {processor.py:799} INFO - Processing file /home/airflow/.local/lib/python3.7/site-packages/airflow/example_dags/tutorial_dag.py for tasks to queue
[2023-05-12T14:04:14.295+0000] {logging_mixin.py:149} INFO - [2023-05-12T14:04:14.295+0000] {dagbag.py:541} INFO - Filling up the DagBag from /home/airflow/.local/lib/python3.7/site-packages/airflow/example_dags/tutorial_dag.py
[2023-05-12T14:04:14.299+0000] {processor.py:809} INFO - DAG(s) dict_keys(['tutorial_dag']) retrieved from /home/airflow/.local/lib/python3.7/site-packages/airflow/example_dags/tutorial_dag.py
[2023-05-12T14:04:14.321+0000] {logging_mixin.py:149} INFO - [2023-05-12T14:04:14.320+0000] {dag.py:2726} INFO - Sync 1 DAGs
[2023-05-12T14:04:14.342+0000] {logging_mixin.py:149} INFO - [2023-05-12T14:04:14.342+0000] {dag.py:3490} INFO - Setting next_dagrun for tutorial_dag to None, run_after=None
[2023-05-12T14:04:14.360+0000] {processor.py:178} INFO - Processing /home/airflow/.local/lib/python3.7/site-packages/airflow/example_dags/tutorial_dag.py took 0.070 seconds
